2021-07-29 05:00:57.722 | INFO     | BL.bot.SwT:<module>:66 - Running in test mode: True
2021-07-29 05:00:57.722 | INFO     | BL.bot.SwT:<module>:67 - Running on selected quote currencies: ['USDT']
2021-07-29 05:00:57.723 | INFO     | BL.bot.SwT:<module>:68 - Always generate ST long buy signal: False
2021-07-29 05:00:57.723 | INFO     | BL.bot.SwT:<module>:69 - Always generate ST short sell signal: True
2021-07-29 05:01:04.200 | DEBUG    | BL.bot.SwT:startBot:292 - Limited markets to quote currencies. Running on 21 markets
2021-07-29 05:02:13.129 | DEBUG    | BL.indicator.st:compute:117 - [0, 0, 0, -1, 0]
short_stop:[0.15088784 0.15088784 0.15088784 0.14979128 0.14888985]
long_stop:[0.1478968  0.1478968  0.1478968  0.1478968  0.14587893]
2021-07-29 05:02:31.321 | DEBUG    | BL.indicator.st:compute:117 - [0, 0, 0, 0, 0]
short_stop:[48.90482182 48.90482182 48.90482182 48.90482182 48.90482182]
long_stop:[49.40408261 49.40408261 49.40408261 49.40408261 49.40408261]
2021-07-29 05:02:31.942 | DEBUG    | BL.indicator.st:compute:117 - [0, 1, 0, 0, 0]
short_stop:[0.11799566 0.11799566 0.11799566 0.11799566 0.11799566]
long_stop:[0.11931164 0.12431891 0.12431891 0.12431891 0.12431891]
2021-07-29 05:02:33.945 | DEBUG    | BL.indicator.st:compute:117 - [0, 0, 0, -1, 0]
short_stop:[0.15088784 0.15088784 0.15088784 0.14979128 0.14943001]
long_stop:[0.1478968  0.1478968  0.1478968  0.1478968  0.14638887]
2021-07-29 05:02:37.319 | DEBUG    | BL.indicator.st:compute:117 - [0, 0, 0, -1, 0]
short_stop:[0.15088784 0.15088784 0.15088784 0.14979128 0.14943001]
long_stop:[0.1478968  0.1478968  0.1478968  0.1478968  0.14638887]
2021-07-29 05:02:42.185 | DEBUG    | BL.indicator.st:compute:117 - [0, 0, 0, -1, 0]
short_stop:[0.15088784 0.15088784 0.15088784 0.14979128 0.14943001]
long_stop:[0.1478968  0.1478968  0.1478968  0.1478968  0.14638887]
2021-07-29 05:02:43.238 | DEBUG    | BL.indicator.st:compute:117 - [0, 0, 0, -1, 0]
short_stop:[0.15088784 0.15088784 0.15088784 0.14979128 0.14943001]
long_stop:[0.1478968  0.1478968  0.1478968  0.1478968  0.14638887]
2021-07-29 05:02:45.139 | DEBUG    | BL.indicator.st:compute:117 - [0, 0, 0, -1, 0]
short_stop:[0.15088784 0.15088784 0.15088784 0.14979128 0.1494451 ]
long_stop:[0.1478968  0.1478968  0.1478968  0.1478968  0.14637378]
2021-07-29 05:03:39.132 | DEBUG    | BL.indicator.st:compute:117 - [0, 0, 0, 0, 0]
short_stop:[139.8242363  141.30741461 141.30741461 141.19360497 141.19360497]
long_stop:[139.56963839 140.06754079 140.06754079 140.06754079 140.06754079]
2021-07-29 05:04:49.464 | DEBUG    | BL.indicator.st:compute:117 - [0, 0, 0, 0, 0]
short_stop:[2.81730195 2.81730195 2.81730195 2.81730195 2.81730195]
long_stop:[2.80094465 2.80094465 2.80094465 2.80094465 2.80094465]
2021-07-29 05:05:11.035 | DEBUG    | BL.indicator.st:compute:117 - [0, 0, 0, 0, 0]
short_stop:[1.28139747 1.28139747 1.29395146 1.29395146 1.29395146]
long_stop:[1.2832231 1.2832231 1.2832231 1.2832231 1.2832231]
2021-07-29 05:05:11.042 | DEBUG    | BL.indicator.st:compute:117 - [0, 0, 0, 0, 0]
short_stop:[141.30741461 141.30741461 141.19360497 141.19360497 141.19360497]
long_stop:[140.06754079 140.06754079 140.06754079 140.06754079 140.06754079]
2021-07-29 05:05:11.050 | DEBUG    | BL.indicator.st:compute:117 - [0, 0, 0, 0, 0]
short_stop:[37.92444101 37.92444101 37.92444101 37.92444101 37.92444101]
long_stop:[37.74836592 37.74836592 37.74836592 37.74836592 37.74836592]
2021-07-29 05:05:11.057 | DEBUG    | BL.indicator.st:compute:117 - [0, 0, -1, 0, 0]
short_stop:[0.15088784 0.15088784 0.14979128 0.1494451  0.1494451 ]
long_stop:[0.1478968  0.1478968  0.1478968  0.14637378 0.14637378]
2021-07-29 05:05:11.065 | DEBUG    | BL.indicator.st:compute:117 - [0, 0, 0, 0, 0]
short_stop:[1.02573191 1.02573191 1.02573191 1.02573191 1.02573191]
long_stop:[1.01726809 1.01726809 1.01726809 1.01726809 1.01726809]
2021-07-29 05:05:11.092 | DEBUG    | BL.indicator.st:compute:117 - [0, 0, 0, 0, 0]
short_stop:[0.20656798 0.20656798 0.20656798 0.20656798 0.20656798]
long_stop:[0.20550661 0.20550661 0.20550661 0.20550661 0.20550661]
2021-07-29 05:05:11.100 | DEBUG    | BL.indicator.st:compute:117 - [0, 0, 0, 0, 0]
short_stop:[0.16462565 0.16462565 0.16462565 0.16462565 0.16462565]
long_stop:[0.16307435 0.16307435 0.16307435 0.16307435 0.16307435]
2021-07-29 05:05:11.107 | DEBUG    | BL.indicator.st:compute:117 - [0, 0, 0, 0, 0]
short_stop:[0.2712551  0.27115634 0.27041001 0.27041001 0.27041001]
long_stop:[0.2687449 0.2687449 0.2687449 0.2687449 0.2687449]
2021-07-29 05:05:11.138 | DEBUG    | BL.indicator.st:compute:117 - [0, 0, 0, 0, 0]
short_stop:[2.81730195 2.81730195 2.81730195 2.81730195 2.81730195]
long_stop:[2.80094465 2.80094465 2.80094465 2.80094465 2.80094465]
2021-07-29 05:05:11.155 | DEBUG    | BL.indicator.st:compute:117 - [0, 0, 0, 0, 0]
short_stop:[0.04664281 0.04664281 0.04664281 0.04664281 0.04664281]
long_stop:[0.04635719 0.04635719 0.04635719 0.04635719 0.04635719]
2021-07-29 05:05:11.265 | DEBUG    | BL.indicator.st:compute:117 - [0, 0, 0, 0, 0]
short_stop:[15.5214719 15.5214719 15.5214719 15.5214719 15.5214719]
long_stop:[15.4245281 15.4245281 15.4245281 15.4245281 15.4245281]
2021-07-29 05:05:11.315 | DEBUG    | BL.indicator.st:compute:117 - [0, 0, 0, 0, 0]
short_stop:[0.72332608 0.72332608 0.72332608 0.72332608 0.72332608]
long_stop:[0.72087338 0.72087338 0.72087338 0.72087338 0.72087338]
2021-07-29 05:05:11.789 | DEBUG    | BL.indicator.st:compute:117 - [0, 0, 0, 0, 0]
short_stop:[nan nan nan nan nan]
long_stop:[nan nan nan nan nan]
2021-07-29 05:05:11.796 | DEBUG    | BL.indicator.st:compute:117 - [0, 0, 0, 0, 0]
short_stop:[141.97670456 141.97670456 141.97670456 141.97670456 141.97670456]
long_stop:[141.25680226 141.25680226 141.25680226 141.25680226 141.25680226]
2021-07-29 05:05:11.838 | DEBUG    | BL.indicator.st:compute:117 - [0, 0, 0, 0, 0]
short_stop:[2.76430541 2.76430541 2.76430541 2.76430541 2.76430541]
long_stop:[2.74369459 2.74369459 2.74369459 2.74369459 2.74369459]
2021-07-29 05:05:11.845 | DEBUG    | BL.indicator.st:compute:117 - [0, 0, 0, 0, 0]
short_stop:[0.99998485 0.99998485 0.99998485 0.99998485 0.99998485]
long_stop:[0.99894591 0.99894591 0.99894591 0.99894591 0.99894591]
2021-07-29 05:05:11.851 | DEBUG    | BL.indicator.st:compute:117 - [0, 0, 0, 0, 0]
short_stop:[0.58998146 0.58998146 0.58998146 0.58998146 0.58998146]
long_stop:[0.58683694 0.58683694 0.58683694 0.58683694 0.58683694]
2021-07-29 05:05:11.858 | DEBUG    | BL.indicator.st:compute:117 - [0, 0, 0, 0, 0]
short_stop:[20.56273748 20.56273748 20.56273748 20.56273748 20.56273748]
long_stop:[20.38126252 20.38126252 20.38126252 20.38126252 20.38126252]
2021-07-29 05:05:11.867 | DEBUG    | BL.indicator.st:compute:117 - [0, 0, 0, 0, 0]
short_stop:[0.99962996 0.99962996 0.99962996 0.99962996 0.99962996]
long_stop:[0.99937004 0.99937004 0.99937004 0.99937004 0.99937004]
2021-07-29 05:05:11.903 | DEBUG    | BL.indicator.st:compute:117 - [1, 0, 0, 0, 0]
short_stop:[0.11799566 0.11799566 0.11799566 0.11799566 0.11799566]
long_stop:[0.12431891 0.12431891 0.12431891 0.12431891 0.12431891]
2021-07-29 05:05:11.910 | DEBUG    | BL.indicator.st:compute:117 - [0, 0, 0, 0, 0]
short_stop:[48.90482182 48.90482182 48.90482182 48.90482182 48.90482182]
long_stop:[49.40408261 49.40408261 49.40408261 49.40408261 49.40408261]
2021-07-29 05:05:18.247 | DEBUG    | BL.indicator.st:compute:117 - [0, 0, -1, 0, 0]
short_stop:[0.15088784 0.15088784 0.14979128 0.1494451  0.1494451 ]
long_stop:[0.1478968  0.1478968  0.1478968  0.14637378 0.14637378]
2021-07-29 05:05:39.350 | DEBUG    | BL.indicator.st:compute:117 - [0, 0, 0, 0, 0]
short_stop:[0.2712551  0.27115634 0.27041001 0.27041001 0.27041001]
long_stop:[0.2687449 0.2687449 0.2687449 0.2687449 0.2687449]
2021-07-29 05:05:47.943 | DEBUG    | BL.indicator.st:compute:117 - [0, 0, -1, 0, 0]
short_stop:[0.15088784 0.15088784 0.14979128 0.1494451  0.1494451 ]
long_stop:[0.1478968  0.1478968  0.1478968  0.14637378 0.14637378]
2021-07-29 05:05:49.168 | DEBUG    | BL.indicator.st:compute:117 - [0, 0, -1, 0, 0]
short_stop:[0.15088784 0.15088784 0.14979128 0.1494451  0.1494451 ]
long_stop:[0.1478968  0.1478968  0.1478968  0.14637378 0.14705698]
2021-07-29 05:07:13.604 | DEBUG    | BL.indicator.st:compute:117 - [0, 0, 0, 0, 0]
short_stop:[1.02573191 1.02573191 1.02573191 1.02573191 1.02573191]
long_stop:[1.01726809 1.01726809 1.01726809 1.01726809 1.01726809]
2021-07-29 05:07:17.214 | DEBUG    | BL.indicator.st:compute:117 - [0, 0, -1, 0, 0]
short_stop:[0.15088784 0.15088784 0.14979128 0.1494451  0.1494451 ]
long_stop:[0.1478968  0.1478968  0.1478968  0.14637378 0.14705698]
2021-07-29 05:08:08.016 | DEBUG    | BL.indicator.st:compute:117 - [0, 0, 0, 0, 0]
short_stop:[141.30741461 141.30741461 141.19360497 141.19360497 141.19360497]
long_stop:[140.06754079 140.06754079 140.06754079 140.06754079 140.06754079]
2021-07-29 05:08:33.149 | DEBUG    | BL.indicator.st:compute:117 - [0, 0, 0, 0, 0]
short_stop:[1.28139747 1.28139747 1.29395146 1.29395146 1.29395146]
long_stop:[1.2832231 1.2832231 1.2832231 1.2832231 1.2832231]
2021-07-29 05:09:32.752 | DEBUG    | BL.indicator.st:compute:117 - [0, 0, 0, 0, 0]
short_stop:[0.20656798 0.20656798 0.20656798 0.20656798 0.20656798]
long_stop:[0.20550661 0.20550661 0.20550661 0.20550661 0.20550661]
2021-07-29 05:09:52.967 | DEBUG    | BL.indicator.st:compute:117 - [0, 0, 0, 0, 0]
short_stop:[0.20656798 0.20656798 0.20656798 0.20656798 0.20656798]
long_stop:[0.20550661 0.20550661 0.20550661 0.20550661 0.20550661]
2021-07-29 05:09:54.112 | DEBUG    | BL.indicator.st:compute:117 - [0, 0, 0, 0, 0]
short_stop:[0.20656798 0.20656798 0.20656798 0.20656798 0.20656798]
long_stop:[0.20550661 0.20550661 0.20550661 0.20550661 0.20550661]
2021-07-29 05:10:04.407 | DEBUG    | BL.indicator.st:compute:117 - [0, 0, 0, 0, -1]
short_stop:[0.20656798 0.20656798 0.20656798 0.20656798 0.20649926]
long_stop:[0.20550661 0.20550661 0.20550661 0.20550661 0.20550661]
2021-07-29 05:10:11.116 | DEBUG    | BL.indicator.st:compute:117 - [0, 0, 0, 0, 0]
short_stop:[141.30741461 141.19360497 141.19360497 141.19360497 141.19360497]
long_stop:[140.06754079 140.06754079 140.06754079 140.06754079 140.06754079]
2021-07-29 05:10:11.124 | DEBUG    | BL.indicator.st:compute:117 - [0, -1, 0, 0, 0]
short_stop:[0.15088784 0.14979128 0.1494451  0.1494451  0.1494451 ]
long_stop:[0.1478968  0.1478968  0.14637378 0.14705698 0.14705698]
2021-07-29 05:10:11.165 | DEBUG    | BL.indicator.st:compute:117 - [0, 0, 0, 0, 0]
short_stop:[37.92444101 37.92444101 37.92444101 37.92444101 37.92444101]
long_stop:[37.74836592 37.74836592 37.74836592 37.74836592 37.74836592]
2021-07-29 05:10:11.178 | DEBUG    | BL.indicator.st:compute:117 - [0, 0, 0, 0, 0]
short_stop:[1.28139747 1.29395146 1.29395146 1.29395146 1.29395146]
long_stop:[1.2832231 1.2832231 1.2832231 1.2832231 1.2832231]
2021-07-29 05:10:11.190 | DEBUG    | BL.indicator.st:compute:117 - [0, 0, 0, 0, 0]
short_stop:[1.02573191 1.02573191 1.02573191 1.02573191 1.02573191]
long_stop:[1.01726809 1.01726809 1.01726809 1.01726809 1.01726809]
2021-07-29 05:10:11.197 | DEBUG    | BL.indicator.st:compute:117 - [0, 0, 0, -1, 0]
short_stop:[0.20656798 0.20656798 0.20656798 0.20649926 0.20649926]
long_stop:[0.20550661 0.20550661 0.20550661 0.20550661 0.20550661]
2021-07-29 05:10:11.207 | DEBUG    | BL.indicator.st:compute:117 - [0, 0, 0, 0, 0]
short_stop:[0.16462565 0.16462565 0.16462565 0.16462565 0.16462565]
long_stop:[0.16307435 0.16307435 0.16307435 0.16307435 0.16307435]
2021-07-29 05:10:11.246 | DEBUG    | BL.indicator.st:compute:117 - [0, 0, 0, 0, 0]
short_stop:[0.27115634 0.27041001 0.27041001 0.27041001 0.27041001]
long_stop:[0.2687449 0.2687449 0.2687449 0.2687449 0.2687449]
2021-07-29 05:10:11.260 | DEBUG    | BL.indicator.st:compute:117 - [0, 0, 0, 0, 0]
short_stop:[2.81730195 2.81730195 2.81730195 2.81730195 2.81730195]
long_stop:[2.80094465 2.80094465 2.80094465 2.80094465 2.80094465]
2021-07-29 05:10:11.268 | DEBUG    | BL.indicator.st:compute:117 - [0, 0, 0, 0, 0]
short_stop:[0.04664281 0.04664281 0.04664281 0.04664281 0.04664281]
long_stop:[0.04635719 0.04635719 0.04635719 0.04635719 0.04635719]
2021-07-29 05:10:11.290 | DEBUG    | BL.indicator.st:compute:117 - [0, 0, 0, 0, 0]
short_stop:[15.5214719 15.5214719 15.5214719 15.5214719 15.5214719]
long_stop:[15.4245281 15.4245281 15.4245281 15.4245281 15.4245281]
2021-07-29 05:10:11.328 | DEBUG    | BL.indicator.st:compute:117 - [0, 0, 0, 0, 0]
short_stop:[0.72332608 0.72332608 0.72332608 0.72332608 0.72332608]
long_stop:[0.72087338 0.72087338 0.72087338 0.72087338 0.72087338]
2021-07-29 05:10:11.353 | DEBUG    | BL.indicator.st:compute:117 - [0, 0, 0, 0, 0]
short_stop:[2.76430541 2.76430541 2.76430541 2.76430541 2.76430541]
long_stop:[2.74369459 2.74369459 2.74369459 2.74369459 2.74369459]
2021-07-29 05:10:11.360 | DEBUG    | BL.indicator.st:compute:117 - [0, 0, 0, 0, 0]
short_stop:[141.97670456 141.97670456 141.97670456 141.97670456 141.97670456]
long_stop:[141.25680226 141.25680226 141.25680226 141.25680226 141.25680226]
2021-07-29 05:10:11.368 | DEBUG    | BL.indicator.st:compute:117 - [0, 0, 0, 0, 0]
short_stop:[0.99998485 0.99998485 0.99998485 0.99998485 0.99998485]
long_stop:[0.99894591 0.99894591 0.99894591 0.99894591 0.99894591]
2021-07-29 05:10:11.375 | DEBUG    | BL.indicator.st:compute:117 - [0, 0, 0, 0, 0]
short_stop:[0.58998146 0.58998146 0.58998146 0.58998146 0.58998146]
long_stop:[0.58683694 0.58683694 0.58683694 0.58683694 0.58683694]
2021-07-29 05:10:11.387 | DEBUG    | BL.indicator.st:compute:117 - [0, 0, 0, 0, 0]
short_stop:[nan nan nan nan nan]
long_stop:[nan nan nan nan nan]
2021-07-29 05:10:11.394 | DEBUG    | BL.indicator.st:compute:117 - [0, 0, 0, 0, 0]
short_stop:[20.56273748 20.56273748 20.56273748 20.56273748 20.56273748]
long_stop:[20.38126252 20.38126252 20.38126252 20.38126252 20.38126252]
2021-07-29 05:10:11.436 | DEBUG    | BL.indicator.st:compute:117 - [0, 0, 0, 0, 0]
short_stop:[0.99962996 0.99962996 0.99962996 0.99962996 0.99962996]
long_stop:[0.99937004 0.99937004 0.99937004 0.99937004 0.99937004]
2021-07-29 05:10:12.141 | DEBUG    | BL.indicator.st:compute:117 - [0, 0, 0, 0, 0]
short_stop:[48.90482182 48.90482182 48.90482182 48.90482182 48.90482182]
long_stop:[49.40408261 49.40408261 49.40408261 49.40408261 49.40408261]
2021-07-29 05:10:12.148 | DEBUG    | BL.indicator.st:compute:117 - [0, 0, 0, 0, 0]
short_stop:[0.11799566 0.11799566 0.11799566 0.11799566 0.11799566]
long_stop:[0.12431891 0.12431891 0.12431891 0.12431891 0.12431891]
2021-07-29 05:10:28.244 | DEBUG    | BL.indicator.st:compute:117 - [0, 0, 0, 0, 0]
short_stop:[141.30741461 141.19360497 141.19360497 141.19360497 141.19360497]
long_stop:[140.06754079 140.06754079 140.06754079 140.06754079 140.06754079]
2021-07-29 05:13:42.632 | DEBUG    | BL.indicator.st:compute:117 - [0, 0, 0, 0, 0]
short_stop:[2.81730195 2.81730195 2.81730195 2.81730195 2.81730195]
long_stop:[2.80094465 2.80094465 2.80094465 2.80094465 2.80094465]
2021-07-29 05:14:05.910 | DEBUG    | BL.indicator.st:compute:117 - [0, 0, 0, 0, 0]
short_stop:[0.27115634 0.27041001 0.27041001 0.27041001 0.27041001]
long_stop:[0.2687449 0.2687449 0.2687449 0.2687449 0.2687449]
2021-07-29 05:14:10.238 | DEBUG    | BL.indicator.st:compute:117 - [0, 0, 0, 0, 0]
short_stop:[2.81730195 2.81730195 2.81730195 2.81730195 2.83652157]
long_stop:[2.80094465 2.80094465 2.80094465 2.80094465 2.81895509]
2021-07-29 05:14:40.418 | DEBUG    | BL.indicator.st:compute:117 - [0, 0, 0, 0, 0]
short_stop:[1.28139747 1.29395146 1.29395146 1.29395146 1.29395146]
long_stop:[1.2832231 1.2832231 1.2832231 1.2832231 1.2832231]
2021-07-29 05:14:41.746 | DEBUG    | BL.indicator.st:compute:117 - [0, 0, 0, 0, 0]
short_stop:[1.28139747 1.29395146 1.29395146 1.29395146 1.28790663]
long_stop:[1.2832231  1.2832231  1.2832231  1.2832231  1.27462933]
2021-07-29 05:14:43.504 | DEBUG    | BL.indicator.st:compute:117 - [0, 0, 0, 0, 0]
short_stop:[1.28139747 1.29395146 1.29395146 1.29395146 1.28790664]
long_stop:[1.2832231  1.2832231  1.2832231  1.2832231  1.27462934]
2021-07-29 05:14:51.888 | DEBUG    | BL.indicator.st:compute:117 - [0, 0, 0, 0, 0]
short_stop:[1.28139747 1.29395146 1.29395146 1.29395146 1.28790664]
long_stop:[1.2832231  1.2832231  1.2832231  1.2832231  1.27462934]
2021-07-29 05:14:52.632 | DEBUG    | BL.indicator.st:compute:117 - [0, 0, 0, 0, 0]
short_stop:[1.28139747 1.29395146 1.29395146 1.29395146 1.28790664]
long_stop:[1.2832231  1.2832231  1.2832231  1.2832231  1.27462934]
2021-07-29 05:14:55.849 | DEBUG    | BL.indicator.st:compute:117 - [0, 0, 0, 0, 0]
short_stop:[1.28139747 1.29395146 1.29395146 1.29395146 1.28790664]
long_stop:[1.2832231  1.2832231  1.2832231  1.2832231  1.27462934]
2021-07-29 05:15:09.632 | DEBUG    | BL.indicator.st:compute:117 - [0, 0, 0, 0, 0]
short_stop:[141.19360497 141.19360497 141.19360497 141.19360497 141.19360497]
long_stop:[140.06754079 140.06754079 140.06754079 140.06754079 140.06754079]
2021-07-29 05:15:09.641 | DEBUG    | BL.indicator.st:compute:117 - [-1, 0, 0, 0, 0]
short_stop:[0.14979128 0.1494451  0.1494451  0.1494451  0.1494451 ]
long_stop:[0.1478968  0.14637378 0.14705698 0.14705698 0.14705698]
2021-07-29 05:15:09.699 | DEBUG    | BL.indicator.st:compute:117 - [0, 0, 0, 0, 0]
short_stop:[37.92444101 37.92444101 37.92444101 37.92444101 37.92444101]
long_stop:[37.74836592 37.74836592 37.74836592 37.74836592 37.74836592]
2021-07-29 05:15:09.742 | DEBUG    | BL.indicator.st:compute:117 - [0, 0, 0, 0, 0]
short_stop:[1.29395146 1.29395146 1.29395146 1.28790664 1.28790664]
long_stop:[1.2832231  1.2832231  1.2832231  1.27462934 1.27462934]
2021-07-29 05:15:09.749 | DEBUG    | BL.indicator.st:compute:117 - [0, 0, 0, 0, 0]
short_stop:[1.02573191 1.02573191 1.02573191 1.02573191 1.02573191]
long_stop:[1.01726809 1.01726809 1.01726809 1.01726809 1.01726809]
2021-07-29 05:15:09.756 | DEBUG    | BL.indicator.st:compute:117 - [0, 0, -1, 0, 0]
short_stop:[0.20656798 0.20656798 0.20649926 0.20649926 0.20649926]
long_stop:[0.20550661 0.20550661 0.20550661 0.20550661 0.20550661]
2021-07-29 05:15:09.764 | DEBUG    | BL.indicator.st:compute:117 - [0, 0, 0, 0, 0]
short_stop:[0.16462565 0.16462565 0.16462565 0.16462565 0.16462565]
long_stop:[0.16307435 0.16307435 0.16307435 0.16307435 0.16307435]
2021-07-29 05:15:09.772 | DEBUG    | BL.indicator.st:compute:117 - [0, 0, 0, 0, 0]
short_stop:[0.27041001 0.27041001 0.27041001 0.27041001 0.27041001]
long_stop:[0.2687449 0.2687449 0.2687449 0.2687449 0.2687449]
2021-07-29 05:15:10.223 | DEBUG    | BL.indicator.st:compute:117 - [0, 0, 0, 0, 0]
short_stop:[2.81730195 2.81730195 2.81730195 2.83652157 2.83652157]
long_stop:[2.80094465 2.80094465 2.80094465 2.81895509 2.81895509]
2021-07-29 05:15:10.231 | DEBUG    | BL.indicator.st:compute:117 - [0, 0, 0, 0, 0]
short_stop:[0.04664281 0.04664281 0.04664281 0.04664281 0.04664281]
long_stop:[0.04635719 0.04635719 0.04635719 0.04635719 0.04635719]
2021-07-29 05:15:10.482 | DEBUG    | BL.indicator.st:compute:117 - [0, 0, 0, 0, 0]
short_stop:[15.5214719 15.5214719 15.5214719 15.5214719 15.5214719]
long_stop:[15.4245281 15.4245281 15.4245281 15.4245281 15.4245281]
2021-07-29 05:15:10.489 | DEBUG    | BL.indicator.st:compute:117 - [0, 0, 0, 0, 0]
short_stop:[0.72332608 0.72332608 0.72332608 0.72332608 0.72332608]
long_stop:[0.72087338 0.72087338 0.72087338 0.72087338 0.72087338]
2021-07-29 05:15:10.498 | DEBUG    | BL.indicator.st:compute:117 - [0, 0, 0, 0, 0]
short_stop:[0.99998485 0.99998485 0.99998485 0.99998485 0.99998485]
long_stop:[0.99894591 0.99894591 0.99894591 0.99894591 0.99894591]
2021-07-29 05:15:10.504 | DEBUG    | BL.indicator.st:compute:117 - [0, 0, 0, 0, 0]
short_stop:[141.97670456 141.97670456 141.97670456 141.97670456 141.97670456]
long_stop:[141.25680226 141.25680226 141.25680226 141.25680226 141.25680226]
2021-07-29 05:15:10.511 | DEBUG    | BL.indicator.st:compute:117 - [0, 0, 0, 0, 0]
short_stop:[0.58998146 0.58998146 0.58998146 0.58998146 0.58998146]
long_stop:[0.58683694 0.58683694 0.58683694 0.58683694 0.58683694]
2021-07-29 05:15:10.519 | DEBUG    | BL.indicator.st:compute:117 - [0, 0, 0, 0, 0]
short_stop:[20.56273748 20.56273748 20.56273748 20.56273748 20.56273748]
long_stop:[20.38126252 20.38126252 20.38126252 20.38126252 20.38126252]
2021-07-29 05:15:10.528 | DEBUG    | BL.indicator.st:compute:117 - [0, 0, 0, 0, 0]
short_stop:[nan nan nan nan nan]
long_stop:[nan nan nan nan nan]
2021-07-29 05:15:10.538 | DEBUG    | BL.indicator.st:compute:117 - [0, 0, 0, 0, 0]
short_stop:[0.99962996 0.99962996 0.99962996 0.99962996 0.99962996]
long_stop:[0.99937004 0.99937004 0.99937004 0.99937004 0.99937004]
2021-07-29 05:15:10.545 | DEBUG    | BL.indicator.st:compute:117 - [0, 0, 0, 0, 0]
short_stop:[2.76430541 2.76430541 2.76430541 2.76430541 2.76430541]
long_stop:[2.74369459 2.74369459 2.74369459 2.74369459 2.74369459]
2021-07-29 05:15:10.582 | DEBUG    | BL.indicator.st:compute:117 - [0, 0, 0, 0, 0]
short_stop:[48.90482182 48.90482182 48.90482182 48.90482182 48.90482182]
long_stop:[49.40408261 49.40408261 49.40408261 49.40408261 49.40408261]
2021-07-29 05:15:10.590 | DEBUG    | BL.indicator.st:compute:117 - [0, 0, 0, 0, 0]
short_stop:[0.11799566 0.11799566 0.11799566 0.11799566 0.11799566]
long_stop:[0.12431891 0.12431891 0.12431891 0.12431891 0.12431891]
2021-07-29 05:15:46.301 | DEBUG    | BL.indicator.st:compute:117 - [0, 0, 0, 0, 0]
short_stop:[48.90482182 48.90482182 48.90482182 48.90482182 48.90482182]
long_stop:[49.40408261 49.40408261 49.40408261 49.40408261 49.40408261]
2021-07-29 05:15:51.183 | DEBUG    | BL.indicator.st:compute:117 - [0, 0, 0, 0, 0]
short_stop:[37.92444101 37.92444101 37.92444101 37.92444101 37.92444101]
long_stop:[37.74836592 37.74836592 37.74836592 37.74836592 37.74836592]
2021-07-29 05:16:30.432 | DEBUG    | BL.indicator.st:compute:117 - [0, 0, -1, 0, 0]
short_stop:[0.20656798 0.20656798 0.20649926 0.20649926 0.20649926]
long_stop:[0.20550661 0.20550661 0.20550661 0.20550661 0.20550661]
2021-07-29 05:17:04.814 | DEBUG    | BL.indicator.st:compute:117 - [0, 0, -1, 0, 0]
short_stop:[0.20656798 0.20656798 0.20649926 0.20649926 0.20649926]
long_stop:[0.20550661 0.20550661 0.20550661 0.20550661 0.204967  ]
2021-07-29 05:17:08.051 | DEBUG    | BL.indicator.st:compute:117 - [0, 0, -1, 0, 0]
short_stop:[0.20656798 0.20656798 0.20649926 0.20649926 0.20649926]
long_stop:[0.20550661 0.20550661 0.20550661 0.20550661 0.204967  ]
2021-07-29 05:17:54.074 | DEBUG    | BL.indicator.st:compute:117 - [0, 0, -1, 0, 0]
short_stop:[0.20656798 0.20656798 0.20649926 0.20649926 0.20649926]
long_stop:[0.20550661 0.20550661 0.20550661 0.20550661 0.204967  ]
2021-07-29 05:19:17.655 | DEBUG    | BL.indicator.st:compute:117 - [0, 0, 0, 0, 0]
short_stop:[1.29395146 1.29395146 1.29395146 1.28790664 1.28790664]
long_stop:[1.2832231  1.2832231  1.2832231  1.27462934 1.27462934]
2021-07-29 05:20:09.886 | DEBUG    | BL.indicator.st:compute:117 - [0, 0, 0, 0, 0]
short_stop:[141.19360497 141.19360497 141.19360497 141.19360497 141.19360497]
long_stop:[140.06754079 140.06754079 140.06754079 140.06754079 140.06754079]
2021-07-29 05:20:09.896 | DEBUG    | BL.indicator.st:compute:117 - [0, 0, 0, 0, 0]
short_stop:[0.1494451 0.1494451 0.1494451 0.1494451 0.1494451]
long_stop:[0.14637378 0.14705698 0.14705698 0.14705698 0.14705698]
2021-07-29 05:20:09.903 | DEBUG    | BL.indicator.st:compute:117 - [0, 0, 0, 0, 0]
short_stop:[37.92444101 37.92444101 37.92444101 37.92444101 37.92444101]
long_stop:[37.74836592 37.74836592 37.74836592 37.74836592 37.74836592]
2021-07-29 05:20:09.928 | DEBUG    | BL.indicator.st:compute:117 - [0, 0, 0, 0, 0]
short_stop:[1.02573191 1.02573191 1.02573191 1.02573191 1.02573191]
long_stop:[1.01726809 1.01726809 1.01726809 1.01726809 1.01726809]
2021-07-29 05:20:09.935 | DEBUG    | BL.indicator.st:compute:117 - [0, 0, 0, 0, 0]
short_stop:[1.29395146 1.29395146 1.28790664 1.28790664 1.28790664]
long_stop:[1.2832231  1.2832231  1.27462934 1.27462934 1.27462934]
2021-07-29 05:20:09.943 | DEBUG    | BL.indicator.st:compute:117 - [0, -1, 0, 0, 0]
short_stop:[0.20656798 0.20649926 0.20649926 0.20649926 0.20649926]
long_stop:[0.20550661 0.20550661 0.20550661 0.204967   0.204967  ]
2021-07-29 05:20:09.950 | DEBUG    | BL.indicator.st:compute:117 - [0, 0, 0, 0, 0]
short_stop:[0.27041001 0.27041001 0.27041001 0.27041001 0.27041001]
long_stop:[0.2687449 0.2687449 0.2687449 0.2687449 0.2687449]
2021-07-29 05:20:09.958 | DEBUG    | BL.indicator.st:compute:117 - [0, 0, 0, 0, 0]
short_stop:[0.16462565 0.16462565 0.16462565 0.16462565 0.16462565]
long_stop:[0.16307435 0.16307435 0.16307435 0.16307435 0.16307435]
2021-07-29 05:20:09.988 | DEBUG    | BL.indicator.st:compute:117 - [0, 0, 0, 0, 0]
short_stop:[2.81730195 2.81730195 2.83652157 2.83652157 2.83652157]
long_stop:[2.80094465 2.80094465 2.81895509 2.81895509 2.81895509]
2021-07-29 05:20:09.997 | DEBUG    | BL.indicator.st:compute:117 - [0, 0, 0, 0, 0]
short_stop:[0.04664281 0.04664281 0.04664281 0.04664281 0.04664281]
long_stop:[0.04635719 0.04635719 0.04635719 0.04635719 0.04635719]
2021-07-29 05:20:10.031 | DEBUG    | BL.indicator.st:compute:117 - [0, 0, 0, 0, 0]
short_stop:[15.5214719 15.5214719 15.5214719 15.5214719 15.5214719]
long_stop:[15.4245281 15.4245281 15.4245281 15.4245281 15.4245281]
2021-07-29 05:20:10.038 | DEBUG    | BL.indicator.st:compute:117 - [0, 0, 0, 0, 0]
short_stop:[0.72332608 0.72332608 0.72332608 0.72332608 0.72332608]
long_stop:[0.72087338 0.72087338 0.72087338 0.72087338 0.72087338]
2021-07-29 05:20:10.085 | DEBUG    | BL.indicator.st:compute:117 - [0, 0, 0, 0, 0]
short_stop:[2.76430541 2.76430541 2.76430541 2.76430541 2.76430541]
long_stop:[2.74369459 2.74369459 2.74369459 2.74369459 2.74369459]
2021-07-29 05:20:10.092 | DEBUG    | BL.indicator.st:compute:117 - [0, 0, 0, 0, 0]
short_stop:[0.99998485 0.99998485 0.99998485 0.99998485 0.99998485]
long_stop:[0.99894591 0.99894591 0.99894591 0.99894591 0.99894591]
2021-07-29 05:20:10.100 | DEBUG    | BL.indicator.st:compute:117 - [0, 0, 0, 0, 0]
short_stop:[141.97670456 141.97670456 141.97670456 141.97670456 141.97670456]
long_stop:[141.25680226 141.25680226 141.25680226 141.25680226 141.25680226]
2021-07-29 05:20:10.120 | DEBUG    | BL.indicator.st:compute:117 - [0, 0, 0, 0, 0]
short_stop:[0.58998146 0.58998146 0.58998146 0.58998146 0.58998146]
long_stop:[0.58683694 0.58683694 0.58683694 0.58683694 0.58683694]
2021-07-29 05:20:10.129 | DEBUG    | BL.indicator.st:compute:117 - [0, 0, 0, 0, 0]
short_stop:[20.56273748 20.56273748 20.56273748 20.56273748 20.56273748]
long_stop:[20.38126252 20.38126252 20.38126252 20.38126252 20.38126252]
2021-07-29 05:20:10.136 | DEBUG    | BL.indicator.st:compute:117 - [0, 0, 0, 0, 0]
short_stop:[nan nan nan nan nan]
long_stop:[nan nan nan nan nan]
2021-07-29 05:20:10.146 | DEBUG    | BL.indicator.st:compute:117 - [0, 0, 0, 0, 0]
short_stop:[0.99962996 0.99962996 0.99962996 0.99962996 0.99962996]
long_stop:[0.99937004 0.99937004 0.99937004 0.99937004 0.99937004]
2021-07-29 05:20:10.185 | DEBUG    | BL.indicator.st:compute:117 - [0, 0, 0, 0, 0]
short_stop:[48.90482182 48.90482182 48.90482182 48.90482182 48.90482182]
long_stop:[49.40408261 49.40408261 49.40408261 49.40408261 49.40408261]
2021-07-29 05:20:10.203 | DEBUG    | BL.indicator.st:compute:117 - [0, 0, 0, 0, 0]
short_stop:[0.11799566 0.11799566 0.11799566 0.11799566 0.11799566]
long_stop:[0.12431891 0.12431891 0.12431891 0.12431891 0.12431891]
2021-07-29 05:20:20.792 | DEBUG    | BL.indicator.st:compute:117 - [0, 0, 0, 0, 0]
short_stop:[0.04664281 0.04664281 0.04664281 0.04664281 0.04664281]
long_stop:[0.04635719 0.04635719 0.04635719 0.04635719 0.04635719]
2021-07-29 05:20:25.919 | DEBUG    | BL.indicator.st:compute:117 - [0, 0, 0, 0, 0]
short_stop:[0.72332608 0.72332608 0.72332608 0.72332608 0.72332608]
long_stop:[0.72087338 0.72087338 0.72087338 0.72087338 0.72323149]
2021-07-29 05:20:54.305 | DEBUG    | BL.indicator.st:compute:117 - [0, 0, 0, 0, 0]
short_stop:[0.72332608 0.72332608 0.72332608 0.72332608 0.72332608]
long_stop:[0.72087338 0.72087338 0.72087338 0.72087338 0.72360717]
2021-07-29 05:21:12.562 | DEBUG    | BL.indicator.st:compute:117 - [0, 0, 0, 0, 0]
short_stop:[0.27041001 0.27041001 0.27041001 0.27041001 0.27041001]
long_stop:[0.2687449 0.2687449 0.2687449 0.2687449 0.2687449]
2021-07-29 05:21:17.122 | DEBUG    | BL.indicator.st:compute:117 - [0, 0, 0, 0, 0]
short_stop:[141.19360497 141.19360497 141.19360497 141.19360497 141.19360497]
long_stop:[140.06754079 140.06754079 140.06754079 140.06754079 140.06754079]
2021-07-29 05:21:21.706 | DEBUG    | BL.indicator.st:compute:117 - [0, 0, 0, 0, 0]
short_stop:[15.5214719 15.5214719 15.5214719 15.5214719 15.5214719]
long_stop:[15.4245281 15.4245281 15.4245281 15.4245281 15.4245281]
2021-07-29 05:21:39.069 | DEBUG    | BL.indicator.st:compute:117 - [0, 0, 0, 0, 0]
short_stop:[1.02573191 1.02573191 1.02573191 1.02573191 1.02573191]
long_stop:[1.01726809 1.01726809 1.01726809 1.01726809 1.01726809]
2021-07-29 05:21:57.141 | DEBUG    | BL.indicator.st:compute:117 - [0, 0, 0, 0, 0]
short_stop:[141.19360497 141.19360497 141.19360497 141.19360497 141.03879253]
long_stop:[140.06754079 140.06754079 140.06754079 140.06754079 139.80048759]
2021-07-29 05:22:59.968 | DEBUG    | BL.indicator.st:compute:117 - [0, 0, 0, 0, 0]
short_stop:[0.72332608 0.72332608 0.72332608 0.72332608 0.72332608]
long_stop:[0.72087338 0.72087338 0.72087338 0.72087338 0.72360717]
2021-07-29 05:23:18.293 | DEBUG    | BL.indicator.st:compute:117 - [0, 0, 0, 0, 0]
short_stop:[1.29395146 1.29395146 1.28790664 1.28790664 1.28790664]
long_stop:[1.2832231  1.2832231  1.27462934 1.27462934 1.27542762]
2021-07-29 05:23:52.917 | DEBUG    | BL.indicator.st:compute:117 - [0, 0, 0, 0, 0]
short_stop:[0.27041001 0.27041001 0.27041001 0.27041001 0.27001012]
long_stop:[0.2687449  0.2687449  0.2687449  0.2687449  0.26754372]
2021-07-29 05:24:06.965 | DEBUG    | BL.indicator.st:compute:117 - [0, 0, 0, 0, 1]
short_stop:[0.04664281 0.04664281 0.04664281 0.04664281 0.04664281]
long_stop:[0.04635719 0.04635719 0.04635719 0.04635719 0.04691582]
2021-07-29 05:24:06.965 | DEBUG    | BL.bot.SwT:checkEntryForRbuy:3625 - ST signal
2021-07-29 05:24:06.965 | DEBUG    | BL.bot.SwT:runTradingAlgorithm:2131 - symbol: SOLVE-USDT conditions_r: [True, True, True, True, True, True, True]
2021-07-29 05:25:09.488 | DEBUG    | BL.indicator.st:compute:117 - [0, 0, 0, 0, 0]
short_stop:[141.19360497 141.19360497 141.19360497 141.03879253 141.03879253]
long_stop:[140.06754079 140.06754079 140.06754079 139.80048759 139.80048759]
2021-07-29 05:25:09.497 | DEBUG    | BL.indicator.st:compute:117 - [0, 0, 0, 0, 0]
short_stop:[0.1494451 0.1494451 0.1494451 0.1494451 0.1494451]
long_stop:[0.14705698 0.14705698 0.14705698 0.14705698 0.14705698]
2021-07-29 05:25:09.531 | DEBUG    | BL.indicator.st:compute:117 - [0, 0, 0, 0, 0]
short_stop:[37.92444101 37.92444101 37.92444101 37.92444101 37.92444101]
long_stop:[37.74836592 37.74836592 37.74836592 37.74836592 37.74836592]
2021-07-29 05:25:09.539 | DEBUG    | BL.indicator.st:compute:117 - [0, 0, 0, 0, 0]
short_stop:[1.29395146 1.28790664 1.28790664 1.28790664 1.28790664]
long_stop:[1.2832231  1.27462934 1.27462934 1.27542762 1.27542762]
2021-07-29 05:25:09.546 | DEBUG    | BL.indicator.st:compute:117 - [0, 0, 0, 0, 0]
short_stop:[1.02573191 1.02573191 1.02573191 1.02573191 1.02573191]
long_stop:[1.01726809 1.01726809 1.01726809 1.01726809 1.01726809]
2021-07-29 05:25:09.554 | DEBUG    | BL.indicator.st:compute:117 - [-1, 0, 0, 0, 0]
short_stop:[0.20649926 0.20649926 0.20649926 0.20649926 0.20649926]
long_stop:[0.20550661 0.20550661 0.204967   0.204967   0.204967  ]
2021-07-29 05:25:09.575 | DEBUG    | BL.indicator.st:compute:117 - [0, 0, 0, 0, 0]
short_stop:[0.27041001 0.27041001 0.27041001 0.27001012 0.27001012]
long_stop:[0.2687449  0.2687449  0.2687449  0.26754372 0.26754372]
2021-07-29 05:25:09.583 | DEBUG    | BL.indicator.st:compute:117 - [0, 0, 0, 0, 0]
short_stop:[0.16462565 0.16462565 0.16462565 0.16462565 0.16462565]
long_stop:[0.16307435 0.16307435 0.16307435 0.16307435 0.16307435]
2021-07-29 05:25:09.607 | DEBUG    | BL.indicator.st:compute:117 - [0, 0, 0, 0, 0]
short_stop:[2.81730195 2.83652157 2.83652157 2.83652157 2.83652157]
long_stop:[2.80094465 2.81895509 2.81895509 2.81895509 2.81895509]
2021-07-29 05:25:09.631 | DEBUG    | BL.indicator.st:compute:117 - [0, 0, 0, 1, 0]
short_stop:[0.04664281 0.04664281 0.04664281 0.04664281 0.04664281]
long_stop:[0.04635719 0.04635719 0.04635719 0.04691582 0.04691582]
2021-07-29 05:25:09.660 | DEBUG    | BL.indicator.st:compute:117 - [0, 0, 0, 0, 0]
short_stop:[15.5214719 15.5214719 15.5214719 15.5214719 15.5214719]
long_stop:[15.4245281 15.4245281 15.4245281 15.4245281 15.4245281]
2021-07-29 05:25:09.680 | DEBUG    | BL.indicator.st:compute:117 - [0, 0, 0, 0, 0]
short_stop:[0.72332608 0.72332608 0.72332608 0.72332608 0.72332608]
long_stop:[0.72087338 0.72087338 0.72087338 0.72360717 0.72360717]
2021-07-29 05:25:10.305 | DEBUG    | BL.indicator.st:compute:117 - [0, 0, 0, 0, 0]
short_stop:[0.99998485 0.99998485 0.99998485 0.99998485 0.99998485]
long_stop:[0.99894591 0.99894591 0.99894591 0.99894591 0.99894591]
2021-07-29 05:25:10.312 | DEBUG    | BL.indicator.st:compute:117 - [0, 0, 0, 0, 0]
short_stop:[141.97670456 141.97670456 141.97670456 141.97670456 141.97670456]
long_stop:[141.25680226 141.25680226 141.25680226 141.25680226 141.25680226]
2021-07-29 05:25:10.319 | DEBUG    | BL.indicator.st:compute:117 - [0, 0, 0, 0, 0]
short_stop:[0.58998146 0.58998146 0.58998146 0.58998146 0.58998146]
long_stop:[0.58683694 0.58683694 0.58683694 0.58683694 0.58683694]
2021-07-29 05:25:10.325 | DEBUG    | BL.indicator.st:compute:117 - [0, 0, 0, 0, 0]
short_stop:[20.56273748 20.56273748 20.56273748 20.56273748 20.56273748]
long_stop:[20.38126252 20.38126252 20.38126252 20.38126252 20.38126252]
2021-07-29 05:25:10.332 | DEBUG    | BL.indicator.st:compute:117 - [0, 0, 0, 0, 0]
short_stop:[nan nan nan nan nan]
long_stop:[nan nan nan nan nan]
2021-07-29 05:25:10.349 | DEBUG    | BL.indicator.st:compute:117 - [0, 0, 0, 0, 0]
short_stop:[2.76430541 2.76430541 2.76430541 2.76430541 2.76430541]
long_stop:[2.74369459 2.74369459 2.74369459 2.74369459 2.74369459]
2021-07-29 05:25:10.356 | DEBUG    | BL.indicator.st:compute:117 - [0, 0, 0, 0, 0]
short_stop:[0.99962996 0.99962996 0.99962996 0.99962996 0.99962996]
long_stop:[0.99937004 0.99937004 0.99937004 0.99937004 0.99937004]
2021-07-29 05:25:10.387 | DEBUG    | BL.indicator.st:compute:117 - [0, 0, 0, 0, 0]
short_stop:[0.11799566 0.11799566 0.11799566 0.11799566 0.11799566]
long_stop:[0.12431891 0.12431891 0.12431891 0.12431891 0.12431891]
2021-07-29 05:25:10.401 | DEBUG    | BL.indicator.st:compute:117 - [0, 0, 0, 0, 0]
short_stop:[48.90482182 48.90482182 48.90482182 48.90482182 48.90482182]
long_stop:[49.40408261 49.40408261 49.40408261 49.40408261 49.40408261]
2021-07-29 05:25:15.792 | DEBUG    | BL.indicator.st:compute:117 - [-1, 0, 0, 0, 0]
short_stop:[0.20649926 0.20649926 0.20649926 0.20649926 0.20649926]
long_stop:[0.20550661 0.20550661 0.204967   0.204967   0.204967  ]
2021-07-29 05:25:45.411 | DEBUG    | BL.indicator.st:compute:117 - [0, 0, 0, 1, 0]
short_stop:[0.04664281 0.04664281 0.04664281 0.04664281 0.04664281]
long_stop:[0.04635719 0.04635719 0.04635719 0.04691582 0.04691582]
2021-07-29 05:25:46.274 | DEBUG    | BL.indicator.st:compute:117 - [-1, 0, 0, 0, 0]
short_stop:[0.20649926 0.20649926 0.20649926 0.20649926 0.20646844]
long_stop:[0.20550661 0.20550661 0.204967   0.204967   0.204967  ]
2021-07-29 05:25:58.687 | DEBUG    | BL.indicator.st:compute:117 - [0, 0, 0, 0, 0]
short_stop:[0.72332608 0.72332608 0.72332608 0.72332608 0.72332608]
long_stop:[0.72087338 0.72087338 0.72087338 0.72360717 0.72360717]
2021-07-29 05:26:19.527 | DEBUG    | BL.indicator.st:compute:117 - [0, 0, 0, 0, 0]
short_stop:[0.58998146 0.58998146 0.58998146 0.58998146 0.58998146]
long_stop:[0.58683694 0.58683694 0.58683694 0.58683694 0.58683694]
2021-07-29 05:27:13.500 | DEBUG    | BL.indicator.st:compute:117 - [0, 0, 0, 0, 0]
short_stop:[0.1494451 0.1494451 0.1494451 0.1494451 0.1494451]
long_stop:[0.14705698 0.14705698 0.14705698 0.14705698 0.14705698]
2021-07-29 05:27:21.454 | DEBUG    | BL.indicator.st:compute:117 - [0, 0, 0, 1, 0]
short_stop:[0.04664281 0.04664281 0.04664281 0.04664281 0.04664281]
long_stop:[0.04635719 0.04635719 0.04635719 0.04691582 0.04691582]
2021-07-29 05:27:49.600 | DEBUG    | BL.indicator.st:compute:117 - [0, 0, 0, 0, 0]
short_stop:[0.72332608 0.72332608 0.72332608 0.72332608 0.72522848]
long_stop:[0.72087338 0.72087338 0.72087338 0.72360717 0.72360717]
2021-07-29 05:27:51.580 | DEBUG    | BL.indicator.st:compute:117 - [0, 0, 0, 0, 0]
short_stop:[0.27041001 0.27041001 0.27041001 0.27001012 0.27001012]
long_stop:[0.2687449  0.2687449  0.2687449  0.26754372 0.26754372]
2021-07-29 05:28:35.433 | DEBUG    | BL.indicator.st:compute:117 - [-1, 0, 0, 0, 0]
short_stop:[0.20649926 0.20649926 0.20649926 0.20649926 0.20646844]
long_stop:[0.20550661 0.20550661 0.204967   0.204967   0.204967  ]
2021-07-29 05:30:10.262 | DEBUG    | BL.indicator.st:compute:117 - [0, 0, 0, 0, 0]
short_stop:[141.19360497 141.19360497 141.03879253 141.03879253 141.03879253]
long_stop:[140.06754079 140.06754079 139.80048759 139.80048759 139.80048759]
2021-07-29 05:30:10.270 | DEBUG    | BL.indicator.st:compute:117 - [0, 0, 0, 0, 0]
short_stop:[0.1494451 0.1494451 0.1494451 0.1494451 0.1494451]
long_stop:[0.14705698 0.14705698 0.14705698 0.14705698 0.14705698]
2021-07-29 05:30:10.291 | DEBUG    | BL.indicator.st:compute:117 - [0, 0, 0, 0, 0]
short_stop:[1.02573191 1.02573191 1.02573191 1.02573191 1.02573191]
long_stop:[1.01726809 1.01726809 1.01726809 1.01726809 1.01726809]
2021-07-29 05:30:10.300 | DEBUG    | BL.indicator.st:compute:117 - [0, 0, 0, 0, 0]
short_stop:[37.92444101 37.92444101 37.92444101 37.92444101 37.92444101]
long_stop:[37.74836592 37.74836592 37.74836592 37.74836592 37.74836592]
2021-07-29 05:30:10.308 | DEBUG    | BL.indicator.st:compute:117 - [0, 0, 0, 0, 0]
short_stop:[1.28790664 1.28790664 1.28790664 1.28790664 1.28790664]
long_stop:[1.27462934 1.27462934 1.27542762 1.27542762 1.27542762]
2021-07-29 05:30:10.315 | DEBUG    | BL.indicator.st:compute:117 - [0, 0, 0, 0, 0]
short_stop:[0.20649926 0.20649926 0.20649926 0.20646844 0.20646844]
long_stop:[0.20550661 0.204967   0.204967   0.204967   0.204967  ]
2021-07-29 05:30:10.323 | DEBUG    | BL.indicator.st:compute:117 - [0, 0, 0, 0, 0]
short_stop:[0.16462565 0.16462565 0.16462565 0.16462565 0.16462565]
long_stop:[0.16307435 0.16307435 0.16307435 0.16307435 0.16307435]
2021-07-29 05:30:10.331 | DEBUG    | BL.indicator.st:compute:117 - [0, 0, 0, 0, 0]
short_stop:[0.27041001 0.27041001 0.27001012 0.27001012 0.27001012]
long_stop:[0.2687449  0.2687449  0.26754372 0.26754372 0.26754372]
2021-07-29 05:30:10.348 | DEBUG    | BL.indicator.st:compute:117 - [0, 0, 0, 0, 0]
short_stop:[2.83652157 2.83652157 2.83652157 2.83652157 2.83652157]
long_stop:[2.81895509 2.81895509 2.81895509 2.81895509 2.81895509]
2021-07-29 05:30:10.365 | DEBUG    | BL.indicator.st:compute:117 - [0, 0, 1, 0, 0]
short_stop:[0.04664281 0.04664281 0.04664281 0.04664281 0.04664281]
long_stop:[0.04635719 0.04635719 0.04691582 0.04691582 0.04691582]
2021-07-29 05:30:10.414 | DEBUG    | BL.indicator.st:compute:117 - [0, 0, 0, 0, 0]
short_stop:[15.5214719 15.5214719 15.5214719 15.5214719 15.5214719]
long_stop:[15.4245281 15.4245281 15.4245281 15.4245281 15.4245281]
2021-07-29 05:30:10.422 | DEBUG    | BL.indicator.st:compute:117 - [0, 0, 0, 0, 0]
short_stop:[0.72332608 0.72332608 0.72332608 0.72522848 0.72522848]
long_stop:[0.72087338 0.72087338 0.72360717 0.72360717 0.72360717]
2021-07-29 05:30:10.863 | DEBUG    | BL.indicator.st:compute:117 - [0, 0, 0, 0, 0]
short_stop:[141.97670456 141.97670456 141.97670456 141.97670456 141.97670456]
long_stop:[141.25680226 141.25680226 141.25680226 141.25680226 141.25680226]
2021-07-29 05:30:10.871 | DEBUG    | BL.indicator.st:compute:117 - [0, 0, 0, 0, 0]
short_stop:[0.58998146 0.58998146 0.58998146 0.58998146 0.58998146]
long_stop:[0.58683694 0.58683694 0.58683694 0.58683694 0.58683694]
2021-07-29 05:30:10.882 | DEBUG    | BL.indicator.st:compute:117 - [0, 0, 0, 0, 0]
short_stop:[20.56273748 20.56273748 20.56273748 20.56273748 20.56273748]
long_stop:[20.38126252 20.38126252 20.38126252 20.38126252 20.38126252]
2021-07-29 05:30:10.896 | DEBUG    | BL.indicator.st:compute:117 - [0, 0, 0, 0, 0]
short_stop:[nan nan nan nan nan]
long_stop:[nan nan nan nan nan]
2021-07-29 05:30:10.940 | DEBUG    | BL.indicator.st:compute:117 - [0, 0, 0, 0, 0]
short_stop:[2.76430541 2.76430541 2.76430541 2.76430541 2.76430541]
long_stop:[2.74369459 2.74369459 2.74369459 2.74369459 2.74369459]
2021-07-29 05:30:10.948 | DEBUG    | BL.indicator.st:compute:117 - [0, 0, 0, 0, 0]
short_stop:[0.99998485 0.99998485 0.99998485 0.99998485 0.99998485]
long_stop:[0.99894591 0.99894591 0.99894591 0.99894591 0.99894591]
2021-07-29 05:30:10.980 | DEBUG    | BL.indicator.st:compute:117 - [0, 0, 0, 0, 0]
short_stop:[48.90482182 48.90482182 48.90482182 48.90482182 48.90482182]
long_stop:[49.40408261 49.40408261 49.40408261 49.40408261 49.40408261]
2021-07-29 05:30:10.988 | DEBUG    | BL.indicator.st:compute:117 - [0, 0, 0, 0, 0]
short_stop:[0.99962996 0.99962996 0.99962996 0.99962996 0.99962996]
long_stop:[0.99937004 0.99937004 0.99937004 0.99937004 0.99937004]
2021-07-29 05:30:10.998 | DEBUG    | BL.indicator.st:compute:117 - [0, 0, 0, 0, 0]
short_stop:[0.11799566 0.11799566 0.11799566 0.11799566 0.11799566]
long_stop:[0.12431891 0.12431891 0.12431891 0.12431891 0.12431891]
2021-07-29 05:30:39.483 | DEBUG    | BL.indicator.st:compute:117 - [0, 0, 0, 0, 0]
short_stop:[0.1494451 0.1494451 0.1494451 0.1494451 0.1494451]
long_stop:[0.14705698 0.14705698 0.14705698 0.14705698 0.14705698]
2021-07-29 05:30:44.700 | DEBUG    | BL.indicator.st:compute:117 - [0, 0, 0, 0, 0]
short_stop:[0.1494451 0.1494451 0.1494451 0.1494451 0.1494451]
long_stop:[0.14705698 0.14705698 0.14705698 0.14705698 0.14705698]
2021-07-29 05:30:45.677 | DEBUG    | BL.indicator.st:compute:117 - [0, 0, 0, 0, 0]
short_stop:[0.1494451 0.1494451 0.1494451 0.1494451 0.1494451]
long_stop:[0.14705698 0.14705698 0.14705698 0.14705698 0.14705698]
2021-07-29 05:30:46.646 | DEBUG    | BL.indicator.st:compute:117 - [0, 0, 0, 0, 0]
short_stop:[0.1494451 0.1494451 0.1494451 0.1494451 0.1494451]
long_stop:[0.14705698 0.14705698 0.14705698 0.14705698 0.14705698]
2021-07-29 05:30:47.762 | DEBUG    | BL.indicator.st:compute:117 - [0, 0, 0, 0, 0]
short_stop:[0.1494451  0.1494451  0.1494451  0.1494451  0.14943002]
long_stop:[0.14705698 0.14705698 0.14705698 0.14705698 0.14705698]
2021-07-29 05:30:48.802 | DEBUG    | BL.indicator.st:compute:117 - [0, 0, 0, 0, 0]
short_stop:[0.1494451  0.1494451  0.1494451  0.1494451  0.14943003]
long_stop:[0.14705698 0.14705698 0.14705698 0.14705698 0.14705698]
2021-07-29 05:30:49.785 | DEBUG    | BL.indicator.st:compute:117 - [0, 0, 0, 0, 0]
short_stop:[0.1494451  0.1494451  0.1494451  0.1494451  0.14943003]
long_stop:[0.14705698 0.14705698 0.14705698 0.14705698 0.14705698]
2021-07-29 05:30:50.555 | DEBUG    | BL.indicator.st:compute:117 - [0, 0, 0, 0, 0]
short_stop:[0.1494451  0.1494451  0.1494451  0.1494451  0.14943003]
long_stop:[0.14705698 0.14705698 0.14705698 0.14705698 0.14705698]
2021-07-29 05:30:52.724 | DEBUG    | BL.indicator.st:compute:117 - [0, 0, 0, 0, 0]
short_stop:[0.1494451  0.1494451  0.1494451  0.1494451  0.14943003]
long_stop:[0.14705698 0.14705698 0.14705698 0.14705698 0.14705698]
2021-07-29 05:30:56.533 | DEBUG    | BL.indicator.st:compute:117 - [0, 0, 0, 0, 0]
short_stop:[0.1494451  0.1494451  0.1494451  0.1494451  0.14943003]
long_stop:[0.14705698 0.14705698 0.14705698 0.14705698 0.14705698]
2021-07-29 05:30:57.644 | DEBUG    | BL.indicator.st:compute:117 - [0, 0, 0, 0, 0]
short_stop:[0.20649926 0.20649926 0.20649926 0.20646844 0.20646844]
long_stop:[0.20550661 0.204967   0.204967   0.204967   0.204967  ]
2021-07-29 05:31:03.724 | DEBUG    | BL.indicator.st:compute:117 - [0, 0, 0, 0, 0]
short_stop:[0.1494451 0.1494451 0.1494451 0.1494451 0.1494451]
long_stop:[0.14705698 0.14705698 0.14705698 0.14705698 0.14705698]
2021-07-29 05:32:03.903 | DEBUG    | BL.indicator.st:compute:117 - [0, 0, 0, 0, 0]
short_stop:[0.1494451 0.1494451 0.1494451 0.1494451 0.1494451]
long_stop:[0.14705698 0.14705698 0.14705698 0.14705698 0.14705698]
2021-07-29 05:32:55.379 | DEBUG    | BL.indicator.st:compute:117 - [0, 0, 0, 0, 0]
short_stop:[0.1494451 0.1494451 0.1494451 0.1494451 0.1494451]
long_stop:[0.14705698 0.14705698 0.14705698 0.14705698 0.14705698]
2021-07-29 05:33:09.493 | DEBUG    | BL.indicator.st:compute:117 - [0, 0, 0, 0, 0]
short_stop:[0.1494451 0.1494451 0.1494451 0.1494451 0.1494451]
long_stop:[0.14705698 0.14705698 0.14705698 0.14705698 0.14776376]
2021-07-29 05:33:18.739 | DEBUG    | BL.indicator.st:compute:117 - [0, 0, 0, 0, 0]
short_stop:[0.1494451 0.1494451 0.1494451 0.1494451 0.1494451]
long_stop:[0.14705698 0.14705698 0.14705698 0.14705698 0.14776376]
2021-07-29 05:33:45.212 | DEBUG    | BL.indicator.st:compute:117 - [0, 0, 0, 0, 0]
short_stop:[0.1494451 0.1494451 0.1494451 0.1494451 0.1494451]
long_stop:[0.14705698 0.14705698 0.14705698 0.14705698 0.14776376]
2021-07-29 05:33:51.172 | DEBUG    | BL.indicator.st:compute:117 - [0, 0, 0, 0, 0]
short_stop:[141.19360497 141.19360497 141.03879253 141.03879253 141.03879253]
long_stop:[140.06754079 140.06754079 139.80048759 139.80048759 139.80048759]
