2021-08-02 03:34:46.729 | INFO     | BL.bot.SwT:<module>:73 - Running in test mode: False
2021-08-02 03:34:46.729 | INFO     | BL.bot.SwT:<module>:74 - Running on selected quote currencies: False
2021-08-02 03:34:46.729 | INFO     | BL.bot.SwT:<module>:75 - Always generate ST long buy signal: False
2021-08-02 03:34:46.729 | INFO     | BL.bot.SwT:<module>:76 - Always generate ST short sell signal: False
2021-08-02 03:34:46.729 | INFO     | BL.bot.SwT:<module>:77 - Use CPD to exit trades: False
2021-08-02 03:38:33.121 | DEBUG    | BL.bot.SwT:runTradingAlgorithm:2179 - symbol: WAXP-USDT conditions short: [True, True, True, True, True, True, True]
2021-08-02 03:39:08.656 | DEBUG    | BL.bot.SwT:runTradingAlgorithm:2179 - symbol: WAXP-USDT conditions short: [True, True, True, True, True, True, True]
2021-08-02 03:39:08.663 | DEBUG    | BL.bot.SwT:runTradingAlgorithm:2237 - Symbol: WAXP-USDT, S_TradingEnabled: 1, short_sell_trade_count: 0, long_buy_trade_count: 0, fBuyTradeCount: 0
2021-08-02 03:39:13.137 | DEBUG    | BL.bot.SwT:runTradingAlgorithm:2179 - symbol: WAXP-USDT conditions short: [True, True, True, True, True, True, True]
2021-08-02 03:39:13.144 | DEBUG    | BL.bot.SwT:runTradingAlgorithm:2237 - Symbol: WAXP-USDT, S_TradingEnabled: 1, short_sell_trade_count: 0, long_buy_trade_count: 0, fBuyTradeCount: 0
2021-08-02 03:39:53.679 | DEBUG    | BL.bot.SwT:checkEntryForRbuy:3700 - ST signal
2021-08-02 03:39:53.679 | DEBUG    | BL.bot.SwT:runTradingAlgorithm:2176 - symbol: GBYTE-BTC conditions long: [True, True, True, True, True, True, True]
2021-08-02 03:39:54.349 | DEBUG    | BL.bot.SwT:monitorEntry:2540 - Entering trade for GBYTE-BTC
2021-08-02 03:39:54.349 | INFO     | BL.bot.SwT:sendTradeOrder:3960 - Creating BUY for GBYTE-BTC
2021-08-02 03:39:55.682 | DEBUG    | BL.Exchanges.Bittrex.BittrexClient:_make_trade_order:230 - Order closed: {'id': '04df8bbe-e4ae-4236-8fc7-065451c244c7', 'marketSymbol': 'GBYTE-BTC', 'direction': 'BUY', 'type': 'MARKET', 'quantity': '3.73611009', 'timeInForce': 'IMMEDIATE_OR_CANCEL', 'fillQuantity': '3.73611009', 'commission': '0.00000467', 'proceeds': '0.00233927', 'status': 'CLOSED', 'createdAt': '2021-08-02T08:39:44.84Z', 'updatedAt': '2021-08-02T08:39:44.84Z', 'closedAt': '2021-08-02T08:39:44.84Z'}
2021-08-02 03:39:55.682 | INFO     | BL.bot.SwT:sendTradeOrder:3962 - BUY response for GBYTE-BTC: {'status': 'FILLED', 'direction': 'BUY', 'order_type': 'MARKET', 'symbol': 'GBYTE-BTC', 'requested_qty': 3.73611009, 'executed_qty': 3.73611009, 'avg_price': 0.0006261244833928329, 'commission': 4.67e-06, 'executed_time': datetime.datetime(2021, 8, 2, 3, 39, 54, 349721)}
2021-08-02 03:39:57.001 | DEBUG    | BL.bot.SwT:monitorEntry:2542 - Trade entry response: {'status': 'FILLED', 'direction': 'BUY', 'order_type': 'MARKET', 'symbol': 'GBYTE-BTC', 'requested_qty': 3.73611009, 'executed_qty': 3.73611009, 'avg_price': 0.0006261244833928329, 'commission': 4.67e-06, 'executed_time': datetime.datetime(2021, 8, 2, 3, 39, 54, 349721)}
2021-08-02 03:39:57.008 | DEBUG    | BL.bot.SwT:checkEntryForRbuy:3700 - ST signal
2021-08-02 03:39:57.008 | DEBUG    | BL.bot.SwT:runTradingAlgorithm:2176 - symbol: GBYTE-BTC conditions long: [True, True, True, True, True, True, True]
2021-08-02 03:44:20.332 | DEBUG    | BL.bot.SwT:runTradingAlgorithm:2179 - symbol: PPC-BTC conditions short: [True, True, True, True, True, True, True]
2021-08-02 03:44:20.340 | DEBUG    | BL.bot.SwT:runTradingAlgorithm:2237 - Symbol: PPC-BTC, S_TradingEnabled: 1, short_sell_trade_count: 0, long_buy_trade_count: 0, fBuyTradeCount: 0
2021-08-02 03:45:29.897 | DEBUG    | BL.bot.SwT:runTradingAlgorithm:2179 - symbol: WAXP-ETH conditions short: [True, True, True, True, True, True, True]
2021-08-02 03:45:29.904 | DEBUG    | BL.bot.SwT:runTradingAlgorithm:2237 - Symbol: WAXP-ETH, S_TradingEnabled: 1, short_sell_trade_count: 0, long_buy_trade_count: 0, fBuyTradeCount: 0
2021-08-02 03:45:32.800 | DEBUG    | BL.bot.SwT:runTradingAlgorithm:2179 - symbol: WAXP-ETH conditions short: [True, True, True, True, True, True, True]
2021-08-02 03:45:32.808 | DEBUG    | BL.bot.SwT:runTradingAlgorithm:2237 - Symbol: WAXP-ETH, S_TradingEnabled: 1, short_sell_trade_count: 0, long_buy_trade_count: 0, fBuyTradeCount: 0
2021-08-02 03:45:46.168 | DEBUG    | BL.bot.SwT:runTradingAlgorithm:2179 - symbol: WAXP-ETH conditions short: [True, True, True, True, True, True, True]
2021-08-02 03:45:46.175 | DEBUG    | BL.bot.SwT:runTradingAlgorithm:2237 - Symbol: WAXP-ETH, S_TradingEnabled: 1, short_sell_trade_count: 0, long_buy_trade_count: 0, fBuyTradeCount: 0
2021-08-02 03:49:51.997 | DEBUG    | BL.bot.SwT:checkEntryForRbuy:3700 - ST signal
2021-08-02 03:49:51.997 | DEBUG    | BL.bot.SwT:runTradingAlgorithm:2176 - symbol: ADA-BTC conditions long: [True, True, True, True, True, True, True]
2021-08-02 03:49:52.684 | DEBUG    | BL.bot.SwT:monitorEntry:2540 - Entering trade for ADA-BTC
2021-08-02 03:49:52.688 | INFO     | BL.bot.SwT:sendTradeOrder:3960 - Creating BUY for ADA-BTC
2021-08-02 03:49:54.017 | DEBUG    | BL.Exchanges.Bittrex.BittrexClient:_make_trade_order:230 - Order closed: {'id': '98bc690d-8361-4090-9217-74a46d48b920', 'marketSymbol': 'ADA-BTC', 'direction': 'BUY', 'type': 'MARKET', 'quantity': '56.27342259', 'timeInForce': 'IMMEDIATE_OR_CANCEL', 'fillQuantity': '56.27342259', 'commission': '0.00000376', 'proceeds': '0.00188290', 'status': 'CLOSED', 'createdAt': '2021-08-02T08:49:43.18Z', 'updatedAt': '2021-08-02T08:49:43.18Z', 'closedAt': '2021-08-02T08:49:43.18Z'}
2021-08-02 03:49:54.017 | INFO     | BL.bot.SwT:sendTradeOrder:3962 - BUY response for ADA-BTC: {'status': 'FILLED', 'direction': 'BUY', 'order_type': 'MARKET', 'symbol': 'ADA-BTC', 'requested_qty': 56.27342259, 'executed_qty': 56.27342259, 'avg_price': 3.3459845044765384e-05, 'commission': 3.76e-06, 'executed_time': datetime.datetime(2021, 8, 2, 3, 49, 52, 688408)}
2021-08-02 03:49:55.336 | DEBUG    | BL.bot.SwT:monitorEntry:2542 - Trade entry response: {'status': 'FILLED', 'direction': 'BUY', 'order_type': 'MARKET', 'symbol': 'ADA-BTC', 'requested_qty': 56.27342259, 'executed_qty': 56.27342259, 'avg_price': 3.3459845044765384e-05, 'commission': 3.76e-06, 'executed_time': datetime.datetime(2021, 8, 2, 3, 49, 52, 688408)}
2021-08-02 03:49:55.336 | DEBUG    | BL.bot.SwT:checkEntryForRbuy:3700 - ST signal
2021-08-02 03:49:55.336 | DEBUG    | BL.bot.SwT:runTradingAlgorithm:2176 - symbol: ADA-BTC conditions long: [True, True, True, True, True, True, True]
2021-08-02 03:51:08.961 | DEBUG    | BL.bot.SwT:runTradingAlgorithm:2179 - symbol: WAXP-USDT conditions short: [True, True, True, True, True, True, True]
2021-08-02 03:51:08.968 | DEBUG    | BL.bot.SwT:runTradingAlgorithm:2237 - Symbol: WAXP-USDT, S_TradingEnabled: 1, short_sell_trade_count: 0, long_buy_trade_count: 0, fBuyTradeCount: 0
2021-08-02 03:53:06.070 | DEBUG    | BL.bot.SwT:runTradingAlgorithm:2179 - symbol: ZRX-USDT conditions short: [True, True, True, True, True, True, True]
2021-08-02 03:53:06.077 | DEBUG    | BL.bot.SwT:runTradingAlgorithm:2237 - Symbol: ZRX-USDT, S_TradingEnabled: 1, short_sell_trade_count: 0, long_buy_trade_count: 0, fBuyTradeCount: 0
2021-08-02 03:54:32.839 | DEBUG    | BL.bot.SwT:runTradingAlgorithm:2179 - symbol: PPC-BTC conditions short: [True, True, True, True, True, True, True]
2021-08-02 03:54:32.854 | DEBUG    | BL.bot.SwT:runTradingAlgorithm:2237 - Symbol: PPC-BTC, S_TradingEnabled: 1, short_sell_trade_count: 0, long_buy_trade_count: 0, fBuyTradeCount: 0
2021-08-02 04:13:27.249 | DEBUG    | BL.bot.SwT:runTradingAlgorithm:2179 - symbol: DCR-USDT conditions short: [True, True, True, True, True, True, True]
2021-08-02 04:13:27.257 | DEBUG    | BL.bot.SwT:runTradingAlgorithm:2237 - Symbol: DCR-USDT, S_TradingEnabled: 1, short_sell_trade_count: 0, long_buy_trade_count: 0, fBuyTradeCount: 0
2021-08-02 04:13:29.360 | DEBUG    | BL.bot.SwT:runTradingAlgorithm:2179 - symbol: DCR-USDT conditions short: [True, True, True, True, True, True, True]
2021-08-02 04:13:29.367 | DEBUG    | BL.bot.SwT:runTradingAlgorithm:2237 - Symbol: DCR-USDT, S_TradingEnabled: 1, short_sell_trade_count: 0, long_buy_trade_count: 0, fBuyTradeCount: 0
2021-08-02 04:13:31.341 | DEBUG    | BL.bot.SwT:runTradingAlgorithm:2179 - symbol: DCR-USDT conditions short: [True, True, True, True, True, True, True]
2021-08-02 04:13:31.347 | DEBUG    | BL.bot.SwT:runTradingAlgorithm:2237 - Symbol: DCR-USDT, S_TradingEnabled: 1, short_sell_trade_count: 0, long_buy_trade_count: 0, fBuyTradeCount: 0
2021-08-02 04:13:33.380 | DEBUG    | BL.bot.SwT:runTradingAlgorithm:2179 - symbol: DCR-USDT conditions short: [True, True, True, True, True, True, True]
2021-08-02 04:13:33.386 | DEBUG    | BL.bot.SwT:runTradingAlgorithm:2237 - Symbol: DCR-USDT, S_TradingEnabled: 1, short_sell_trade_count: 0, long_buy_trade_count: 0, fBuyTradeCount: 0
2021-08-02 04:13:35.420 | DEBUG    | BL.bot.SwT:runTradingAlgorithm:2179 - symbol: DCR-USDT conditions short: [True, True, True, True, True, True, True]
2021-08-02 04:13:35.428 | DEBUG    | BL.bot.SwT:runTradingAlgorithm:2237 - Symbol: DCR-USDT, S_TradingEnabled: 1, short_sell_trade_count: 0, long_buy_trade_count: 0, fBuyTradeCount: 0
2021-08-02 04:13:37.357 | DEBUG    | BL.bot.SwT:runTradingAlgorithm:2179 - symbol: DCR-USDT conditions short: [True, True, True, True, True, True, True]
2021-08-02 04:13:37.364 | DEBUG    | BL.bot.SwT:runTradingAlgorithm:2237 - Symbol: DCR-USDT, S_TradingEnabled: 1, short_sell_trade_count: 0, long_buy_trade_count: 0, fBuyTradeCount: 0
2021-08-02 04:13:38.705 | DEBUG    | BL.bot.SwT:runTradingAlgorithm:2179 - symbol: DCR-USDT conditions short: [True, True, True, True, True, True, True]
2021-08-02 04:13:38.720 | DEBUG    | BL.bot.SwT:runTradingAlgorithm:2237 - Symbol: DCR-USDT, S_TradingEnabled: 1, short_sell_trade_count: 0, long_buy_trade_count: 0, fBuyTradeCount: 0
2021-08-02 04:13:40.077 | DEBUG    | BL.bot.SwT:runTradingAlgorithm:2179 - symbol: DCR-USDT conditions short: [True, True, True, True, True, True, True]
2021-08-02 04:13:40.092 | DEBUG    | BL.bot.SwT:runTradingAlgorithm:2237 - Symbol: DCR-USDT, S_TradingEnabled: 1, short_sell_trade_count: 0, long_buy_trade_count: 0, fBuyTradeCount: 0
2021-08-02 04:13:42.544 | DEBUG    | BL.bot.SwT:runTradingAlgorithm:2179 - symbol: DCR-USDT conditions short: [True, True, True, True, True, True, True]
2021-08-02 04:13:42.550 | DEBUG    | BL.bot.SwT:runTradingAlgorithm:2237 - Symbol: DCR-USDT, S_TradingEnabled: 1, short_sell_trade_count: 0, long_buy_trade_count: 0, fBuyTradeCount: 0
2021-08-02 04:15:33.659 | DEBUG    | BL.bot.SwT:runTradingAlgorithm:2179 - symbol: WAXP-USDT conditions short: [True, True, True, True, True, True, True]
2021-08-02 04:15:33.675 | DEBUG    | BL.bot.SwT:runTradingAlgorithm:2237 - Symbol: WAXP-USDT, S_TradingEnabled: 1, short_sell_trade_count: 0, long_buy_trade_count: 0, fBuyTradeCount: 0
2021-08-02 04:15:54.550 | DEBUG    | BL.bot.SwT:runTradingAlgorithm:2179 - symbol: WAXP-USDT conditions short: [True, True, True, True, True, True, True]
2021-08-02 04:15:54.566 | DEBUG    | BL.bot.SwT:runTradingAlgorithm:2237 - Symbol: WAXP-USDT, S_TradingEnabled: 1, short_sell_trade_count: 0, long_buy_trade_count: 0, fBuyTradeCount: 0
2021-08-02 04:16:00.563 | DEBUG    | BL.bot.SwT:runTradingAlgorithm:2179 - symbol: WAXP-USDT conditions short: [True, True, True, True, True, True, True]
2021-08-02 04:16:00.563 | DEBUG    | BL.bot.SwT:runTradingAlgorithm:2237 - Symbol: WAXP-USDT, S_TradingEnabled: 1, short_sell_trade_count: 0, long_buy_trade_count: 0, fBuyTradeCount: 0
2021-08-02 04:16:04.630 | DEBUG    | BL.bot.SwT:runTradingAlgorithm:2179 - symbol: ADA-USDT conditions short: [True, True, True, True, True, True, True]
2021-08-02 04:16:04.637 | DEBUG    | BL.bot.SwT:runTradingAlgorithm:2237 - Symbol: ADA-USDT, S_TradingEnabled: 1, short_sell_trade_count: 0, long_buy_trade_count: 0, fBuyTradeCount: 0
2021-08-02 04:16:08.658 | DEBUG    | BL.bot.SwT:runTradingAlgorithm:2179 - symbol: WAXP-USDT conditions short: [True, True, True, True, True, True, True]
2021-08-02 04:16:08.666 | DEBUG    | BL.bot.SwT:runTradingAlgorithm:2237 - Symbol: WAXP-USDT, S_TradingEnabled: 1, short_sell_trade_count: 0, long_buy_trade_count: 0, fBuyTradeCount: 0
2021-08-02 04:18:55.370 | DEBUG    | BL.bot.SwT:checkEntryForRbuy:3700 - ST signal
2021-08-02 04:18:55.370 | DEBUG    | BL.bot.SwT:runTradingAlgorithm:2176 - symbol: XTZ-ETH conditions long: [True, True, True, True, True, True, True]
2021-08-02 04:18:56.056 | DEBUG    | BL.bot.SwT:monitorEntry:2540 - Entering trade for XTZ-ETH
2021-08-02 04:18:56.056 | INFO     | BL.bot.SwT:sendTradeOrder:3960 - Creating BUY for XTZ-ETH
2021-08-02 04:18:57.390 | DEBUG    | BL.Exchanges.Bittrex.BittrexClient:_make_trade_order:230 - Order closed: {'id': 'b5841d1f-e78b-4675-a16d-e31cade847f7', 'marketSymbol': 'XTZ-ETH', 'direction': 'BUY', 'type': 'MARKET', 'quantity': '33.41741581', 'timeInForce': 'IMMEDIATE_OR_CANCEL', 'fillQuantity': '33.41741581', 'commission': '0.00008025', 'proceeds': '0.04012596', 'status': 'CLOSED', 'createdAt': '2021-08-02T09:18:46.57Z', 'updatedAt': '2021-08-02T09:18:46.57Z', 'closedAt': '2021-08-02T09:18:46.57Z'}
2021-08-02 04:18:57.406 | INFO     | BL.bot.SwT:sendTradeOrder:3962 - BUY response for XTZ-ETH: {'status': 'FILLED', 'direction': 'BUY', 'order_type': 'MARKET', 'symbol': 'XTZ-ETH', 'requested_qty': 33.41741581, 'executed_qty': 33.41741581, 'avg_price': 0.0012007499391377984, 'commission': 8.025e-05, 'executed_time': datetime.datetime(2021, 8, 2, 4, 18, 56, 56470)}
2021-08-02 04:18:58.709 | DEBUG    | BL.bot.SwT:monitorEntry:2542 - Trade entry response: {'status': 'FILLED', 'direction': 'BUY', 'order_type': 'MARKET', 'symbol': 'XTZ-ETH', 'requested_qty': 33.41741581, 'executed_qty': 33.41741581, 'avg_price': 0.0012007499391377984, 'commission': 8.025e-05, 'executed_time': datetime.datetime(2021, 8, 2, 4, 18, 56, 56470)}
2021-08-02 04:18:58.725 | DEBUG    | BL.bot.SwT:checkEntryForRbuy:3700 - ST signal
2021-08-02 04:18:58.725 | DEBUG    | BL.bot.SwT:runTradingAlgorithm:2176 - symbol: XTZ-ETH conditions long: [True, True, True, True, True, True, True]
2021-08-02 04:19:22.177 | DEBUG    | BL.bot.SwT:runTradingAlgorithm:2179 - symbol: XLM-USDT conditions short: [True, True, True, True, True, True, True]
2021-08-02 04:19:22.183 | DEBUG    | BL.bot.SwT:runTradingAlgorithm:2237 - Symbol: XLM-USDT, S_TradingEnabled: 1, short_sell_trade_count: 0, long_buy_trade_count: 0, fBuyTradeCount: 0
2021-08-02 04:19:31.168 | DEBUG    | BL.bot.SwT:runTradingAlgorithm:2179 - symbol: XLM-USDT conditions short: [True, True, True, True, True, True, True]
2021-08-02 04:19:31.183 | DEBUG    | BL.bot.SwT:runTradingAlgorithm:2237 - Symbol: XLM-USDT, S_TradingEnabled: 1, short_sell_trade_count: 0, long_buy_trade_count: 0, fBuyTradeCount: 0
2021-08-02 04:25:03.983 | INFO     | BL.bot.SwT:sendTradeOrder:3967 - Creating SELL for XTZ-ETH
2021-08-02 04:25:05.343 | DEBUG    | BL.Exchanges.Bittrex.BittrexClient:_make_trade_order:230 - Order closed: {'id': '2d82948f-e7ae-4a7d-8179-8b8e3ab4434d', 'marketSymbol': 'XTZ-ETH', 'direction': 'SELL', 'type': 'MARKET', 'quantity': '33.41741581', 'timeInForce': 'IMMEDIATE_OR_CANCEL', 'fillQuantity': '33.41741581', 'commission': '0.00008001', 'proceeds': '0.04000799', 'status': 'CLOSED', 'createdAt': '2021-08-02T09:24:54.5Z', 'updatedAt': '2021-08-02T09:24:54.5Z', 'closedAt': '2021-08-02T09:24:54.5Z'}
2021-08-02 04:25:05.344 | INFO     | BL.bot.SwT:sendTradeOrder:3969 - SELL response for XTZ-ETH: {'status': 'FILLED', 'direction': 'SELL', 'order_type': 'MARKET', 'symbol': 'XTZ-ETH', 'requested_qty': 33.41741581, 'executed_qty': 33.41741581, 'avg_price': 0.0011972197439643973, 'commission': 8.001e-05, 'executed_time': datetime.datetime(2021, 8, 2, 4, 25, 3, 994712)}
2021-08-02 04:25:08.028 | INFO     | BL.bot.SwT:sendTradeOrder:3967 - Creating SELL for ADA-BTC
2021-08-02 04:25:09.422 | DEBUG    | BL.Exchanges.Bittrex.BittrexClient:_make_trade_order:230 - Order closed: {'id': 'c01e73c0-91a1-499b-b6fb-38ce6eda46b9', 'marketSymbol': 'ADA-BTC', 'direction': 'SELL', 'type': 'MARKET', 'quantity': '56.27342259', 'timeInForce': 'IMMEDIATE_OR_CANCEL', 'fillQuantity': '56.27342259', 'commission': '0.00000376', 'proceeds': '0.00188178', 'status': 'CLOSED', 'createdAt': '2021-08-02T09:24:58.6Z', 'updatedAt': '2021-08-02T09:24:58.6Z', 'closedAt': '2021-08-02T09:24:58.6Z'}
2021-08-02 04:25:09.424 | INFO     | BL.bot.SwT:sendTradeOrder:3969 - SELL response for ADA-BTC: {'status': 'FILLED', 'direction': 'SELL', 'order_type': 'MARKET', 'symbol': 'ADA-BTC', 'requested_qty': 56.27342259, 'executed_qty': 56.27342259, 'avg_price': 3.343994222122184e-05, 'commission': 3.76e-06, 'executed_time': datetime.datetime(2021, 8, 2, 4, 25, 8, 39890)}
2021-08-02 04:25:12.079 | INFO     | BL.bot.SwT:sendTradeOrder:3967 - Creating SELL for GBYTE-BTC
2021-08-02 04:25:13.411 | DEBUG    | BL.Exchanges.Bittrex.BittrexClient:_make_trade_order:230 - Order closed: {'id': '4f0e6c61-53f0-452f-98c7-7455b1145062', 'marketSymbol': 'GBYTE-BTC', 'direction': 'SELL', 'type': 'MARKET', 'quantity': '3.73611009', 'timeInForce': 'IMMEDIATE_OR_CANCEL', 'fillQuantity': '3.73611009', 'commission': '0.00000457', 'proceeds': '0.00228799', 'status': 'CLOSED', 'createdAt': '2021-08-02T09:25:02.57Z', 'updatedAt': '2021-08-02T09:25:02.57Z', 'closedAt': '2021-08-02T09:25:02.57Z'}
2021-08-02 04:25:13.413 | INFO     | BL.bot.SwT:sendTradeOrder:3969 - SELL response for GBYTE-BTC: {'status': 'FILLED', 'direction': 'SELL', 'order_type': 'MARKET', 'symbol': 'GBYTE-BTC', 'requested_qty': 3.73611009, 'executed_qty': 3.73611009, 'avg_price': 0.0006123989777827987, 'commission': 4.57e-06, 'executed_time': datetime.datetime(2021, 8, 2, 4, 25, 12, 80081)}
2021-08-02 04:27:09.351 | DEBUG    | BL.bot.SwT:runTradingAlgorithm:2179 - symbol: STRAX-BTC conditions short: [True, True, True, True, True, True, True]
2021-08-02 04:27:09.358 | DEBUG    | BL.bot.SwT:runTradingAlgorithm:2237 - Symbol: STRAX-BTC, S_TradingEnabled: 1, short_sell_trade_count: 0, long_buy_trade_count: 0, fBuyTradeCount: 0
2021-08-02 04:27:32.740 | DEBUG    | BL.bot.SwT:runTradingAlgorithm:2179 - symbol: STRAX-BTC conditions short: [True, True, True, True, True, True, True]
2021-08-02 04:27:32.747 | DEBUG    | BL.bot.SwT:runTradingAlgorithm:2237 - Symbol: STRAX-BTC, S_TradingEnabled: 1, short_sell_trade_count: 0, long_buy_trade_count: 0, fBuyTradeCount: 0
2021-08-02 04:27:39.897 | DEBUG    | BL.bot.SwT:runTradingAlgorithm:2179 - symbol: STRAX-BTC conditions short: [True, True, True, True, True, True, True]
2021-08-02 04:27:39.904 | DEBUG    | BL.bot.SwT:runTradingAlgorithm:2237 - Symbol: STRAX-BTC, S_TradingEnabled: 1, short_sell_trade_count: 0, long_buy_trade_count: 0, fBuyTradeCount: 0
2021-08-02 04:27:49.203 | DEBUG    | BL.bot.SwT:runTradingAlgorithm:2179 - symbol: STRAX-BTC conditions short: [True, True, True, True, True, True, True]
2021-08-02 04:27:49.213 | DEBUG    | BL.bot.SwT:runTradingAlgorithm:2237 - Symbol: STRAX-BTC, S_TradingEnabled: 1, short_sell_trade_count: 0, long_buy_trade_count: 0, fBuyTradeCount: 0
2021-08-02 04:27:50.895 | DEBUG    | BL.bot.SwT:runTradingAlgorithm:2179 - symbol: STRAX-BTC conditions short: [True, True, True, True, True, True, True]
2021-08-02 04:27:50.895 | DEBUG    | BL.bot.SwT:runTradingAlgorithm:2237 - Symbol: STRAX-BTC, S_TradingEnabled: 1, short_sell_trade_count: 0, long_buy_trade_count: 0, fBuyTradeCount: 0
2021-08-02 04:27:53.138 | DEBUG    | BL.bot.SwT:runTradingAlgorithm:2179 - symbol: STRAX-BTC conditions short: [True, True, True, True, True, True, True]
2021-08-02 04:27:53.145 | DEBUG    | BL.bot.SwT:runTradingAlgorithm:2237 - Symbol: STRAX-BTC, S_TradingEnabled: 1, short_sell_trade_count: 0, long_buy_trade_count: 0, fBuyTradeCount: 0
2021-08-02 04:27:55.072 | DEBUG    | BL.bot.SwT:runTradingAlgorithm:2179 - symbol: STRAX-BTC conditions short: [True, True, True, True, True, True, True]
2021-08-02 04:27:55.080 | DEBUG    | BL.bot.SwT:runTradingAlgorithm:2237 - Symbol: STRAX-BTC, S_TradingEnabled: 1, short_sell_trade_count: 0, long_buy_trade_count: 0, fBuyTradeCount: 0
2021-08-02 04:27:57.234 | DEBUG    | BL.bot.SwT:runTradingAlgorithm:2179 - symbol: STRAX-BTC conditions short: [True, True, True, True, True, True, True]
2021-08-02 04:27:57.241 | DEBUG    | BL.bot.SwT:runTradingAlgorithm:2237 - Symbol: STRAX-BTC, S_TradingEnabled: 1, short_sell_trade_count: 0, long_buy_trade_count: 0, fBuyTradeCount: 0
2021-08-02 04:27:59.232 | DEBUG    | BL.bot.SwT:runTradingAlgorithm:2179 - symbol: STRAX-BTC conditions short: [True, True, True, True, True, True, True]
2021-08-02 04:27:59.239 | DEBUG    | BL.bot.SwT:runTradingAlgorithm:2237 - Symbol: STRAX-BTC, S_TradingEnabled: 1, short_sell_trade_count: 0, long_buy_trade_count: 0, fBuyTradeCount: 0
2021-08-02 04:28:01.157 | DEBUG    | BL.bot.SwT:runTradingAlgorithm:2179 - symbol: STRAX-BTC conditions short: [True, True, True, True, True, True, True]
2021-08-02 04:28:01.165 | DEBUG    | BL.bot.SwT:runTradingAlgorithm:2237 - Symbol: STRAX-BTC, S_TradingEnabled: 1, short_sell_trade_count: 0, long_buy_trade_count: 0, fBuyTradeCount: 0
2021-08-02 04:28:03.265 | DEBUG    | BL.bot.SwT:runTradingAlgorithm:2179 - symbol: STRAX-BTC conditions short: [True, True, True, True, True, True, True]
2021-08-02 04:28:03.272 | DEBUG    | BL.bot.SwT:runTradingAlgorithm:2237 - Symbol: STRAX-BTC, S_TradingEnabled: 1, short_sell_trade_count: 0, long_buy_trade_count: 0, fBuyTradeCount: 0
2021-08-02 04:28:06.151 | DEBUG    | BL.bot.SwT:runTradingAlgorithm:2179 - symbol: STRAX-BTC conditions short: [True, True, True, True, True, True, True]
2021-08-02 04:28:06.158 | DEBUG    | BL.bot.SwT:runTradingAlgorithm:2237 - Symbol: STRAX-BTC, S_TradingEnabled: 1, short_sell_trade_count: 0, long_buy_trade_count: 0, fBuyTradeCount: 0
2021-08-02 04:28:07.560 | DEBUG    | BL.bot.SwT:runTradingAlgorithm:2179 - symbol: STRAX-BTC conditions short: [True, True, True, True, True, True, True]
2021-08-02 04:28:07.576 | DEBUG    | BL.bot.SwT:runTradingAlgorithm:2237 - Symbol: STRAX-BTC, S_TradingEnabled: 1, short_sell_trade_count: 0, long_buy_trade_count: 0, fBuyTradeCount: 0
2021-08-02 04:29:08.937 | DEBUG    | BL.bot.SwT:runTradingAlgorithm:2179 - symbol: STRAX-BTC conditions short: [True, True, True, True, True, True, True]
2021-08-02 04:29:08.943 | DEBUG    | BL.bot.SwT:runTradingAlgorithm:2237 - Symbol: STRAX-BTC, S_TradingEnabled: 1, short_sell_trade_count: 0, long_buy_trade_count: 0, fBuyTradeCount: 0
2021-08-02 04:29:10.302 | DEBUG    | BL.bot.SwT:monitorEntry:2540 - Entering trade for STRAX-BTC
2021-08-02 04:29:10.316 | INFO     | BL.bot.SwT:sendTradeOrder:3967 - Creating SELL for STRAX-BTC
2021-08-02 04:29:10.998 | INFO     | BL.bot.SwT:sendTradeOrder:3969 - SELL response for STRAX-BTC: {'status': "'NoneType' object is not subscriptable", 'direction': 'SELL', 'order_type': 'MARKET', 'symbol': 'STRAX-BTC', 'requested_qty': 19.73039677, 'executed_qty': 0, 'avg_price': 0.0, 'commission': 0.0, 'executed_time': datetime.datetime(2021, 8, 2, 4, 29, 10, 317351)}
2021-08-02 04:29:11.012 | WARNING  | BL.bot.SwT:sendTradeOrder:3982 - Response status is not FILLED: {'status': "'NoneType' object is not subscriptable", 'direction': 'SELL', 'order_type': 'MARKET', 'symbol': 'STRAX-BTC', 'requested_qty': 19.73039677, 'executed_qty': 0, 'avg_price': 0.0, 'commission': 0.0, 'executed_time': datetime.datetime(2021, 8, 2, 4, 29, 10, 317351)}
2021-08-02 04:29:11.013 | DEBUG    | BL.bot.SwT:monitorEntry:2542 - Trade entry response: {'status': "'NoneType' object is not subscriptable", 'direction': 'SELL', 'order_type': 'MARKET', 'symbol': 'STRAX-BTC', 'requested_qty': 19.73039677, 'executed_qty': 0, 'avg_price': 0.0, 'commission': 0.0, 'executed_time': datetime.datetime(2021, 8, 2, 4, 29, 10, 317351)}
2021-08-02 04:29:11.014 | WARNING  | BL.bot.SwT:monitorEntry:2555 - Entry order for STRAX-BTC was not filled.
2021-08-02 04:29:11.016 | WARNING  | BL.bot.SwT:monitorEntry:2560 - Entering a trade for STRAX-BTC failed.
2021-08-02 04:29:13.272 | DEBUG    | BL.bot.SwT:runTradingAlgorithm:2179 - symbol: STRAX-BTC conditions short: [True, True, True, True, True, True, True]
2021-08-02 04:29:13.279 | DEBUG    | BL.bot.SwT:runTradingAlgorithm:2237 - Symbol: STRAX-BTC, S_TradingEnabled: 1, short_sell_trade_count: 0, long_buy_trade_count: 0, fBuyTradeCount: 0
2021-08-02 04:29:14.603 | DEBUG    | BL.bot.SwT:monitorEntry:2540 - Entering trade for STRAX-BTC
2021-08-02 04:29:14.617 | INFO     | BL.bot.SwT:sendTradeOrder:3967 - Creating SELL for STRAX-BTC
2021-08-02 04:29:15.297 | INFO     | BL.bot.SwT:sendTradeOrder:3969 - SELL response for STRAX-BTC: {'status': "'NoneType' object is not subscriptable", 'direction': 'SELL', 'order_type': 'MARKET', 'symbol': 'STRAX-BTC', 'requested_qty': 19.73039677, 'executed_qty': 0, 'avg_price': 0.0, 'commission': 0.0, 'executed_time': datetime.datetime(2021, 8, 2, 4, 29, 14, 618843)}
2021-08-02 04:29:15.298 | WARNING  | BL.bot.SwT:sendTradeOrder:3982 - Response status is not FILLED: {'status': "'NoneType' object is not subscriptable", 'direction': 'SELL', 'order_type': 'MARKET', 'symbol': 'STRAX-BTC', 'requested_qty': 19.73039677, 'executed_qty': 0, 'avg_price': 0.0, 'commission': 0.0, 'executed_time': datetime.datetime(2021, 8, 2, 4, 29, 14, 618843)}
2021-08-02 04:29:15.299 | DEBUG    | BL.bot.SwT:monitorEntry:2542 - Trade entry response: {'status': "'NoneType' object is not subscriptable", 'direction': 'SELL', 'order_type': 'MARKET', 'symbol': 'STRAX-BTC', 'requested_qty': 19.73039677, 'executed_qty': 0, 'avg_price': 0.0, 'commission': 0.0, 'executed_time': datetime.datetime(2021, 8, 2, 4, 29, 14, 618843)}
2021-08-02 04:29:15.300 | WARNING  | BL.bot.SwT:monitorEntry:2555 - Entry order for STRAX-BTC was not filled.
2021-08-02 04:29:15.306 | WARNING  | BL.bot.SwT:monitorEntry:2560 - Entering a trade for STRAX-BTC failed.
2021-08-02 04:29:15.442 | DEBUG    | BL.bot.SwT:runTradingAlgorithm:2179 - symbol: STRAX-BTC conditions short: [True, True, True, True, True, True, True]
2021-08-02 04:29:15.449 | DEBUG    | BL.bot.SwT:runTradingAlgorithm:2237 - Symbol: STRAX-BTC, S_TradingEnabled: 1, short_sell_trade_count: 0, long_buy_trade_count: 0, fBuyTradeCount: 0
2021-08-02 04:29:16.768 | DEBUG    | BL.bot.SwT:monitorEntry:2540 - Entering trade for STRAX-BTC
2021-08-02 04:29:16.782 | INFO     | BL.bot.SwT:sendTradeOrder:3967 - Creating SELL for STRAX-BTC
2021-08-02 04:29:17.452 | INFO     | BL.bot.SwT:sendTradeOrder:3969 - SELL response for STRAX-BTC: {'status': "'NoneType' object is not subscriptable", 'direction': 'SELL', 'order_type': 'MARKET', 'symbol': 'STRAX-BTC', 'requested_qty': 19.73039677, 'executed_qty': 0, 'avg_price': 0.0, 'commission': 0.0, 'executed_time': datetime.datetime(2021, 8, 2, 4, 29, 16, 783054)}
2021-08-02 04:29:17.453 | WARNING  | BL.bot.SwT:sendTradeOrder:3982 - Response status is not FILLED: {'status': "'NoneType' object is not subscriptable", 'direction': 'SELL', 'order_type': 'MARKET', 'symbol': 'STRAX-BTC', 'requested_qty': 19.73039677, 'executed_qty': 0, 'avg_price': 0.0, 'commission': 0.0, 'executed_time': datetime.datetime(2021, 8, 2, 4, 29, 16, 783054)}
2021-08-02 04:29:17.454 | DEBUG    | BL.bot.SwT:monitorEntry:2542 - Trade entry response: {'status': "'NoneType' object is not subscriptable", 'direction': 'SELL', 'order_type': 'MARKET', 'symbol': 'STRAX-BTC', 'requested_qty': 19.73039677, 'executed_qty': 0, 'avg_price': 0.0, 'commission': 0.0, 'executed_time': datetime.datetime(2021, 8, 2, 4, 29, 16, 783054)}
2021-08-02 04:29:17.455 | WARNING  | BL.bot.SwT:monitorEntry:2555 - Entry order for STRAX-BTC was not filled.
2021-08-02 04:29:17.457 | WARNING  | BL.bot.SwT:monitorEntry:2560 - Entering a trade for STRAX-BTC failed.
2021-08-02 04:29:24.776 | DEBUG    | BL.bot.SwT:runTradingAlgorithm:2179 - symbol: STRAX-BTC conditions short: [True, True, True, True, True, True, True]
2021-08-02 04:29:24.783 | DEBUG    | BL.bot.SwT:runTradingAlgorithm:2237 - Symbol: STRAX-BTC, S_TradingEnabled: 1, short_sell_trade_count: 0, long_buy_trade_count: 0, fBuyTradeCount: 0
2021-08-02 04:29:26.129 | DEBUG    | BL.bot.SwT:monitorEntry:2540 - Entering trade for STRAX-BTC
2021-08-02 04:29:26.132 | INFO     | BL.bot.SwT:sendTradeOrder:3967 - Creating SELL for STRAX-BTC
2021-08-02 04:29:26.831 | INFO     | BL.bot.SwT:sendTradeOrder:3969 - SELL response for STRAX-BTC: {'status': "'NoneType' object is not subscriptable", 'direction': 'SELL', 'order_type': 'MARKET', 'symbol': 'STRAX-BTC', 'requested_qty': 19.73039677, 'executed_qty': 0, 'avg_price': 0.0, 'commission': 0.0, 'executed_time': datetime.datetime(2021, 8, 2, 4, 29, 26, 143014)}
2021-08-02 04:29:26.854 | WARNING  | BL.bot.SwT:sendTradeOrder:3982 - Response status is not FILLED: {'status': "'NoneType' object is not subscriptable", 'direction': 'SELL', 'order_type': 'MARKET', 'symbol': 'STRAX-BTC', 'requested_qty': 19.73039677, 'executed_qty': 0, 'avg_price': 0.0, 'commission': 0.0, 'executed_time': datetime.datetime(2021, 8, 2, 4, 29, 26, 143014)}
2021-08-02 04:29:26.870 | DEBUG    | BL.bot.SwT:monitorEntry:2542 - Trade entry response: {'status': "'NoneType' object is not subscriptable", 'direction': 'SELL', 'order_type': 'MARKET', 'symbol': 'STRAX-BTC', 'requested_qty': 19.73039677, 'executed_qty': 0, 'avg_price': 0.0, 'commission': 0.0, 'executed_time': datetime.datetime(2021, 8, 2, 4, 29, 26, 143014)}
2021-08-02 04:29:26.892 | WARNING  | BL.bot.SwT:monitorEntry:2555 - Entry order for STRAX-BTC was not filled.
2021-08-02 04:29:26.905 | WARNING  | BL.bot.SwT:monitorEntry:2560 - Entering a trade for STRAX-BTC failed.
2021-08-02 04:29:26.908 | DEBUG    | BL.bot.SwT:runTradingAlgorithm:2179 - symbol: STRAX-BTC conditions short: [True, True, True, True, True, True, True]
2021-08-02 04:29:26.923 | DEBUG    | BL.bot.SwT:runTradingAlgorithm:2237 - Symbol: STRAX-BTC, S_TradingEnabled: 1, short_sell_trade_count: 0, long_buy_trade_count: 0, fBuyTradeCount: 0
2021-08-02 04:29:28.441 | DEBUG    | BL.bot.SwT:monitorEntry:2540 - Entering trade for STRAX-BTC
2021-08-02 04:29:28.465 | INFO     | BL.bot.SwT:sendTradeOrder:3967 - Creating SELL for STRAX-BTC
2021-08-02 04:29:29.145 | INFO     | BL.bot.SwT:sendTradeOrder:3969 - SELL response for STRAX-BTC: {'status': "'NoneType' object is not subscriptable", 'direction': 'SELL', 'order_type': 'MARKET', 'symbol': 'STRAX-BTC', 'requested_qty': 19.73039677, 'executed_qty': 0, 'avg_price': 0.0, 'commission': 0.0, 'executed_time': datetime.datetime(2021, 8, 2, 4, 29, 28, 466285)}
2021-08-02 04:29:29.146 | WARNING  | BL.bot.SwT:sendTradeOrder:3982 - Response status is not FILLED: {'status': "'NoneType' object is not subscriptable", 'direction': 'SELL', 'order_type': 'MARKET', 'symbol': 'STRAX-BTC', 'requested_qty': 19.73039677, 'executed_qty': 0, 'avg_price': 0.0, 'commission': 0.0, 'executed_time': datetime.datetime(2021, 8, 2, 4, 29, 28, 466285)}
2021-08-02 04:29:29.147 | DEBUG    | BL.bot.SwT:monitorEntry:2542 - Trade entry response: {'status': "'NoneType' object is not subscriptable", 'direction': 'SELL', 'order_type': 'MARKET', 'symbol': 'STRAX-BTC', 'requested_qty': 19.73039677, 'executed_qty': 0, 'avg_price': 0.0, 'commission': 0.0, 'executed_time': datetime.datetime(2021, 8, 2, 4, 29, 28, 466285)}
2021-08-02 04:29:29.148 | WARNING  | BL.bot.SwT:monitorEntry:2555 - Entry order for STRAX-BTC was not filled.
2021-08-02 04:29:29.150 | WARNING  | BL.bot.SwT:monitorEntry:2560 - Entering a trade for STRAX-BTC failed.
2021-08-02 05:15:30.097 | DEBUG    | BL.bot.SwT:runTradingAlgorithm:2179 - symbol: PPC-BTC conditions short: [True, True, True, True, True, True, True]
2021-08-02 05:15:30.097 | DEBUG    | BL.bot.SwT:runTradingAlgorithm:2237 - Symbol: PPC-BTC, S_TradingEnabled: 1, short_sell_trade_count: 0, long_buy_trade_count: 0, fBuyTradeCount: 0
2021-08-02 05:18:27.598 | DEBUG    | BL.bot.SwT:runTradingAlgorithm:2179 - symbol: SOLVE-USDT conditions short: [True, True, True, True, True, True, True]
2021-08-02 05:18:27.605 | DEBUG    | BL.bot.SwT:runTradingAlgorithm:2237 - Symbol: SOLVE-USDT, S_TradingEnabled: 1, short_sell_trade_count: 0, long_buy_trade_count: 0, fBuyTradeCount: 0
2021-08-02 05:18:44.879 | DEBUG    | BL.bot.SwT:runTradingAlgorithm:2179 - symbol: SOLVE-USDT conditions short: [True, True, True, True, True, True, True]
2021-08-02 05:18:44.886 | DEBUG    | BL.bot.SwT:runTradingAlgorithm:2237 - Symbol: SOLVE-USDT, S_TradingEnabled: 1, short_sell_trade_count: 0, long_buy_trade_count: 0, fBuyTradeCount: 0
2021-08-02 05:33:28.234 | DEBUG    | BL.bot.SwT:checkEntryForRbuy:3700 - ST signal
2021-08-02 05:33:28.235 | DEBUG    | BL.bot.SwT:runTradingAlgorithm:2176 - symbol: ZRX-ETH conditions long: [True, True, True, True, True, True, True]
2021-08-02 05:34:23.000 | DEBUG    | BL.bot.SwT:checkEntryForRbuy:3700 - ST signal
2021-08-02 05:34:23.001 | DEBUG    | BL.bot.SwT:runTradingAlgorithm:2176 - symbol: PPC-BTC conditions long: [True, True, True, True, True, True, True]
2021-08-02 05:34:23.789 | DEBUG    | BL.bot.SwT:monitorEntry:2540 - Entering trade for PPC-BTC
2021-08-02 05:34:23.809 | INFO     | BL.bot.SwT:sendTradeOrder:3960 - Creating BUY for PPC-BTC
2021-08-02 05:34:24.514 | INFO     | BL.bot.SwT:sendTradeOrder:3962 - BUY response for PPC-BTC: {'status': "'NoneType' object is not subscriptable", 'direction': 'BUY', 'order_type': 'MARKET', 'symbol': 'PPC-BTC', 'requested_qty': 5.33807829, 'executed_qty': 0, 'avg_price': 0.0, 'commission': 0.0, 'executed_time': datetime.datetime(2021, 8, 2, 5, 34, 23, 810951)}
2021-08-02 05:34:24.515 | WARNING  | BL.bot.SwT:sendTradeOrder:3982 - Response status is not FILLED: {'status': "'NoneType' object is not subscriptable", 'direction': 'BUY', 'order_type': 'MARKET', 'symbol': 'PPC-BTC', 'requested_qty': 5.33807829, 'executed_qty': 0, 'avg_price': 0.0, 'commission': 0.0, 'executed_time': datetime.datetime(2021, 8, 2, 5, 34, 23, 810951)}
2021-08-02 05:34:24.516 | DEBUG    | BL.bot.SwT:monitorEntry:2542 - Trade entry response: {'status': "'NoneType' object is not subscriptable", 'direction': 'BUY', 'order_type': 'MARKET', 'symbol': 'PPC-BTC', 'requested_qty': 5.33807829, 'executed_qty': 0, 'avg_price': 0.0, 'commission': 0.0, 'executed_time': datetime.datetime(2021, 8, 2, 5, 34, 23, 810951)}
2021-08-02 05:34:24.517 | WARNING  | BL.bot.SwT:monitorEntry:2555 - Entry order for PPC-BTC was not filled.
2021-08-02 05:34:24.520 | WARNING  | BL.bot.SwT:monitorEntry:2560 - Entering a trade for PPC-BTC failed.
2021-08-02 05:45:13.379 | DEBUG    | BL.bot.SwT:checkEntryForRbuy:3700 - ST signal
2021-08-02 05:45:13.380 | DEBUG    | BL.bot.SwT:runTradingAlgorithm:2176 - symbol: SOLVE-USDT conditions long: [True, True, True, True, True, True, True]
2021-08-02 05:45:14.191 | DEBUG    | BL.bot.SwT:monitorEntry:2540 - Entering trade for SOLVE-USDT
2021-08-02 05:45:14.193 | INFO     | BL.bot.SwT:sendTradeOrder:3960 - Creating BUY for SOLVE-USDT
2021-08-02 05:45:15.530 | DEBUG    | BL.Exchanges.Bittrex.BittrexClient:_make_trade_order:230 - Order closed: {'id': 'b8b39695-de74-4206-85f8-5ff329382894', 'marketSymbol': 'SOLVE-USDT', 'direction': 'BUY', 'type': 'MARKET', 'quantity': '3112.67898000', 'timeInForce': 'IMMEDIATE_OR_CANCEL', 'fillQuantity': '3112.67898000', 'commission': '0.30039565', 'proceeds': '150.19782997', 'status': 'CLOSED', 'createdAt': '2021-08-02T10:45:04.72Z', 'updatedAt': '2021-08-02T10:45:04.72Z', 'closedAt': '2021-08-02T10:45:04.72Z'}
2021-08-02 05:45:15.531 | INFO     | BL.bot.SwT:sendTradeOrder:3962 - BUY response for SOLVE-USDT: {'status': 'FILLED', 'direction': 'BUY', 'order_type': 'MARKET', 'symbol': 'SOLVE-USDT', 'requested_qty': 3112.67898, 'executed_qty': 3112.67898, 'avg_price': 0.048253556160166564, 'commission': 0.30039565, 'executed_time': datetime.datetime(2021, 8, 2, 5, 45, 14, 194436)}
2021-08-02 05:45:16.858 | DEBUG    | BL.bot.SwT:monitorEntry:2542 - Trade entry response: {'status': 'FILLED', 'direction': 'BUY', 'order_type': 'MARKET', 'symbol': 'SOLVE-USDT', 'requested_qty': 3112.67898, 'executed_qty': 3112.67898, 'avg_price': 0.048253556160166564, 'commission': 0.30039565, 'executed_time': datetime.datetime(2021, 8, 2, 5, 45, 14, 194436)}
2021-08-02 05:45:17.183 | DEBUG    | BL.bot.SwT:checkEntryForRbuy:3700 - ST signal
2021-08-02 05:45:17.184 | DEBUG    | BL.bot.SwT:runTradingAlgorithm:2176 - symbol: SOLVE-USDT conditions long: [True, True, True, True, True, True, True]
2021-08-02 05:59:04.976 | DEBUG    | BL.bot.SwT:runTradingAlgorithm:2179 - symbol: STRAX-BTC conditions short: [True, True, True, True, True, True, True]
2021-08-02 05:59:04.984 | DEBUG    | BL.bot.SwT:runTradingAlgorithm:2237 - Symbol: STRAX-BTC, S_TradingEnabled: 1, short_sell_trade_count: 0, long_buy_trade_count: 0, fBuyTradeCount: 0
2021-08-02 05:59:06.866 | DEBUG    | BL.bot.SwT:runTradingAlgorithm:2179 - symbol: STRAX-BTC conditions short: [True, True, True, True, True, True, True]
2021-08-02 05:59:06.873 | DEBUG    | BL.bot.SwT:runTradingAlgorithm:2237 - Symbol: STRAX-BTC, S_TradingEnabled: 1, short_sell_trade_count: 0, long_buy_trade_count: 0, fBuyTradeCount: 0
2021-08-02 05:59:08.589 | DEBUG    | BL.bot.SwT:runTradingAlgorithm:2179 - symbol: STRAX-BTC conditions short: [True, True, True, True, True, True, True]
2021-08-02 05:59:08.606 | DEBUG    | BL.bot.SwT:runTradingAlgorithm:2237 - Symbol: STRAX-BTC, S_TradingEnabled: 1, short_sell_trade_count: 0, long_buy_trade_count: 0, fBuyTradeCount: 0
2021-08-02 05:59:10.885 | DEBUG    | BL.bot.SwT:runTradingAlgorithm:2179 - symbol: STRAX-BTC conditions short: [True, True, True, True, True, True, True]
2021-08-02 05:59:10.892 | DEBUG    | BL.bot.SwT:runTradingAlgorithm:2237 - Symbol: STRAX-BTC, S_TradingEnabled: 1, short_sell_trade_count: 0, long_buy_trade_count: 0, fBuyTradeCount: 0
2021-08-02 05:59:55.846 | DEBUG    | BL.bot.SwT:runTradingAlgorithm:2179 - symbol: STRAX-BTC conditions short: [True, True, True, True, True, True, True]
2021-08-02 05:59:55.861 | DEBUG    | BL.bot.SwT:runTradingAlgorithm:2237 - Symbol: STRAX-BTC, S_TradingEnabled: 1, short_sell_trade_count: 0, long_buy_trade_count: 0, fBuyTradeCount: 0
2021-08-02 06:03:05.034 | DEBUG    | BL.bot.SwT:monitorExit:2824 - Exiting trade for SOLVE-USDT
2021-08-02 06:03:05.047 | INFO     | BL.bot.SwT:sendTradeOrder:3967 - Creating SELL for SOLVE-USDT
2021-08-02 06:03:06.376 | DEBUG    | BL.Exchanges.Bittrex.BittrexClient:_make_trade_order:230 - Order closed: {'id': '29e574c6-9b88-4892-a86f-9bd1e1d7dc0f', 'marketSymbol': 'SOLVE-USDT', 'direction': 'SELL', 'type': 'MARKET', 'quantity': '3112.67898000', 'timeInForce': 'IMMEDIATE_OR_CANCEL', 'fillQuantity': '3112.67898000', 'commission': '0.29307689', 'proceeds': '146.53845794', 'status': 'CLOSED', 'createdAt': '2021-08-02T11:02:55.58Z', 'updatedAt': '2021-08-02T11:02:55.58Z', 'closedAt': '2021-08-02T11:02:55.58Z'}
2021-08-02 06:03:06.378 | INFO     | BL.bot.SwT:sendTradeOrder:3969 - SELL response for SOLVE-USDT: {'status': 'FILLED', 'direction': 'SELL', 'order_type': 'MARKET', 'symbol': 'SOLVE-USDT', 'requested_qty': 3112.67898, 'executed_qty': 3112.67898, 'avg_price': 0.04707792190635733, 'commission': 0.29307689, 'executed_time': datetime.datetime(2021, 8, 2, 6, 3, 5, 48823)}
2021-08-02 06:03:07.680 | DEBUG    | BL.bot.SwT:monitorExit:2826 - Trade exit response: {'status': 'FILLED', 'direction': 'SELL', 'order_type': 'MARKET', 'symbol': 'SOLVE-USDT', 'requested_qty': 3112.67898, 'executed_qty': 3112.67898, 'avg_price': 0.04707792190635733, 'commission': 0.29307689, 'executed_time': datetime.datetime(2021, 8, 2, 6, 3, 5, 48823)}
2021-08-02 06:06:28.863 | DEBUG    | BL.bot.SwT:runTradingAlgorithm:2179 - symbol: SOLVE-USDT conditions short: [True, True, True, True, True, True, True]
2021-08-02 06:06:28.865 | DEBUG    | BL.bot.SwT:runTradingAlgorithm:2179 - symbol: SOLVE-USDT conditions short: [True, True, True, True, True, True, True]
2021-08-02 06:06:28.872 | DEBUG    | BL.bot.SwT:runTradingAlgorithm:2237 - Symbol: SOLVE-USDT, S_TradingEnabled: 1, short_sell_trade_count: 0, long_buy_trade_count: 0, fBuyTradeCount: 0
2021-08-02 06:06:28.873 | DEBUG    | BL.bot.SwT:runTradingAlgorithm:2237 - Symbol: SOLVE-USDT, S_TradingEnabled: 1, short_sell_trade_count: 0, long_buy_trade_count: 0, fBuyTradeCount: 0
2021-08-02 06:20:09.370 | DEBUG    | BL.bot.SwT:checkEntryForRbuy:3700 - ST signal
2021-08-02 06:20:09.382 | DEBUG    | BL.bot.SwT:checkEntryForRbuy:3700 - ST signal
2021-08-02 06:20:09.382 | DEBUG    | BL.bot.SwT:runTradingAlgorithm:2176 - symbol: XTZ-USDT conditions long: [True, True, True, True, True, True, True]
2021-08-02 06:20:09.383 | DEBUG    | BL.bot.SwT:runTradingAlgorithm:2176 - symbol: XTZ-USDT conditions long: [True, True, True, True, True, True, True]
2021-08-02 06:20:09.420 | DEBUG    | BL.bot.SwT:checkEntryForRbuy:3700 - ST signal
2021-08-02 06:20:09.421 | DEBUG    | BL.bot.SwT:runTradingAlgorithm:2176 - symbol: XTZ-USDT conditions long: [True, True, True, True, True, True, True]
2021-08-02 06:20:10.076 | DEBUG    | BL.bot.SwT:monitorEntry:2540 - Entering trade for XTZ-USDT
2021-08-02 06:20:10.078 | INFO     | BL.bot.SwT:sendTradeOrder:3960 - Creating BUY for XTZ-USDT
2021-08-02 06:20:10.163 | DEBUG    | BL.bot.SwT:monitorEntry:2540 - Entering trade for XTZ-USDT
2021-08-02 06:20:10.188 | INFO     | BL.bot.SwT:sendTradeOrder:3960 - Creating BUY for XTZ-USDT
2021-08-02 06:20:10.221 | DEBUG    | BL.bot.SwT:monitorEntry:2540 - Entering trade for XTZ-USDT
2021-08-02 06:20:10.236 | INFO     | BL.bot.SwT:sendTradeOrder:3960 - Creating BUY for XTZ-USDT
2021-08-02 06:20:11.412 | DEBUG    | BL.Exchanges.Bittrex.BittrexClient:_make_trade_order:230 - Order closed: {'id': '03e0850d-e8ec-495a-899b-9c4d0d563c83', 'marketSymbol': 'XTZ-USDT', 'direction': 'BUY', 'type': 'MARKET', 'quantity': '48.09233729', 'timeInForce': 'IMMEDIATE_OR_CANCEL', 'fillQuantity': '48.09233729', 'commission': '0.30068005', 'proceeds': '150.34002721', 'status': 'CLOSED', 'createdAt': '2021-08-02T11:20:00.61Z', 'updatedAt': '2021-08-02T11:20:00.61Z', 'closedAt': '2021-08-02T11:20:00.61Z'}
2021-08-02 06:20:11.414 | INFO     | BL.bot.SwT:sendTradeOrder:3962 - BUY response for XTZ-USDT: {'status': 'FILLED', 'direction': 'BUY', 'order_type': 'MARKET', 'symbol': 'XTZ-USDT', 'requested_qty': 48.09233729, 'executed_qty': 48.09233729, 'avg_price': 3.126070298963421, 'commission': 0.30068005, 'executed_time': datetime.datetime(2021, 8, 2, 6, 20, 10, 78210)}
2021-08-02 06:20:11.536 | DEBUG    | BL.Exchanges.Bittrex.BittrexClient:_make_trade_order:230 - Order closed: {'id': '23696298-f547-449a-be0b-4cba452b5ee8', 'marketSymbol': 'XTZ-USDT', 'direction': 'BUY', 'type': 'MARKET', 'quantity': '48.09233729', 'timeInForce': 'IMMEDIATE_OR_CANCEL', 'fillQuantity': '48.09233729', 'commission': '0.30070214', 'proceeds': '150.35107310', 'status': 'CLOSED', 'createdAt': '2021-08-02T11:20:00.73Z', 'updatedAt': '2021-08-02T11:20:00.73Z', 'closedAt': '2021-08-02T11:20:00.73Z'}
2021-08-02 06:20:11.537 | INFO     | BL.bot.SwT:sendTradeOrder:3962 - BUY response for XTZ-USDT: {'status': 'FILLED', 'direction': 'BUY', 'order_type': 'MARKET', 'symbol': 'XTZ-USDT', 'requested_qty': 48.09233729, 'executed_qty': 48.09233729, 'avg_price': 3.1262999798361433, 'commission': 0.30070214, 'executed_time': datetime.datetime(2021, 8, 2, 6, 20, 10, 205869)}
2021-08-02 06:20:11.570 | DEBUG    | BL.Exchanges.Bittrex.BittrexClient:_make_trade_order:230 - Order closed: {'id': '927740bf-8832-4070-8b55-ca63ac4fd62d', 'marketSymbol': 'XTZ-USDT', 'direction': 'BUY', 'type': 'MARKET', 'quantity': '48.09233729', 'timeInForce': 'IMMEDIATE_OR_CANCEL', 'fillQuantity': '48.09233729', 'commission': '0.30071430', 'proceeds': '150.35715537', 'status': 'CLOSED', 'createdAt': '2021-08-02T11:20:00.76Z', 'updatedAt': '2021-08-02T11:20:00.76Z', 'closedAt': '2021-08-02T11:20:00.76Z'}
2021-08-02 06:20:11.571 | INFO     | BL.bot.SwT:sendTradeOrder:3962 - BUY response for XTZ-USDT: {'status': 'FILLED', 'direction': 'BUY', 'order_type': 'MARKET', 'symbol': 'XTZ-USDT', 'requested_qty': 48.09233729, 'executed_qty': 48.09233729, 'avg_price': 3.12642645050367, 'commission': 0.3007143, 'executed_time': datetime.datetime(2021, 8, 2, 6, 20, 10, 237784)}
2021-08-02 06:20:12.888 | DEBUG    | BL.bot.SwT:monitorEntry:2542 - Trade entry response: {'status': 'FILLED', 'direction': 'BUY', 'order_type': 'MARKET', 'symbol': 'XTZ-USDT', 'requested_qty': 48.09233729, 'executed_qty': 48.09233729, 'avg_price': 3.126070298963421, 'commission': 0.30068005, 'executed_time': datetime.datetime(2021, 8, 2, 6, 20, 10, 78210)}
2021-08-02 06:20:12.901 | DEBUG    | BL.bot.SwT:monitorEntry:2542 - Trade entry response: {'status': 'FILLED', 'direction': 'BUY', 'order_type': 'MARKET', 'symbol': 'XTZ-USDT', 'requested_qty': 48.09233729, 'executed_qty': 48.09233729, 'avg_price': 3.12642645050367, 'commission': 0.3007143, 'executed_time': datetime.datetime(2021, 8, 2, 6, 20, 10, 237784)}
2021-08-02 06:20:12.902 | DEBUG    | BL.bot.SwT:monitorEntry:2542 - Trade entry response: {'status': 'FILLED', 'direction': 'BUY', 'order_type': 'MARKET', 'symbol': 'XTZ-USDT', 'requested_qty': 48.09233729, 'executed_qty': 48.09233729, 'avg_price': 3.1262999798361433, 'commission': 0.30070214, 'executed_time': datetime.datetime(2021, 8, 2, 6, 20, 10, 205869)}
2021-08-02 06:20:12.903 | DEBUG    | BL.bot.SwT:checkEntryForRbuy:3700 - ST signal
2021-08-02 06:20:12.942 | DEBUG    | BL.bot.SwT:checkEntryForRbuy:3700 - ST signal
2021-08-02 06:20:12.949 | DEBUG    | BL.bot.SwT:runTradingAlgorithm:2176 - symbol: XTZ-USDT conditions long: [True, True, True, True, True, True, True]
2021-08-02 06:20:12.962 | DEBUG    | BL.bot.SwT:runTradingAlgorithm:2176 - symbol: XTZ-USDT conditions long: [True, True, True, True, True, True, True]
2021-08-02 06:20:12.970 | DEBUG    | BL.bot.SwT:checkEntryForRbuy:3700 - ST signal
2021-08-02 06:20:12.993 | DEBUG    | BL.bot.SwT:runTradingAlgorithm:2176 - symbol: XTZ-USDT conditions long: [True, True, True, True, True, True, True]
2021-08-02 06:45:29.856 | DEBUG    | BL.bot.SwT:checkEntryForRbuy:3700 - ST signal
2021-08-02 06:45:29.857 | DEBUG    | BL.bot.SwT:checkEntryForRbuy:3700 - ST signal
2021-08-02 06:45:29.858 | DEBUG    | BL.bot.SwT:runTradingAlgorithm:2176 - symbol: ZRX-USDT conditions long: [True, True, True, True, True, True, True]
2021-08-02 06:45:29.858 | DEBUG    | BL.bot.SwT:runTradingAlgorithm:2176 - symbol: ZRX-USDT conditions long: [True, True, True, True, True, True, True]
2021-08-02 06:45:29.892 | DEBUG    | BL.bot.SwT:checkEntryForRbuy:3700 - ST signal
2021-08-02 06:45:29.893 | DEBUG    | BL.bot.SwT:runTradingAlgorithm:2176 - symbol: ZRX-USDT conditions long: [True, True, True, True, True, True, True]
2021-08-02 06:45:30.670 | DEBUG    | BL.bot.SwT:monitorEntry:2540 - Entering trade for ZRX-USDT
2021-08-02 06:45:30.671 | DEBUG    | BL.bot.SwT:monitorEntry:2540 - Entering trade for ZRX-USDT
2021-08-02 06:45:30.680 | DEBUG    | BL.bot.SwT:monitorEntry:2540 - Entering trade for ZRX-USDT
2021-08-02 06:45:30.704 | INFO     | BL.bot.SwT:sendTradeOrder:3960 - Creating BUY for ZRX-USDT
2021-08-02 06:45:30.716 | INFO     | BL.bot.SwT:sendTradeOrder:3960 - Creating BUY for ZRX-USDT
2021-08-02 06:45:30.718 | INFO     | BL.bot.SwT:sendTradeOrder:3960 - Creating BUY for ZRX-USDT
2021-08-02 06:45:32.135 | DEBUG    | BL.Exchanges.Bittrex.BittrexClient:_make_trade_order:230 - Order closed: {'id': '3a1f61f7-b6a2-4e5d-881d-4491554de813', 'marketSymbol': 'ZRX-USDT', 'direction': 'BUY', 'type': 'MARKET', 'quantity': '185.85057614', 'timeInForce': 'IMMEDIATE_OR_CANCEL', 'fillQuantity': '185.85057614', 'commission': '0.30065699', 'proceeds': '150.32850481', 'status': 'CLOSED', 'createdAt': '2021-08-02T11:45:21.3Z', 'updatedAt': '2021-08-02T11:45:21.3Z', 'closedAt': '2021-08-02T11:45:21.3Z'}
2021-08-02 06:45:32.136 | INFO     | BL.bot.SwT:sendTradeOrder:3962 - BUY response for ZRX-USDT: {'status': 'FILLED', 'direction': 'BUY', 'order_type': 'MARKET', 'symbol': 'ZRX-USDT', 'requested_qty': 185.85057614, 'executed_qty': 185.85057614, 'avg_price': 0.8088675748670187, 'commission': 0.30065699, 'executed_time': datetime.datetime(2021, 8, 2, 6, 45, 30, 728307)}
2021-08-02 06:45:32.169 | DEBUG    | BL.Exchanges.Bittrex.BittrexClient:_make_trade_order:230 - Order closed: {'id': '9c7a00a5-4af6-4ff9-9f1e-042d38f791ac', 'marketSymbol': 'ZRX-USDT', 'direction': 'BUY', 'type': 'MARKET', 'quantity': '185.85057614', 'timeInForce': 'IMMEDIATE_OR_CANCEL', 'fillQuantity': '185.85057614', 'commission': '0.30067742', 'proceeds': '150.33871081', 'status': 'CLOSED', 'createdAt': '2021-08-02T11:45:21.33Z', 'updatedAt': '2021-08-02T11:45:21.33Z', 'closedAt': '2021-08-02T11:45:21.33Z'}
2021-08-02 06:45:32.170 | DEBUG    | BL.Exchanges.Bittrex.BittrexClient:_make_trade_order:230 - Order closed: {'id': 'fe22da2b-15da-4c4c-85bf-2cfc62a3fe41', 'marketSymbol': 'ZRX-USDT', 'direction': 'BUY', 'type': 'MARKET', 'quantity': '185.85057614', 'timeInForce': 'IMMEDIATE_OR_CANCEL', 'fillQuantity': '185.85057614', 'commission': '0.30067742', 'proceeds': '150.33871081', 'status': 'CLOSED', 'createdAt': '2021-08-02T11:45:21.34Z', 'updatedAt': '2021-08-02T11:45:21.34Z', 'closedAt': '2021-08-02T11:45:21.34Z'}
2021-08-02 06:45:32.171 | INFO     | BL.bot.SwT:sendTradeOrder:3962 - BUY response for ZRX-USDT: {'status': 'FILLED', 'direction': 'BUY', 'order_type': 'MARKET', 'symbol': 'ZRX-USDT', 'requested_qty': 185.85057614, 'executed_qty': 185.85057614, 'avg_price': 0.8089224899510178, 'commission': 0.30067742, 'executed_time': datetime.datetime(2021, 8, 2, 6, 45, 30, 727309)}
2021-08-02 06:45:32.184 | INFO     | BL.bot.SwT:sendTradeOrder:3962 - BUY response for ZRX-USDT: {'status': 'FILLED', 'direction': 'BUY', 'order_type': 'MARKET', 'symbol': 'ZRX-USDT', 'requested_qty': 185.85057614, 'executed_qty': 185.85057614, 'avg_price': 0.8089224899510178, 'commission': 0.30067742, 'executed_time': datetime.datetime(2021, 8, 2, 6, 45, 30, 739277)}
2021-08-02 06:45:33.460 | DEBUG    | BL.bot.SwT:monitorEntry:2542 - Trade entry response: {'status': 'FILLED', 'direction': 'BUY', 'order_type': 'MARKET', 'symbol': 'ZRX-USDT', 'requested_qty': 185.85057614, 'executed_qty': 185.85057614, 'avg_price': 0.8088675748670187, 'commission': 0.30065699, 'executed_time': datetime.datetime(2021, 8, 2, 6, 45, 30, 728307)}
2021-08-02 06:45:33.468 | DEBUG    | BL.bot.SwT:checkEntryForRbuy:3700 - ST signal
2021-08-02 06:45:33.469 | DEBUG    | BL.bot.SwT:runTradingAlgorithm:2176 - symbol: ZRX-USDT conditions long: [True, True, True, True, True, True, True]
2021-08-02 06:45:33.520 | DEBUG    | BL.bot.SwT:monitorEntry:2542 - Trade entry response: {'status': 'FILLED', 'direction': 'BUY', 'order_type': 'MARKET', 'symbol': 'ZRX-USDT', 'requested_qty': 185.85057614, 'executed_qty': 185.85057614, 'avg_price': 0.8089224899510178, 'commission': 0.30067742, 'executed_time': datetime.datetime(2021, 8, 2, 6, 45, 30, 727309)}
2021-08-02 06:45:33.534 | DEBUG    | BL.bot.SwT:checkEntryForRbuy:3700 - ST signal
2021-08-02 06:45:33.535 | DEBUG    | BL.bot.SwT:runTradingAlgorithm:2176 - symbol: ZRX-USDT conditions long: [True, True, True, True, True, True, True]
2021-08-02 06:45:33.562 | DEBUG    | BL.bot.SwT:monitorEntry:2542 - Trade entry response: {'status': 'FILLED', 'direction': 'BUY', 'order_type': 'MARKET', 'symbol': 'ZRX-USDT', 'requested_qty': 185.85057614, 'executed_qty': 185.85057614, 'avg_price': 0.8089224899510178, 'commission': 0.30067742, 'executed_time': datetime.datetime(2021, 8, 2, 6, 45, 30, 739277)}
2021-08-02 06:45:33.571 | DEBUG    | BL.bot.SwT:checkEntryForRbuy:3700 - ST signal
2021-08-02 06:45:33.574 | DEBUG    | BL.bot.SwT:runTradingAlgorithm:2176 - symbol: ZRX-USDT conditions long: [True, True, True, True, True, True, True]
2021-08-02 06:56:51.147 | DEBUG    | BL.bot.SwT:runTradingAlgorithm:2179 - symbol: STRAX-BTC conditions short: [True, True, True, True, True, True, True]
2021-08-02 06:56:51.149 | DEBUG    | BL.bot.SwT:runTradingAlgorithm:2179 - symbol: STRAX-BTC conditions short: [True, True, True, True, True, True, True]
2021-08-02 06:56:51.151 | DEBUG    | BL.bot.SwT:runTradingAlgorithm:2179 - symbol: STRAX-BTC conditions short: [True, True, True, True, True, True, True]
2021-08-02 06:56:51.158 | DEBUG    | BL.bot.SwT:runTradingAlgorithm:2237 - Symbol: STRAX-BTC, S_TradingEnabled: 1, short_sell_trade_count: 0, long_buy_trade_count: 0, fBuyTradeCount: 0
2021-08-02 06:56:51.159 | DEBUG    | BL.bot.SwT:runTradingAlgorithm:2237 - Symbol: STRAX-BTC, S_TradingEnabled: 1, short_sell_trade_count: 0, long_buy_trade_count: 0, fBuyTradeCount: 0
2021-08-02 06:56:51.162 | DEBUG    | BL.bot.SwT:runTradingAlgorithm:2237 - Symbol: STRAX-BTC, S_TradingEnabled: 1, short_sell_trade_count: 0, long_buy_trade_count: 0, fBuyTradeCount: 0
2021-08-02 06:56:52.628 | DEBUG    | BL.bot.SwT:monitorEntry:2540 - Entering trade for STRAX-BTC
2021-08-02 06:56:52.641 | INFO     | BL.bot.SwT:sendTradeOrder:3967 - Creating SELL for STRAX-BTC
2021-08-02 06:56:52.675 | DEBUG    | BL.bot.SwT:monitorEntry:2540 - Entering trade for STRAX-BTC
2021-08-02 06:56:52.699 | DEBUG    | BL.bot.SwT:monitorEntry:2540 - Entering trade for STRAX-BTC
2021-08-02 06:56:52.711 | INFO     | BL.bot.SwT:sendTradeOrder:3967 - Creating SELL for STRAX-BTC
2021-08-02 06:56:52.712 | INFO     | BL.bot.SwT:sendTradeOrder:3967 - Creating SELL for STRAX-BTC
2021-08-02 06:56:53.966 | DEBUG    | BL.Exchanges.Bittrex.BittrexClient:_make_trade_order:230 - Order closed: {'id': '628adc8a-2c4a-49b2-8062-e498a3bc2b6a', 'marketSymbol': 'STRAX-BTC', 'direction': 'SELL', 'type': 'MARKET', 'quantity': '2.35525025', 'timeInForce': 'IMMEDIATE_OR_CANCEL', 'fillQuantity': '2.35525025', 'commission': '0.00000024', 'proceeds': '0.00012000', 'status': 'CLOSED', 'createdAt': '2021-08-02T11:56:43.18Z', 'updatedAt': '2021-08-02T11:56:43.18Z', 'closedAt': '2021-08-02T11:56:43.18Z'}
2021-08-02 06:56:53.967 | INFO     | BL.bot.SwT:sendTradeOrder:3969 - SELL response for STRAX-BTC: {'status': 'FILLED', 'direction': 'SELL', 'order_type': 'MARKET', 'symbol': 'STRAX-BTC', 'requested_qty': 2.35525025, 'executed_qty': 2.35525025, 'avg_price': 5.094999989916146e-05, 'commission': 2.4e-07, 'executed_time': datetime.datetime(2021, 8, 2, 6, 56, 52, 644151)}
2021-08-02 06:56:54.045 | DEBUG    | BL.Exchanges.Bittrex.BittrexClient:_make_trade_order:230 - Order closed: {'id': '5ac6dce2-937a-4a7e-a57a-c779be1320ab', 'marketSymbol': 'STRAX-BTC', 'direction': 'SELL', 'type': 'MARKET', 'quantity': '2.35525025', 'timeInForce': 'IMMEDIATE_OR_CANCEL', 'fillQuantity': '2.35525025', 'commission': '0.00000024', 'proceeds': '0.00012000', 'status': 'CLOSED', 'createdAt': '2021-08-02T11:56:43.26Z', 'updatedAt': '2021-08-02T11:56:43.26Z', 'closedAt': '2021-08-02T11:56:43.26Z'}
2021-08-02 06:56:54.046 | INFO     | BL.bot.SwT:sendTradeOrder:3969 - SELL response for STRAX-BTC: {'status': 'FILLED', 'direction': 'SELL', 'order_type': 'MARKET', 'symbol': 'STRAX-BTC', 'requested_qty': 2.35525025, 'executed_qty': 2.35525025, 'avg_price': 5.094999989916146e-05, 'commission': 2.4e-07, 'executed_time': datetime.datetime(2021, 8, 2, 6, 56, 52, 712967)}
2021-08-02 06:56:54.409 | DEBUG    | BL.Exchanges.Bittrex.BittrexClient:_make_trade_order:230 - Order closed: {'id': '213697c8-32ae-47b8-9714-4c8d50514d5f', 'marketSymbol': 'STRAX-BTC', 'direction': 'SELL', 'type': 'MARKET', 'quantity': '2.35525025', 'timeInForce': 'IMMEDIATE_OR_CANCEL', 'fillQuantity': '2.35525025', 'commission': '0.00000023', 'proceeds': '0.00011972', 'status': 'CLOSED', 'createdAt': '2021-08-02T11:56:43.63Z', 'updatedAt': '2021-08-02T11:56:43.63Z', 'closedAt': '2021-08-02T11:56:43.63Z'}
2021-08-02 06:56:54.410 | INFO     | BL.bot.SwT:sendTradeOrder:3969 - SELL response for STRAX-BTC: {'status': 'FILLED', 'direction': 'SELL', 'order_type': 'MARKET', 'symbol': 'STRAX-BTC', 'requested_qty': 2.35525025, 'executed_qty': 2.35525025, 'avg_price': 5.083111656606341e-05, 'commission': 2.3e-07, 'executed_time': datetime.datetime(2021, 8, 2, 6, 56, 52, 713964)}
2021-08-02 06:56:55.298 | DEBUG    | BL.bot.SwT:monitorEntry:2542 - Trade entry response: {'status': 'FILLED', 'direction': 'SELL', 'order_type': 'MARKET', 'symbol': 'STRAX-BTC', 'requested_qty': 2.35525025, 'executed_qty': 2.35525025, 'avg_price': 5.094999989916146e-05, 'commission': 2.4e-07, 'executed_time': datetime.datetime(2021, 8, 2, 6, 56, 52, 644151)}
2021-08-02 06:56:55.305 | DEBUG    | BL.bot.SwT:runTradingAlgorithm:2179 - symbol: STRAX-BTC conditions short: [True, True, True, True, True, True, True]
2021-08-02 06:56:55.312 | DEBUG    | BL.bot.SwT:runTradingAlgorithm:2237 - Symbol: STRAX-BTC, S_TradingEnabled: 1, short_sell_trade_count: 1, long_buy_trade_count: 0, fBuyTradeCount: 0
2021-08-02 06:56:55.366 | DEBUG    | BL.bot.SwT:monitorEntry:2542 - Trade entry response: {'status': 'FILLED', 'direction': 'SELL', 'order_type': 'MARKET', 'symbol': 'STRAX-BTC', 'requested_qty': 2.35525025, 'executed_qty': 2.35525025, 'avg_price': 5.094999989916146e-05, 'commission': 2.4e-07, 'executed_time': datetime.datetime(2021, 8, 2, 6, 56, 52, 712967)}
2021-08-02 06:56:55.379 | DEBUG    | BL.bot.SwT:runTradingAlgorithm:2179 - symbol: STRAX-BTC conditions short: [True, True, True, True, True, True, True]
2021-08-02 06:56:55.386 | DEBUG    | BL.bot.SwT:runTradingAlgorithm:2237 - Symbol: STRAX-BTC, S_TradingEnabled: 1, short_sell_trade_count: 2, long_buy_trade_count: 0, fBuyTradeCount: 0
2021-08-02 06:56:55.740 | DEBUG    | BL.bot.SwT:monitorEntry:2542 - Trade entry response: {'status': 'FILLED', 'direction': 'SELL', 'order_type': 'MARKET', 'symbol': 'STRAX-BTC', 'requested_qty': 2.35525025, 'executed_qty': 2.35525025, 'avg_price': 5.083111656606341e-05, 'commission': 2.3e-07, 'executed_time': datetime.datetime(2021, 8, 2, 6, 56, 52, 713964)}
2021-08-02 06:56:55.750 | DEBUG    | BL.bot.SwT:runTradingAlgorithm:2179 - symbol: STRAX-BTC conditions short: [True, True, True, True, True, True, True]
2021-08-02 06:56:55.758 | DEBUG    | BL.bot.SwT:runTradingAlgorithm:2237 - Symbol: STRAX-BTC, S_TradingEnabled: 1, short_sell_trade_count: 3, long_buy_trade_count: 0, fBuyTradeCount: 0
2021-08-02 06:59:39.400 | DEBUG    | BL.bot.SwT:runTradingAlgorithm:2179 - symbol: STRAX-BTC conditions short: [True, True, True, True, True, True, True]
2021-08-02 06:59:39.400 | DEBUG    | BL.bot.SwT:runTradingAlgorithm:2179 - symbol: STRAX-BTC conditions short: [True, True, True, True, True, True, True]
2021-08-02 06:59:39.416 | DEBUG    | BL.bot.SwT:runTradingAlgorithm:2237 - Symbol: STRAX-BTC, S_TradingEnabled: 1, short_sell_trade_count: 3, long_buy_trade_count: 0, fBuyTradeCount: 0
2021-08-02 06:59:39.416 | DEBUG    | BL.bot.SwT:runTradingAlgorithm:2237 - Symbol: STRAX-BTC, S_TradingEnabled: 1, short_sell_trade_count: 3, long_buy_trade_count: 0, fBuyTradeCount: 0
2021-08-02 06:59:39.416 | DEBUG    | BL.bot.SwT:runTradingAlgorithm:2179 - symbol: STRAX-BTC conditions short: [True, True, True, True, True, True, True]
2021-08-02 06:59:39.432 | DEBUG    | BL.bot.SwT:runTradingAlgorithm:2237 - Symbol: STRAX-BTC, S_TradingEnabled: 1, short_sell_trade_count: 3, long_buy_trade_count: 0, fBuyTradeCount: 0
2021-08-02 06:59:40.449 | DEBUG    | BL.bot.SwT:runTradingAlgorithm:2179 - symbol: STRAX-BTC conditions short: [True, True, True, True, True, True, True]
2021-08-02 06:59:40.449 | DEBUG    | BL.bot.SwT:runTradingAlgorithm:2237 - Symbol: STRAX-BTC, S_TradingEnabled: 1, short_sell_trade_count: 3, long_buy_trade_count: 0, fBuyTradeCount: 0
2021-08-02 06:59:40.469 | DEBUG    | BL.bot.SwT:runTradingAlgorithm:2179 - symbol: STRAX-BTC conditions short: [True, True, True, True, True, True, True]
2021-08-02 06:59:40.476 | DEBUG    | BL.bot.SwT:runTradingAlgorithm:2237 - Symbol: STRAX-BTC, S_TradingEnabled: 1, short_sell_trade_count: 3, long_buy_trade_count: 0, fBuyTradeCount: 0
2021-08-02 06:59:40.480 | DEBUG    | BL.bot.SwT:runTradingAlgorithm:2179 - symbol: STRAX-BTC conditions short: [True, True, True, True, True, True, True]
2021-08-02 06:59:40.507 | DEBUG    | BL.bot.SwT:runTradingAlgorithm:2237 - Symbol: STRAX-BTC, S_TradingEnabled: 1, short_sell_trade_count: 3, long_buy_trade_count: 0, fBuyTradeCount: 0
2021-08-02 06:59:41.460 | DEBUG    | BL.bot.SwT:runTradingAlgorithm:2179 - symbol: STRAX-BTC conditions short: [True, True, True, True, True, True, True]
2021-08-02 06:59:41.460 | DEBUG    | BL.bot.SwT:runTradingAlgorithm:2179 - symbol: STRAX-BTC conditions short: [True, True, True, True, True, True, True]
2021-08-02 06:59:41.460 | DEBUG    | BL.bot.SwT:runTradingAlgorithm:2179 - symbol: STRAX-BTC conditions short: [True, True, True, True, True, True, True]
2021-08-02 06:59:41.477 | DEBUG    | BL.bot.SwT:runTradingAlgorithm:2237 - Symbol: STRAX-BTC, S_TradingEnabled: 1, short_sell_trade_count: 3, long_buy_trade_count: 0, fBuyTradeCount: 0
2021-08-02 06:59:41.483 | DEBUG    | BL.bot.SwT:runTradingAlgorithm:2237 - Symbol: STRAX-BTC, S_TradingEnabled: 1, short_sell_trade_count: 3, long_buy_trade_count: 0, fBuyTradeCount: 0
2021-08-02 06:59:41.488 | DEBUG    | BL.bot.SwT:runTradingAlgorithm:2237 - Symbol: STRAX-BTC, S_TradingEnabled: 1, short_sell_trade_count: 3, long_buy_trade_count: 0, fBuyTradeCount: 0
2021-08-02 06:59:45.691 | DEBUG    | BL.bot.SwT:runTradingAlgorithm:2179 - symbol: STRAX-BTC conditions short: [True, True, True, True, True, True, True]
2021-08-02 06:59:45.691 | DEBUG    | BL.bot.SwT:runTradingAlgorithm:2179 - symbol: STRAX-BTC conditions short: [True, True, True, True, True, True, True]
2021-08-02 06:59:45.697 | DEBUG    | BL.bot.SwT:runTradingAlgorithm:2179 - symbol: STRAX-BTC conditions short: [True, True, True, True, True, True, True]
2021-08-02 06:59:45.697 | DEBUG    | BL.bot.SwT:runTradingAlgorithm:2237 - Symbol: STRAX-BTC, S_TradingEnabled: 1, short_sell_trade_count: 3, long_buy_trade_count: 0, fBuyTradeCount: 0
2021-08-02 06:59:45.697 | DEBUG    | BL.bot.SwT:runTradingAlgorithm:2237 - Symbol: STRAX-BTC, S_TradingEnabled: 1, short_sell_trade_count: 3, long_buy_trade_count: 0, fBuyTradeCount: 0
2021-08-02 06:59:45.697 | DEBUG    | BL.bot.SwT:runTradingAlgorithm:2237 - Symbol: STRAX-BTC, S_TradingEnabled: 1, short_sell_trade_count: 3, long_buy_trade_count: 0, fBuyTradeCount: 0
2021-08-02 07:06:42.899 | DEBUG    | BL.bot.SwT:runTradingAlgorithm:2179 - symbol: PPC-BTC conditions short: [True, True, True, True, True, True, True]
2021-08-02 07:06:42.901 | DEBUG    | BL.bot.SwT:runTradingAlgorithm:2179 - symbol: PPC-BTC conditions short: [True, True, True, True, True, True, True]
2021-08-02 07:06:42.902 | DEBUG    | BL.bot.SwT:runTradingAlgorithm:2179 - symbol: PPC-BTC conditions short: [True, True, True, True, True, True, True]
2021-08-02 07:06:42.910 | DEBUG    | BL.bot.SwT:runTradingAlgorithm:2237 - Symbol: PPC-BTC, S_TradingEnabled: 1, short_sell_trade_count: 0, long_buy_trade_count: 0, fBuyTradeCount: 0
2021-08-02 07:06:42.911 | DEBUG    | BL.bot.SwT:runTradingAlgorithm:2237 - Symbol: PPC-BTC, S_TradingEnabled: 1, short_sell_trade_count: 0, long_buy_trade_count: 0, fBuyTradeCount: 0
2021-08-02 07:06:42.913 | DEBUG    | BL.bot.SwT:runTradingAlgorithm:2237 - Symbol: PPC-BTC, S_TradingEnabled: 1, short_sell_trade_count: 0, long_buy_trade_count: 0, fBuyTradeCount: 0
2021-08-02 07:09:17.327 | DEBUG    | BL.bot.SwT:monitorExit:2824 - Exiting trade for XTZ-USDT
2021-08-02 07:09:17.342 | INFO     | BL.bot.SwT:sendTradeOrder:3967 - Creating SELL for XTZ-USDT
2021-08-02 07:09:17.382 | DEBUG    | BL.bot.SwT:monitorExit:2824 - Exiting trade for XTZ-USDT
2021-08-02 07:09:17.409 | DEBUG    | BL.bot.SwT:monitorExit:2824 - Exiting trade for XTZ-USDT
2021-08-02 07:09:17.412 | INFO     | BL.bot.SwT:sendTradeOrder:3967 - Creating SELL for XTZ-USDT
2021-08-02 07:09:17.420 | INFO     | BL.bot.SwT:sendTradeOrder:3967 - Creating SELL for XTZ-USDT
2021-08-02 07:09:19.049 | DEBUG    | BL.Exchanges.Bittrex.BittrexClient:_make_trade_order:230 - Order closed: {'id': '9116570f-a96e-4fe5-9b43-9a228a304b8c', 'marketSymbol': 'XTZ-USDT', 'direction': 'SELL', 'type': 'MARKET', 'quantity': '48.09233729', 'timeInForce': 'IMMEDIATE_OR_CANCEL', 'fillQuantity': '48.09233729', 'commission': '0.31387654', 'proceeds': '156.93827237', 'status': 'CLOSED', 'createdAt': '2021-08-02T12:09:08.18Z', 'updatedAt': '2021-08-02T12:09:08.18Z', 'closedAt': '2021-08-02T12:09:08.18Z'}
2021-08-02 07:09:19.051 | INFO     | BL.bot.SwT:sendTradeOrder:3969 - SELL response for XTZ-USDT: {'status': 'FILLED', 'direction': 'SELL', 'order_type': 'MARKET', 'symbol': 'XTZ-USDT', 'requested_qty': 48.09233729, 'executed_qty': 48.09233729, 'avg_price': 3.2632698099834854, 'commission': 0.31387654, 'executed_time': datetime.datetime(2021, 8, 2, 7, 9, 17, 428474)}
2021-08-02 07:09:19.073 | DEBUG    | BL.Exchanges.Bittrex.BittrexClient:_make_trade_order:230 - Order closed: {'id': '74bd3492-28eb-4651-aeeb-14d118b69204', 'marketSymbol': 'XTZ-USDT', 'direction': 'SELL', 'type': 'MARKET', 'quantity': '48.09233729', 'timeInForce': 'IMMEDIATE_OR_CANCEL', 'fillQuantity': '48.09233729', 'commission': '0.31387654', 'proceeds': '156.93827237', 'status': 'CLOSED', 'createdAt': '2021-08-02T12:09:08.27Z', 'updatedAt': '2021-08-02T12:09:08.27Z', 'closedAt': '2021-08-02T12:09:08.27Z'}
2021-08-02 07:09:19.074 | INFO     | BL.bot.SwT:sendTradeOrder:3969 - SELL response for XTZ-USDT: {'status': 'FILLED', 'direction': 'SELL', 'order_type': 'MARKET', 'symbol': 'XTZ-USDT', 'requested_qty': 48.09233729, 'executed_qty': 48.09233729, 'avg_price': 3.2632698099834854, 'commission': 0.31387654, 'executed_time': datetime.datetime(2021, 8, 2, 7, 9, 17, 343701)}
2021-08-02 07:09:19.227 | DEBUG    | BL.Exchanges.Bittrex.BittrexClient:_make_trade_order:230 - Order closed: {'id': '7e564e0e-dd83-455b-b2f8-76e02fd0dc93', 'marketSymbol': 'XTZ-USDT', 'direction': 'SELL', 'type': 'MARKET', 'quantity': '48.09233729', 'timeInForce': 'IMMEDIATE_OR_CANCEL', 'fillQuantity': '48.09233729', 'commission': '0.31376776', 'proceeds': '156.88388378', 'status': 'CLOSED', 'createdAt': '2021-08-02T12:09:08.38Z', 'updatedAt': '2021-08-02T12:09:08.38Z', 'closedAt': '2021-08-02T12:09:08.38Z'}
2021-08-02 07:09:19.229 | INFO     | BL.bot.SwT:sendTradeOrder:3969 - SELL response for XTZ-USDT: {'status': 'FILLED', 'direction': 'SELL', 'order_type': 'MARKET', 'symbol': 'XTZ-USDT', 'requested_qty': 48.09233729, 'executed_qty': 48.09233729, 'avg_price': 3.262138889902142, 'commission': 0.31376776, 'executed_time': datetime.datetime(2021, 8, 2, 7, 9, 17, 429472)}
2021-08-02 07:09:20.359 | DEBUG    | BL.bot.SwT:monitorExit:2826 - Trade exit response: {'status': 'FILLED', 'direction': 'SELL', 'order_type': 'MARKET', 'symbol': 'XTZ-USDT', 'requested_qty': 48.09233729, 'executed_qty': 48.09233729, 'avg_price': 3.2632698099834854, 'commission': 0.31387654, 'executed_time': datetime.datetime(2021, 8, 2, 7, 9, 17, 428474)}
2021-08-02 07:09:20.550 | DEBUG    | BL.bot.SwT:monitorExit:2826 - Trade exit response: {'status': 'FILLED', 'direction': 'SELL', 'order_type': 'MARKET', 'symbol': 'XTZ-USDT', 'requested_qty': 48.09233729, 'executed_qty': 48.09233729, 'avg_price': 3.262138889902142, 'commission': 0.31376776, 'executed_time': datetime.datetime(2021, 8, 2, 7, 9, 17, 429472)}
2021-08-02 07:09:20.785 | DEBUG    | BL.bot.SwT:monitorExit:2826 - Trade exit response: {'status': 'FILLED', 'direction': 'SELL', 'order_type': 'MARKET', 'symbol': 'XTZ-USDT', 'requested_qty': 48.09233729, 'executed_qty': 48.09233729, 'avg_price': 3.2632698099834854, 'commission': 0.31387654, 'executed_time': datetime.datetime(2021, 8, 2, 7, 9, 17, 343701)}
2021-08-02 07:13:18.186 | DEBUG    | BL.bot.SwT:runTradingAlgorithm:2179 - symbol: LTC-USDT conditions short: [True, True, True, True, True, True, True]
2021-08-02 07:13:18.186 | DEBUG    | BL.bot.SwT:runTradingAlgorithm:2179 - symbol: LTC-USDT conditions short: [True, True, True, True, True, True, True]
2021-08-02 07:13:18.186 | DEBUG    | BL.bot.SwT:runTradingAlgorithm:2237 - Symbol: LTC-USDT, S_TradingEnabled: 1, short_sell_trade_count: 0, long_buy_trade_count: 0, fBuyTradeCount: 0
2021-08-02 07:13:18.186 | DEBUG    | BL.bot.SwT:runTradingAlgorithm:2237 - Symbol: LTC-USDT, S_TradingEnabled: 1, short_sell_trade_count: 0, long_buy_trade_count: 0, fBuyTradeCount: 0
2021-08-02 07:13:18.186 | DEBUG    | BL.bot.SwT:runTradingAlgorithm:2179 - symbol: LTC-USDT conditions short: [True, True, True, True, True, True, True]
2021-08-02 07:13:18.202 | DEBUG    | BL.bot.SwT:runTradingAlgorithm:2237 - Symbol: LTC-USDT, S_TradingEnabled: 1, short_sell_trade_count: 0, long_buy_trade_count: 0, fBuyTradeCount: 0
2021-08-02 07:13:54.077 | DEBUG    | BL.bot.SwT:runTradingAlgorithm:2179 - symbol: LTC-USDT conditions short: [True, True, True, True, True, True, True]
2021-08-02 07:13:54.093 | DEBUG    | BL.bot.SwT:runTradingAlgorithm:2237 - Symbol: LTC-USDT, S_TradingEnabled: 1, short_sell_trade_count: 0, long_buy_trade_count: 0, fBuyTradeCount: 0
2021-08-02 07:13:54.109 | DEBUG    | BL.bot.SwT:runTradingAlgorithm:2179 - symbol: LTC-USDT conditions short: [True, True, True, True, True, True, True]
2021-08-02 07:13:54.124 | DEBUG    | BL.bot.SwT:runTradingAlgorithm:2237 - Symbol: LTC-USDT, S_TradingEnabled: 1, short_sell_trade_count: 0, long_buy_trade_count: 0, fBuyTradeCount: 0
2021-08-02 07:13:54.140 | DEBUG    | BL.bot.SwT:runTradingAlgorithm:2179 - symbol: LTC-USDT conditions short: [True, True, True, True, True, True, True]
2021-08-02 07:13:54.146 | DEBUG    | BL.bot.SwT:runTradingAlgorithm:2237 - Symbol: LTC-USDT, S_TradingEnabled: 1, short_sell_trade_count: 0, long_buy_trade_count: 0, fBuyTradeCount: 0
2021-08-02 07:14:01.140 | DEBUG    | BL.bot.SwT:runTradingAlgorithm:2179 - symbol: XTZ-USDT conditions short: [True, True, True, True, True, True, True]
2021-08-02 07:14:01.140 | DEBUG    | BL.bot.SwT:runTradingAlgorithm:2237 - Symbol: XTZ-USDT, S_TradingEnabled: 1, short_sell_trade_count: 0, long_buy_trade_count: 2, fBuyTradeCount: 0
2021-08-02 07:14:01.164 | DEBUG    | BL.bot.SwT:runTradingAlgorithm:2179 - symbol: XTZ-USDT conditions short: [True, True, True, True, True, True, True]
2021-08-02 07:14:01.171 | DEBUG    | BL.bot.SwT:runTradingAlgorithm:2237 - Symbol: XTZ-USDT, S_TradingEnabled: 1, short_sell_trade_count: 0, long_buy_trade_count: 2, fBuyTradeCount: 0
2021-08-02 07:14:01.187 | DEBUG    | BL.bot.SwT:runTradingAlgorithm:2179 - symbol: XTZ-USDT conditions short: [True, True, True, True, True, True, True]
2021-08-02 07:14:01.217 | DEBUG    | BL.bot.SwT:runTradingAlgorithm:2237 - Symbol: XTZ-USDT, S_TradingEnabled: 1, short_sell_trade_count: 0, long_buy_trade_count: 2, fBuyTradeCount: 0
2021-08-02 07:14:06.560 | DEBUG    | BL.bot.SwT:runTradingAlgorithm:2179 - symbol: XTZ-USDT conditions short: [True, True, True, True, True, True, True]
2021-08-02 07:14:06.562 | DEBUG    | BL.bot.SwT:runTradingAlgorithm:2179 - symbol: XTZ-USDT conditions short: [True, True, True, True, True, True, True]
2021-08-02 07:14:06.567 | DEBUG    | BL.bot.SwT:runTradingAlgorithm:2179 - symbol: XTZ-USDT conditions short: [True, True, True, True, True, True, True]
2021-08-02 07:14:06.584 | DEBUG    | BL.bot.SwT:runTradingAlgorithm:2237 - Symbol: XTZ-USDT, S_TradingEnabled: 1, short_sell_trade_count: 0, long_buy_trade_count: 2, fBuyTradeCount: 0
2021-08-02 07:14:06.585 | DEBUG    | BL.bot.SwT:runTradingAlgorithm:2237 - Symbol: XTZ-USDT, S_TradingEnabled: 1, short_sell_trade_count: 0, long_buy_trade_count: 2, fBuyTradeCount: 0
2021-08-02 07:14:06.588 | DEBUG    | BL.bot.SwT:runTradingAlgorithm:2237 - Symbol: XTZ-USDT, S_TradingEnabled: 1, short_sell_trade_count: 0, long_buy_trade_count: 2, fBuyTradeCount: 0
2021-08-02 07:14:09.440 | DEBUG    | BL.bot.SwT:runTradingAlgorithm:2179 - symbol: LTC-USDT conditions short: [True, True, True, True, True, True, True]
2021-08-02 07:14:09.451 | DEBUG    | BL.bot.SwT:runTradingAlgorithm:2237 - Symbol: LTC-USDT, S_TradingEnabled: 1, short_sell_trade_count: 0, long_buy_trade_count: 0, fBuyTradeCount: 0
2021-08-02 07:14:09.455 | DEBUG    | BL.bot.SwT:runTradingAlgorithm:2179 - symbol: LTC-USDT conditions short: [True, True, True, True, True, True, True]
2021-08-02 07:14:09.477 | DEBUG    | BL.bot.SwT:runTradingAlgorithm:2237 - Symbol: LTC-USDT, S_TradingEnabled: 1, short_sell_trade_count: 0, long_buy_trade_count: 0, fBuyTradeCount: 0
2021-08-02 07:14:09.657 | DEBUG    | BL.bot.SwT:runTradingAlgorithm:2179 - symbol: LTC-USDT conditions short: [True, True, True, True, True, True, True]
2021-08-02 07:14:09.666 | DEBUG    | BL.bot.SwT:runTradingAlgorithm:2237 - Symbol: LTC-USDT, S_TradingEnabled: 1, short_sell_trade_count: 0, long_buy_trade_count: 0, fBuyTradeCount: 0
2021-08-02 07:14:17.999 | DEBUG    | BL.bot.SwT:runTradingAlgorithm:2179 - symbol: XTZ-USDT conditions short: [True, True, True, True, True, True, True]
2021-08-02 07:14:18.002 | DEBUG    | BL.bot.SwT:runTradingAlgorithm:2179 - symbol: XTZ-USDT conditions short: [True, True, True, True, True, True, True]
2021-08-02 07:14:18.003 | DEBUG    | BL.bot.SwT:runTradingAlgorithm:2179 - symbol: XTZ-USDT conditions short: [True, True, True, True, True, True, True]
2021-08-02 07:14:18.011 | DEBUG    | BL.bot.SwT:runTradingAlgorithm:2237 - Symbol: XTZ-USDT, S_TradingEnabled: 1, short_sell_trade_count: 0, long_buy_trade_count: 2, fBuyTradeCount: 0
2021-08-02 07:14:18.014 | DEBUG    | BL.bot.SwT:runTradingAlgorithm:2237 - Symbol: XTZ-USDT, S_TradingEnabled: 1, short_sell_trade_count: 0, long_buy_trade_count: 2, fBuyTradeCount: 0
2021-08-02 07:14:18.014 | DEBUG    | BL.bot.SwT:runTradingAlgorithm:2237 - Symbol: XTZ-USDT, S_TradingEnabled: 1, short_sell_trade_count: 0, long_buy_trade_count: 2, fBuyTradeCount: 0
2021-08-02 07:15:00.871 | DEBUG    | BL.bot.SwT:runTradingAlgorithm:2179 - symbol: XTZ-ETH conditions short: [True, True, True, True, True, True, True]
2021-08-02 07:15:00.871 | DEBUG    | BL.bot.SwT:runTradingAlgorithm:2179 - symbol: XTZ-ETH conditions short: [True, True, True, True, True, True, True]
2021-08-02 07:15:00.871 | DEBUG    | BL.bot.SwT:runTradingAlgorithm:2179 - symbol: XTZ-ETH conditions short: [True, True, True, True, True, True, True]
2021-08-02 07:15:00.871 | DEBUG    | BL.bot.SwT:runTradingAlgorithm:2237 - Symbol: XTZ-ETH, S_TradingEnabled: 1, short_sell_trade_count: 0, long_buy_trade_count: 0, fBuyTradeCount: 0
2021-08-02 07:15:00.871 | DEBUG    | BL.bot.SwT:runTradingAlgorithm:2237 - Symbol: XTZ-ETH, S_TradingEnabled: 1, short_sell_trade_count: 0, long_buy_trade_count: 0, fBuyTradeCount: 0
2021-08-02 07:15:00.871 | DEBUG    | BL.bot.SwT:runTradingAlgorithm:2237 - Symbol: XTZ-ETH, S_TradingEnabled: 1, short_sell_trade_count: 0, long_buy_trade_count: 0, fBuyTradeCount: 0
2021-08-02 07:15:02.227 | DEBUG    | BL.bot.SwT:runTradingAlgorithm:2179 - symbol: XTZ-USDT conditions short: [True, True, True, True, True, True, True]
2021-08-02 07:15:02.259 | DEBUG    | BL.bot.SwT:runTradingAlgorithm:2179 - symbol: XTZ-USDT conditions short: [True, True, True, True, True, True, True]
2021-08-02 07:15:02.259 | DEBUG    | BL.bot.SwT:runTradingAlgorithm:2237 - Symbol: XTZ-USDT, S_TradingEnabled: 1, short_sell_trade_count: 0, long_buy_trade_count: 2, fBuyTradeCount: 0
2021-08-02 07:15:02.274 | DEBUG    | BL.bot.SwT:runTradingAlgorithm:2179 - symbol: XTZ-USDT conditions short: [True, True, True, True, True, True, True]
2021-08-02 07:15:02.274 | DEBUG    | BL.bot.SwT:runTradingAlgorithm:2237 - Symbol: XTZ-USDT, S_TradingEnabled: 1, short_sell_trade_count: 0, long_buy_trade_count: 2, fBuyTradeCount: 0
2021-08-02 07:15:02.304 | DEBUG    | BL.bot.SwT:runTradingAlgorithm:2237 - Symbol: XTZ-USDT, S_TradingEnabled: 1, short_sell_trade_count: 0, long_buy_trade_count: 2, fBuyTradeCount: 0
2021-08-02 07:15:05.220 | DEBUG    | BL.bot.SwT:runTradingAlgorithm:2179 - symbol: XTZ-USDT conditions short: [True, True, True, True, True, True, True]
2021-08-02 07:15:05.223 | DEBUG    | BL.bot.SwT:runTradingAlgorithm:2179 - symbol: XTZ-USDT conditions short: [True, True, True, True, True, True, True]
2021-08-02 07:15:05.229 | DEBUG    | BL.bot.SwT:runTradingAlgorithm:2237 - Symbol: XTZ-USDT, S_TradingEnabled: 1, short_sell_trade_count: 0, long_buy_trade_count: 2, fBuyTradeCount: 0
2021-08-02 07:15:05.241 | DEBUG    | BL.bot.SwT:runTradingAlgorithm:2237 - Symbol: XTZ-USDT, S_TradingEnabled: 1, short_sell_trade_count: 0, long_buy_trade_count: 2, fBuyTradeCount: 0
2021-08-02 07:15:05.469 | DEBUG    | BL.bot.SwT:runTradingAlgorithm:2179 - symbol: XTZ-USDT conditions short: [True, True, True, True, True, True, True]
2021-08-02 07:15:05.476 | DEBUG    | BL.bot.SwT:runTradingAlgorithm:2237 - Symbol: XTZ-USDT, S_TradingEnabled: 1, short_sell_trade_count: 0, long_buy_trade_count: 2, fBuyTradeCount: 0
2021-08-02 07:15:07.931 | DEBUG    | BL.bot.SwT:runTradingAlgorithm:2179 - symbol: XTZ-ETH conditions short: [True, True, True, True, True, True, True]
2021-08-02 07:15:07.946 | DEBUG    | BL.bot.SwT:runTradingAlgorithm:2237 - Symbol: XTZ-ETH, S_TradingEnabled: 1, short_sell_trade_count: 0, long_buy_trade_count: 0, fBuyTradeCount: 0
2021-08-02 07:15:08.010 | DEBUG    | BL.bot.SwT:runTradingAlgorithm:2179 - symbol: XTZ-ETH conditions short: [True, True, True, True, True, True, True]
2021-08-02 07:15:08.027 | DEBUG    | BL.bot.SwT:runTradingAlgorithm:2237 - Symbol: XTZ-ETH, S_TradingEnabled: 1, short_sell_trade_count: 0, long_buy_trade_count: 0, fBuyTradeCount: 0
2021-08-02 07:15:08.225 | DEBUG    | BL.bot.SwT:runTradingAlgorithm:2179 - symbol: XTZ-ETH conditions short: [True, True, True, True, True, True, True]
2021-08-02 07:15:08.243 | DEBUG    | BL.bot.SwT:runTradingAlgorithm:2237 - Symbol: XTZ-ETH, S_TradingEnabled: 1, short_sell_trade_count: 0, long_buy_trade_count: 0, fBuyTradeCount: 0
2021-08-02 07:31:28.914 | DEBUG    | BL.bot.SwT:runTradingAlgorithm:2179 - symbol: ZRX-USDT conditions short: [True, True, True, True, True, True, True]
2021-08-02 07:31:28.934 | DEBUG    | BL.bot.SwT:runTradingAlgorithm:2237 - Symbol: ZRX-USDT, S_TradingEnabled: 1, short_sell_trade_count: 0, long_buy_trade_count: 3, fBuyTradeCount: 0
2021-08-02 07:31:28.949 | DEBUG    | BL.bot.SwT:runTradingAlgorithm:2179 - symbol: ZRX-USDT conditions short: [True, True, True, True, True, True, True]
2021-08-02 07:31:28.969 | DEBUG    | BL.bot.SwT:runTradingAlgorithm:2237 - Symbol: ZRX-USDT, S_TradingEnabled: 1, short_sell_trade_count: 0, long_buy_trade_count: 3, fBuyTradeCount: 0
2021-08-02 07:31:29.029 | DEBUG    | BL.bot.SwT:runTradingAlgorithm:2179 - symbol: ZRX-USDT conditions short: [True, True, True, True, True, True, True]
2021-08-02 07:31:29.055 | DEBUG    | BL.bot.SwT:runTradingAlgorithm:2237 - Symbol: ZRX-USDT, S_TradingEnabled: 1, short_sell_trade_count: 0, long_buy_trade_count: 3, fBuyTradeCount: 0
2021-08-02 07:38:11.726 | DEBUG    | BL.bot.SwT:monitorEntry:2540 - Entering trade for XTZ-USDT
2021-08-02 07:38:11.735 | INFO     | BL.bot.SwT:sendTradeOrder:3960 - Creating BUY for XTZ-USDT
2021-08-02 07:38:11.756 | DEBUG    | BL.bot.SwT:monitorEntry:2540 - Entering trade for XTZ-USDT
2021-08-02 07:38:11.766 | INFO     | BL.bot.SwT:sendTradeOrder:3960 - Creating BUY for XTZ-USDT
2021-08-02 07:38:12.095 | DEBUG    | BL.bot.SwT:monitorEntry:2540 - Entering trade for XTZ-USDT
2021-08-02 07:38:12.097 | INFO     | BL.bot.SwT:sendTradeOrder:3960 - Creating BUY for XTZ-USDT
2021-08-02 07:38:13.104 | DEBUG    | BL.Exchanges.Bittrex.BittrexClient:_make_trade_order:230 - Order closed: {'id': '340e26ca-cc98-4253-aca2-76fc654f1c85', 'marketSymbol': 'XTZ-USDT', 'direction': 'BUY', 'type': 'MARKET', 'quantity': '47.15705460', 'timeInForce': 'IMMEDIATE_OR_CANCEL', 'fillQuantity': '47.15705460', 'commission': '0.30007344', 'proceeds': '150.03672215', 'status': 'CLOSED', 'createdAt': '2021-08-02T12:38:02.33Z', 'updatedAt': '2021-08-02T12:38:02.33Z', 'closedAt': '2021-08-02T12:38:02.33Z'}
2021-08-02 07:38:13.105 | INFO     | BL.bot.SwT:sendTradeOrder:3962 - BUY response for XTZ-USDT: {'status': 'FILLED', 'direction': 'BUY', 'order_type': 'MARKET', 'symbol': 'XTZ-USDT', 'requested_qty': 47.1570546, 'executed_qty': 47.1570546, 'avg_price': 3.181638959910783, 'commission': 0.30007344, 'executed_time': datetime.datetime(2021, 8, 2, 7, 38, 11, 768020)}
2021-08-02 07:38:13.512 | DEBUG    | BL.Exchanges.Bittrex.BittrexClient:_make_trade_order:230 - Order closed: {'id': '3d6e40b9-1644-4b44-aa2d-2df750a2c42e', 'marketSymbol': 'XTZ-USDT', 'direction': 'BUY', 'type': 'MARKET', 'quantity': '47.15705460', 'timeInForce': 'IMMEDIATE_OR_CANCEL', 'fillQuantity': '47.15705460', 'commission': '0.30007344', 'proceeds': '150.03672215', 'status': 'CLOSED', 'createdAt': '2021-08-02T12:38:02.67Z', 'updatedAt': '2021-08-02T12:38:02.67Z', 'closedAt': '2021-08-02T12:38:02.67Z'}
2021-08-02 07:38:13.513 | INFO     | BL.bot.SwT:sendTradeOrder:3962 - BUY response for XTZ-USDT: {'status': 'FILLED', 'direction': 'BUY', 'order_type': 'MARKET', 'symbol': 'XTZ-USDT', 'requested_qty': 47.1570546, 'executed_qty': 47.1570546, 'avg_price': 3.181638959910783, 'commission': 0.30007344, 'executed_time': datetime.datetime(2021, 8, 2, 7, 38, 12, 98137)}
2021-08-02 07:38:13.671 | DEBUG    | BL.Exchanges.Bittrex.BittrexClient:_make_trade_order:230 - Order closed: {'id': 'a3e626da-e131-4a40-9ebc-752de3b556e6', 'marketSymbol': 'XTZ-USDT', 'direction': 'BUY', 'type': 'MARKET', 'quantity': '47.15705460', 'timeInForce': 'IMMEDIATE_OR_CANCEL', 'fillQuantity': '47.15705460', 'commission': '0.30007344', 'proceeds': '150.03672215', 'status': 'CLOSED', 'createdAt': '2021-08-02T12:38:02.86Z', 'updatedAt': '2021-08-02T12:38:02.86Z', 'closedAt': '2021-08-02T12:38:02.86Z'}
2021-08-02 07:38:13.672 | INFO     | BL.bot.SwT:sendTradeOrder:3962 - BUY response for XTZ-USDT: {'status': 'FILLED', 'direction': 'BUY', 'order_type': 'MARKET', 'symbol': 'XTZ-USDT', 'requested_qty': 47.1570546, 'executed_qty': 47.1570546, 'avg_price': 3.181638959910783, 'commission': 0.30007344, 'executed_time': datetime.datetime(2021, 8, 2, 7, 38, 11, 739099)}
2021-08-02 07:38:14.417 | DEBUG    | BL.bot.SwT:monitorEntry:2542 - Trade entry response: {'status': 'FILLED', 'direction': 'BUY', 'order_type': 'MARKET', 'symbol': 'XTZ-USDT', 'requested_qty': 47.1570546, 'executed_qty': 47.1570546, 'avg_price': 3.181638959910783, 'commission': 0.30007344, 'executed_time': datetime.datetime(2021, 8, 2, 7, 38, 11, 768020)}
2021-08-02 07:38:14.841 | DEBUG    | BL.bot.SwT:monitorEntry:2542 - Trade entry response: {'status': 'FILLED', 'direction': 'BUY', 'order_type': 'MARKET', 'symbol': 'XTZ-USDT', 'requested_qty': 47.1570546, 'executed_qty': 47.1570546, 'avg_price': 3.181638959910783, 'commission': 0.30007344, 'executed_time': datetime.datetime(2021, 8, 2, 7, 38, 12, 98137)}
2021-08-02 07:38:15.002 | DEBUG    | BL.bot.SwT:monitorEntry:2542 - Trade entry response: {'status': 'FILLED', 'direction': 'BUY', 'order_type': 'MARKET', 'symbol': 'XTZ-USDT', 'requested_qty': 47.1570546, 'executed_qty': 47.1570546, 'avg_price': 3.181638959910783, 'commission': 0.30007344, 'executed_time': datetime.datetime(2021, 8, 2, 7, 38, 11, 739099)}
2021-08-02 07:48:55.866 | DEBUG    | BL.bot.SwT:checkEntryForRbuy:3700 - ST signal
2021-08-02 07:48:55.867 | DEBUG    | BL.bot.SwT:runTradingAlgorithm:2176 - symbol: SBD-BTC conditions long: [True, True, True, True, True, True, True]
2021-08-02 07:48:55.868 | DEBUG    | BL.bot.SwT:checkEntryForRbuy:3700 - ST signal
2021-08-02 07:48:55.869 | DEBUG    | BL.bot.SwT:runTradingAlgorithm:2176 - symbol: SBD-BTC conditions long: [True, True, True, True, True, True, True]
2021-08-02 07:48:55.927 | DEBUG    | BL.bot.SwT:checkEntryForRbuy:3700 - ST signal
2021-08-02 07:48:55.928 | DEBUG    | BL.bot.SwT:runTradingAlgorithm:2176 - symbol: SBD-BTC conditions long: [True, True, True, True, True, True, True]
2021-08-02 07:48:56.728 | DEBUG    | BL.bot.SwT:monitorEntry:2540 - Entering trade for SBD-BTC
2021-08-02 07:48:56.741 | INFO     | BL.bot.SwT:sendTradeOrder:3960 - Creating BUY for SBD-BTC
2021-08-02 07:48:56.745 | DEBUG    | BL.bot.SwT:monitorEntry:2540 - Entering trade for SBD-BTC
2021-08-02 07:48:56.747 | DEBUG    | BL.bot.SwT:monitorEntry:2540 - Entering trade for SBD-BTC
2021-08-02 07:48:56.748 | INFO     | BL.bot.SwT:sendTradeOrder:3960 - Creating BUY for SBD-BTC
2021-08-02 07:48:56.760 | INFO     | BL.bot.SwT:sendTradeOrder:3960 - Creating BUY for SBD-BTC
2021-08-02 07:48:58.380 | DEBUG    | BL.Exchanges.Bittrex.BittrexClient:_make_trade_order:230 - Order closed: {'id': '096116b9-57ab-443f-a451-6374cd8311b5', 'marketSymbol': 'SBD-BTC', 'direction': 'BUY', 'type': 'MARKET', 'quantity': '0.68333238', 'timeInForce': 'IMMEDIATE_OR_CANCEL', 'fillQuantity': '0.68333238', 'commission': '0.00000024', 'proceeds': '0.00012297', 'status': 'CLOSED', 'createdAt': '2021-08-02T12:48:47.49Z', 'updatedAt': '2021-08-02T12:48:47.49Z', 'closedAt': '2021-08-02T12:48:47.49Z'}
2021-08-02 07:48:58.380 | INFO     | BL.bot.SwT:sendTradeOrder:3962 - BUY response for SBD-BTC: {'status': 'FILLED', 'direction': 'BUY', 'order_type': 'MARKET', 'symbol': 'SBD-BTC', 'requested_qty': 0.68333238, 'executed_qty': 0.68333238, 'avg_price': 0.00017995634862202783, 'commission': 2.4e-07, 'executed_time': datetime.datetime(2021, 8, 2, 7, 48, 56, 769416)}
2021-08-02 07:48:58.396 | DEBUG    | BL.Exchanges.Bittrex.BittrexClient:_make_trade_order:230 - Order closed: {'id': '10df6b1e-f9e9-4ad6-904f-c8103cff9719', 'marketSymbol': 'SBD-BTC', 'direction': 'BUY', 'type': 'MARKET', 'quantity': '0.68333238', 'timeInForce': 'IMMEDIATE_OR_CANCEL', 'fillQuantity': '0.68333238', 'commission': '0.00000024', 'proceeds': '0.00012297', 'status': 'CLOSED', 'createdAt': '2021-08-02T12:48:47.49Z', 'updatedAt': '2021-08-02T12:48:47.49Z', 'closedAt': '2021-08-02T12:48:47.49Z'}
2021-08-02 07:48:58.396 | INFO     | BL.bot.SwT:sendTradeOrder:3962 - BUY response for SBD-BTC: {'status': 'FILLED', 'direction': 'BUY', 'order_type': 'MARKET', 'symbol': 'SBD-BTC', 'requested_qty': 0.68333238, 'executed_qty': 0.68333238, 'avg_price': 0.00017995634862202783, 'commission': 2.4e-07, 'executed_time': datetime.datetime(2021, 8, 2, 7, 48, 56, 744482)}
2021-08-02 07:48:58.427 | DEBUG    | BL.Exchanges.Bittrex.BittrexClient:_make_trade_order:230 - Order closed: {'id': 'bec47e9b-a94d-4790-b039-55a5af124e4f', 'marketSymbol': 'SBD-BTC', 'direction': 'BUY', 'type': 'MARKET', 'quantity': '0.68333238', 'timeInForce': 'IMMEDIATE_OR_CANCEL', 'fillQuantity': '0.68333238', 'commission': '0.00000024', 'proceeds': '0.00012297', 'status': 'CLOSED', 'createdAt': '2021-08-02T12:48:47.64Z', 'updatedAt': '2021-08-02T12:48:47.64Z', 'closedAt': '2021-08-02T12:48:47.64Z'}
2021-08-02 07:48:58.442 | INFO     | BL.bot.SwT:sendTradeOrder:3962 - BUY response for SBD-BTC: {'status': 'FILLED', 'direction': 'BUY', 'order_type': 'MARKET', 'symbol': 'SBD-BTC', 'requested_qty': 0.68333238, 'executed_qty': 0.68333238, 'avg_price': 0.00017995634862202783, 'commission': 2.4e-07, 'executed_time': datetime.datetime(2021, 8, 2, 7, 48, 56, 770413)}
2021-08-02 07:48:59.714 | DEBUG    | BL.bot.SwT:monitorEntry:2542 - Trade entry response: {'status': 'FILLED', 'direction': 'BUY', 'order_type': 'MARKET', 'symbol': 'SBD-BTC', 'requested_qty': 0.68333238, 'executed_qty': 0.68333238, 'avg_price': 0.00017995634862202783, 'commission': 2.4e-07, 'executed_time': datetime.datetime(2021, 8, 2, 7, 48, 56, 744482)}
2021-08-02 07:48:59.730 | DEBUG    | BL.bot.SwT:checkEntryForRbuy:3700 - ST signal
2021-08-02 07:48:59.730 | DEBUG    | BL.bot.SwT:runTradingAlgorithm:2176 - symbol: SBD-BTC conditions long: [True, True, True, True, True, True, True]
2021-08-02 07:48:59.730 | DEBUG    | BL.bot.SwT:monitorEntry:2542 - Trade entry response: {'status': 'FILLED', 'direction': 'BUY', 'order_type': 'MARKET', 'symbol': 'SBD-BTC', 'requested_qty': 0.68333238, 'executed_qty': 0.68333238, 'avg_price': 0.00017995634862202783, 'commission': 2.4e-07, 'executed_time': datetime.datetime(2021, 8, 2, 7, 48, 56, 769416)}
2021-08-02 07:48:59.745 | DEBUG    | BL.bot.SwT:checkEntryForRbuy:3700 - ST signal
2021-08-02 07:48:59.745 | DEBUG    | BL.bot.SwT:runTradingAlgorithm:2176 - symbol: SBD-BTC conditions long: [True, True, True, True, True, True, True]
2021-08-02 07:48:59.765 | DEBUG    | BL.bot.SwT:monitorEntry:2542 - Trade entry response: {'status': 'FILLED', 'direction': 'BUY', 'order_type': 'MARKET', 'symbol': 'SBD-BTC', 'requested_qty': 0.68333238, 'executed_qty': 0.68333238, 'avg_price': 0.00017995634862202783, 'commission': 2.4e-07, 'executed_time': datetime.datetime(2021, 8, 2, 7, 48, 56, 770413)}
2021-08-02 07:48:59.783 | DEBUG    | BL.bot.SwT:checkEntryForRbuy:3700 - ST signal
2021-08-02 07:48:59.799 | DEBUG    | BL.bot.SwT:runTradingAlgorithm:2176 - symbol: SBD-BTC conditions long: [True, True, True, True, True, True, True]
