2021-07-29 04:50:47.485 | INFO     | BL.bot.SwT:<module>:66 - Running in test mode: True
2021-07-29 04:50:47.485 | INFO     | BL.bot.SwT:<module>:67 - Running on selected quote currencies: ['USDT']
2021-07-29 04:50:47.485 | INFO     | BL.bot.SwT:<module>:68 - Always generate ST long buy signal: False
2021-07-29 04:50:47.485 | INFO     | BL.bot.SwT:<module>:69 - Always generate ST short sell signal: True
2021-07-29 04:52:07.896 | DEBUG    | BL.bot.SwT:startBot:292 - Limited markets to quote currencies. Running on 21 markets
2021-07-29 04:52:26.905 | DEBUG    | BL.indicator.st:compute:117 - [0, 0, 0, 1, 0]
short_stop:[0.11799486 0.11799486 0.11799486 0.11799486 0.11799486]
long_stop:[0.11931246 0.11931246 0.11931246 0.12431919 0.12431919]
2021-07-29 04:52:30.926 | DEBUG    | BL.indicator.st:compute:117 - [0, 0, 0, 0, 0]
short_stop:[1.01283323 1.01283323 1.01283323 1.02572691 1.02572691]
long_stop:[1.00479735 1.00479735 1.00479735 1.01727309 1.01727309]
2021-07-29 04:53:05.446 | DEBUG    | BL.indicator.st:compute:117 - [0, 0, 0, 0, 0]
short_stop:[15.5209872 15.5209872 15.5209872 15.5209872 15.5209872]
long_stop:[15.4250128 15.4250128 15.4250128 15.4250128 15.4250128]
2021-07-29 04:54:38.452 | DEBUG    | BL.indicator.st:compute:117 - [0, 0, 0, 0, 0]
short_stop:[139.82528068 139.82528068 139.82528068 141.3082756  141.3082756 ]
long_stop:[139.56874103 139.56874103 139.56874103 140.0666798  140.0666798 ]
2021-07-29 04:55:10.202 | DEBUG    | BL.indicator.st:compute:117 - [0, 0, 0, 0, 0]
short_stop:[139.82528068 139.82528068 141.3082756  141.3082756  141.3082756 ]
long_stop:[139.56874103 139.56874103 140.0666798  140.0666798  140.0666798 ]
2021-07-29 04:55:10.211 | DEBUG    | BL.indicator.st:compute:117 - [0, 0, 0, 0, 0]
short_stop:[0.14900234 0.15088539 0.15088539 0.15088539 0.15088539]
long_stop:[0.1475215  0.14789925 0.14789925 0.14789925 0.14789925]
2021-07-29 04:55:10.218 | DEBUG    | BL.indicator.st:compute:117 - [0, 0, 0, 0, 0]
short_stop:[37.92519656 37.92519656 37.92519656 37.92519656 37.92519656]
long_stop:[37.74764099 37.74764099 37.74764099 37.74764099 37.74764099]
2021-07-29 04:55:10.226 | DEBUG    | BL.indicator.st:compute:117 - [0, 0, 0, 0, 0]
short_stop:[1.01283323 1.01283323 1.02572691 1.02572691 1.02572691]
long_stop:[1.00479735 1.00479735 1.01727309 1.01727309 1.01727309]
2021-07-29 04:55:10.263 | DEBUG    | BL.indicator.st:compute:117 - [0, 0, 0, 0, 0]
short_stop:[1.28139016 1.28139016 1.28139016 1.28139016 1.28139016]
long_stop:[1.26917718 1.26917718 1.28323011 1.28323011 1.28323011]
2021-07-29 04:55:10.283 | DEBUG    | BL.indicator.st:compute:117 - [0, 0, 0, 0, 0]
short_stop:[0.20509911 0.20656832 0.20656832 0.20656832 0.20656832]
long_stop:[0.20490083 0.20492732 0.20550628 0.20550628 0.20550628]
2021-07-29 04:55:10.290 | DEBUG    | BL.indicator.st:compute:117 - [0, 0, 0, 0, 0]
short_stop:[0.2677089  0.2677089  0.27125437 0.27115561 0.27115561]
long_stop:[0.26527747 0.26527747 0.26874563 0.26874563 0.26874563]
2021-07-29 04:55:10.297 | DEBUG    | BL.indicator.st:compute:117 - [0, 0, 0, 0, 0]
short_stop:[0.16462544 0.16462544 0.16462544 0.16462544 0.16462544]
long_stop:[0.16307456 0.16307456 0.16307456 0.16307456 0.16307456]
2021-07-29 04:55:10.346 | DEBUG    | BL.indicator.st:compute:117 - [0, 0, 0, 0, 0]
short_stop:[2.81727524 2.81727524 2.81727524 2.81727524 2.81727524]
long_stop:[2.80097704 2.80097704 2.80097704 2.80097704 2.80097704]
2021-07-29 04:55:10.370 | DEBUG    | BL.indicator.st:compute:117 - [0, 0, 0, 0, 0]
short_stop:[0.04664267 0.04664267 0.04664267 0.04664267 0.04664267]
long_stop:[0.04635733 0.04635733 0.04635733 0.04635733 0.04635733]
2021-07-29 04:55:10.400 | DEBUG    | BL.indicator.st:compute:117 - [0, 0, 0, 0, 0]
short_stop:[15.5209872 15.5209872 15.5209872 15.5209872 15.5209872]
long_stop:[15.4250128 15.4250128 15.4250128 15.4250128 15.4250128]
2021-07-29 04:55:10.407 | DEBUG    | BL.indicator.st:compute:117 - [0, 0, 0, 0, 0]
short_stop:[0.72332509 0.72332509 0.72332509 0.72332509 0.72332509]
long_stop:[0.71855107 0.71855107 0.72087432 0.72087432 0.72087432]
2021-07-29 04:55:10.839 | DEBUG    | BL.indicator.st:compute:117 - [0, 0, 0, 0, 0]
short_stop:[140.65405186 140.65405186 141.97579996 141.97579996 141.97579996]
long_stop:[140.59834658 140.59834658 141.25770686 141.25770686 141.25770686]
2021-07-29 04:55:10.847 | DEBUG    | BL.indicator.st:compute:117 - [0, 0, 0, 0, 0]
short_stop:[0.58225558 0.58998225 0.58998225 0.58998225 0.58998225]
long_stop:[0.5803674  0.58683615 0.58683615 0.58683615 0.58683615]
2021-07-29 04:55:10.854 | DEBUG    | BL.indicator.st:compute:117 - [0, 0, 0, 0, 0]
short_stop:[20.56214352 20.56214352 20.56214352 20.56214352 20.56214352]
long_stop:[20.38185648 20.38185648 20.38185648 20.38185648 20.38185648]
2021-07-29 04:55:10.862 | DEBUG    | BL.indicator.st:compute:117 - [0, 0, 0, 0, 0]
short_stop:[nan nan nan nan nan]
long_stop:[nan nan nan nan nan]
2021-07-29 04:55:10.869 | DEBUG    | BL.indicator.st:compute:117 - [0, 0, 0, 0, 0]
short_stop:[2.76428822 2.76428822 2.76428822 2.76428822 2.76428822]
long_stop:[2.74371178 2.74371178 2.74371178 2.74371178 2.74371178]
2021-07-29 04:55:10.877 | DEBUG    | BL.indicator.st:compute:117 - [0, 0, 0, 0, 0]
short_stop:[0.99998465 0.99998465 0.99998465 0.99998465 0.99998465]
long_stop:[0.99894611 0.99894611 0.99894611 0.99894611 0.99894611]
2021-07-29 04:55:10.914 | DEBUG    | BL.indicator.st:compute:117 - [0, 0, 0, 0, 0]
short_stop:[48.90073826 48.90073826 48.90073826 48.90073826 48.90073826]
long_stop:[49.40764003 49.40764003 49.40764003 49.40764003 49.40764003]
2021-07-29 04:55:10.930 | DEBUG    | BL.indicator.st:compute:117 - [0, 0, 0, 0, 0]
short_stop:[0.99962965 0.99962965 0.99962965 0.99962965 0.99962965]
long_stop:[0.99937035 0.99937035 0.99937035 0.99937035 0.99937035]
2021-07-29 04:55:10.941 | DEBUG    | BL.indicator.st:compute:117 - [0, 0, 1, 0, 0]
short_stop:[0.11799486 0.11799486 0.11799486 0.11799486 0.11799486]
long_stop:[0.11931246 0.11931246 0.12431919 0.12431919 0.12431919]
2021-07-29 04:55:32.361 | DEBUG    | BL.indicator.st:compute:117 - [0, 0, 0, 0, 0]
short_stop:[0.2677089  0.2677089  0.27125437 0.27115561 0.27115561]
long_stop:[0.26527747 0.26527747 0.26874563 0.26874563 0.26874563]
2021-07-29 04:57:26.888 | DEBUG    | BL.indicator.st:compute:117 - [0, 0, 0, 0, 0]
short_stop:[1.28139016 1.28139016 1.28139016 1.28139016 1.28139016]
long_stop:[1.26917718 1.26917718 1.28323011 1.28323011 1.28323011]
2021-07-29 04:57:37.006 | DEBUG    | BL.indicator.st:compute:117 - [0, 0, 0, 0, 0]
short_stop:[1.28139016 1.28139016 1.28139016 1.28139016 1.29394463]
long_stop:[1.26917718 1.26917718 1.28323011 1.28323011 1.28323011]
2021-07-29 04:57:52.122 | DEBUG    | BL.indicator.st:compute:117 - [0, 0, 0, 0, 0]
short_stop:[0.14900234 0.15088539 0.15088539 0.15088539 0.15088539]
long_stop:[0.1475215  0.14789925 0.14789925 0.14789925 0.14789925]
2021-07-29 04:57:53.118 | DEBUG    | BL.indicator.st:compute:117 - [0, 0, 0, 0, -1]
short_stop:[0.14900234 0.15088539 0.15088539 0.15088539 0.14978772]
long_stop:[0.1475215  0.14789925 0.14789925 0.14789925 0.14789925]
2021-07-29 04:58:03.196 | DEBUG    | BL.indicator.st:compute:117 - [0, 0, 0, 0, 0]
short_stop:[139.82528068 139.82528068 141.3082756  141.3082756  141.3082756 ]
long_stop:[139.56874103 139.56874103 140.0666798  140.0666798  140.0666798 ]
2021-07-29 04:58:06.728 | DEBUG    | BL.indicator.st:compute:117 - [0, 0, 0, 0, 0]
short_stop:[139.82528068 139.82528068 141.3082756  141.3082756  141.3082756 ]
long_stop:[139.56874103 139.56874103 140.0666798  140.0666798  140.0666798 ]
2021-07-29 04:58:18.241 | DEBUG    | BL.indicator.st:compute:117 - [0, 0, 0, 0, 0]
short_stop:[0.72332509 0.72332509 0.72332509 0.72332509 0.72332509]
long_stop:[0.71855107 0.71855107 0.72087432 0.72087432 0.72087432]
2021-07-29 04:58:29.362 | DEBUG    | BL.indicator.st:compute:117 - [0, 0, 0, 0, 0]
short_stop:[139.82528068 139.82528068 141.3082756  141.3082756  141.19444253]
long_stop:[139.56874103 139.56874103 140.0666798  140.0666798  140.0666798 ]
