2021-07-29 04:44:48.023 | INFO     | BL.bot.SwT:<module>:65 - Running in test mode: True
2021-07-29 04:44:48.024 | INFO     | BL.bot.SwT:<module>:66 - Running on selected quote currencies: ['USDT']
2021-07-29 04:44:48.024 | INFO     | BL.bot.SwT:<module>:67 - Always generate ST buy signal: True
2021-07-29 04:45:14.629 | DEBUG    | BL.bot.SwT:startBot:290 - Limited markets to quote currencies. Running on 21 markets
2021-07-29 04:45:55.802 | DEBUG    | BL.indicator.st:compute:117 - [0, 0, 0, 0, 0]
short_stop:[1.28186428 1.28138696 1.28138696 1.28138696 1.28138696]
long_stop:[1.26918046 1.26918046 1.26918046 1.26918046 1.26918046]
2021-07-29 04:45:55.803 | DEBUG    | BL.bot.SwT:checkEntryForRbuy:3608 - ST signal
2021-07-29 04:45:59.783 | DEBUG    | BL.indicator.st:compute:117 - [0, 0, 0, 0, 0]
short_stop:[139.82456905 139.82456905 139.82456905 139.82456905 140.99859295]
long_stop:[139.28497989 139.56935248 139.56935248 139.56935248 139.78257279]
2021-07-29 04:45:59.783 | DEBUG    | BL.bot.SwT:checkEntryForRbuy:3608 - ST signal
2021-07-29 04:45:59.794 | DEBUG    | BL.indicator.st:compute:117 - [0, 0, 0, 0, 0]
short_stop:[0.20509914 0.20509914 0.20509914 0.20656836 0.20656836]
long_stop:[0.20405223 0.20405223 0.20490079 0.20492728 0.20492728]
2021-07-29 04:45:59.794 | DEBUG    | BL.bot.SwT:checkEntryForRbuy:3608 - ST signal
2021-07-29 04:46:07.000 | DEBUG    | BL.indicator.st:compute:117 - [0, 0, 0, 0, 0]
short_stop:[140.65345519 140.65345519 140.65345519 140.65345519 140.65345519]
long_stop:[140.59892702 140.59892702 140.59892702 140.59892702 140.59892702]
2021-07-29 04:46:07.000 | DEBUG    | BL.bot.SwT:checkEntryForRbuy:3608 - ST signal
2021-07-29 04:46:12.673 | DEBUG    | BL.indicator.st:compute:117 - [0, 0, 0, 0, 0]
short_stop:[139.82456905 139.82456905 139.82456905 139.82456905 141.03820942]
long_stop:[139.28497989 139.56935248 139.56935248 139.56935248 139.81906166]
2021-07-29 04:46:12.673 | DEBUG    | BL.bot.SwT:checkEntryForRbuy:3608 - ST signal
2021-07-29 04:46:15.739 | DEBUG    | BL.indicator.st:compute:117 - [0, 0, 0, 0, 0]
short_stop:[0.72333572 0.72333572 0.72333572 0.72333572 0.72333572]
long_stop:[0.71854044 0.71854044 0.71854044 0.71854044 0.72086425]
2021-07-29 04:46:15.739 | DEBUG    | BL.bot.SwT:checkEntryForRbuy:3608 - ST signal
2021-07-29 04:46:21.203 | DEBUG    | BL.indicator.st:compute:117 - [0, 0, 0, 0, 0]
short_stop:[0.72333572 0.72333572 0.72333572 0.72333572 0.72333572]
long_stop:[0.71854044 0.71854044 0.71854044 0.71854044 0.72086425]
2021-07-29 04:46:21.203 | DEBUG    | BL.bot.SwT:checkEntryForRbuy:3608 - ST signal
2021-07-29 04:46:23.266 | DEBUG    | BL.indicator.st:compute:117 - [0, 0, 0, 0, 0]
short_stop:[0.26770703 0.26770703 0.26770703 0.26770703 0.27119035]
long_stop:[0.26527932 0.26527932 0.26527932 0.26527932 0.26868975]
2021-07-29 04:46:23.266 | DEBUG    | BL.bot.SwT:checkEntryForRbuy:3608 - ST signal
2021-07-29 04:47:08.417 | DEBUG    | BL.indicator.st:compute:117 - [0, 0, 0, 0, 0]
short_stop:[1.01282235 1.01282235 1.01282235 1.01282235 1.02301504]
long_stop:[1.00480371 1.00480371 1.00480371 1.00480371 1.01478496]
2021-07-29 04:47:08.418 | DEBUG    | BL.bot.SwT:checkEntryForRbuy:3608 - ST signal
2021-07-29 04:47:35.625 | DEBUG    | BL.indicator.st:compute:117 - [0, 0, 0, 0, 0]
short_stop:[139.82456905 139.82456905 139.82456905 139.82456905 141.14380206]
long_stop:[139.28497989 139.56935248 139.56935248 139.56935248 139.91631804]
2021-07-29 04:47:35.625 | DEBUG    | BL.bot.SwT:checkEntryForRbuy:3608 - ST signal
2021-07-29 04:47:36.610 | DEBUG    | BL.indicator.st:compute:117 - [0, 0, 0, 0, 0]
short_stop:[140.65345519 140.65345519 140.65345519 140.65345519 141.97542665]
long_stop:[140.59892702 140.59892702 140.59892702 140.59892702 141.25808017]
2021-07-29 04:47:36.611 | DEBUG    | BL.bot.SwT:checkEntryForRbuy:3608 - ST signal
2021-07-29 04:47:45.796 | DEBUG    | BL.indicator.st:compute:117 - [0, 0, 0, 0, 0]
short_stop:[0.72333572 0.72333572 0.72333572 0.72333572 0.72333572]
long_stop:[0.71854044 0.71854044 0.71854044 0.71854044 0.72086425]
2021-07-29 04:47:45.797 | DEBUG    | BL.bot.SwT:checkEntryForRbuy:3608 - ST signal
2021-07-29 04:47:46.640 | DEBUG    | BL.indicator.st:compute:117 - [0, 0, 0, 0, 0]
short_stop:[0.20509914 0.20509914 0.20509914 0.20656836 0.20656836]
long_stop:[0.20405223 0.20405223 0.20490079 0.20492728 0.20524559]
2021-07-29 04:47:46.640 | DEBUG    | BL.bot.SwT:checkEntryForRbuy:3608 - ST signal
2021-07-29 04:47:49.907 | DEBUG    | BL.indicator.st:compute:117 - [0, 0, 0, 0, 0]
short_stop:[1.28186428 1.28138696 1.28138696 1.28138696 1.28138696]
long_stop:[1.26918046 1.26918046 1.26918046 1.26918046 1.27652091]
2021-07-29 04:47:49.907 | DEBUG    | BL.bot.SwT:checkEntryForRbuy:3608 - ST signal
2021-07-29 04:47:52.012 | DEBUG    | BL.indicator.st:compute:117 - [0, 0, 0, 0, 1]
short_stop:[0.11799447 0.11799447 0.11799447 0.11799447 0.11799447]
long_stop:[0.11931286 0.11931286 0.11931286 0.11931286 0.12033988]
2021-07-29 04:47:52.012 | DEBUG    | BL.bot.SwT:checkEntryForRbuy:3608 - ST signal
2021-07-29 04:47:57.322 | DEBUG    | BL.indicator.st:compute:117 - [0, 0, 0, 0, 0]
short_stop:[0.20509914 0.20509914 0.20509914 0.20656836 0.20656836]
long_stop:[0.20405223 0.20405223 0.20490079 0.20492728 0.20550624]
2021-07-29 04:47:57.322 | DEBUG    | BL.bot.SwT:checkEntryForRbuy:3608 - ST signal
2021-07-29 04:48:02.240 | DEBUG    | BL.indicator.st:compute:117 - [0, 0, 0, 0, 0]
short_stop:[1.28186428 1.28138696 1.28138696 1.28138696 1.28138696]
long_stop:[1.26918046 1.26918046 1.26918046 1.26918046 1.27708293]
2021-07-29 04:48:02.240 | DEBUG    | BL.bot.SwT:checkEntryForRbuy:3608 - ST signal
2021-07-29 04:48:04.343 | DEBUG    | BL.indicator.st:compute:117 - [0, 0, 0, 0, 0]
short_stop:[1.28186428 1.28138696 1.28138696 1.28138696 1.28138696]
long_stop:[1.26918046 1.26918046 1.26918046 1.26918046 1.27756434]
2021-07-29 04:48:04.344 | DEBUG    | BL.bot.SwT:checkEntryForRbuy:3608 - ST signal
2021-07-29 04:48:07.414 | DEBUG    | BL.indicator.st:compute:117 - [0, 0, 0, 0, 1]
short_stop:[0.11799447 0.11799447 0.11799447 0.11799447 0.11799447]
long_stop:[0.11931286 0.11931286 0.11931286 0.11931286 0.12431933]
2021-07-29 04:48:07.414 | DEBUG    | BL.bot.SwT:checkEntryForRbuy:3608 - ST signal
2021-07-29 04:48:14.580 | DEBUG    | BL.indicator.st:compute:117 - [0, 0, 0, 0, 0]
short_stop:[139.82456905 139.82456905 139.82456905 139.82456905 141.30768893]
long_stop:[139.28497989 139.56935248 139.56935248 139.56935248 140.06726647]
2021-07-29 04:48:14.580 | DEBUG    | BL.bot.SwT:checkEntryForRbuy:3608 - ST signal
2021-07-29 04:48:17.717 | DEBUG    | BL.indicator.st:compute:117 - [0, 0, 0, 0, 0]
short_stop:[0.26770703 0.26770703 0.26770703 0.26770703 0.27125276]
long_stop:[0.26527932 0.26527932 0.26527932 0.26527932 0.26874724]
2021-07-29 04:48:17.717 | DEBUG    | BL.bot.SwT:checkEntryForRbuy:3608 - ST signal
2021-07-29 04:48:31.848 | DEBUG    | BL.indicator.st:compute:117 - [0, 0, 0, 0, 0]
short_stop:[48.89873833 48.89873833 48.89873833 48.89873833 48.89873833]
long_stop:[49.40938228 49.40938228 49.40938228 49.40938228 49.40938228]
2021-07-29 04:48:31.848 | DEBUG    | BL.bot.SwT:checkEntryForRbuy:3608 - ST signal
