2021-07-28 04:42:27.810 | DEBUG    | BL.indicator.st:compute:117 - [0, 0, 0, 0, 0]
short_stop:[6.49453443e-05 6.49453443e-05 6.49453443e-05 6.49453443e-05
 6.61350044e-05]
long_stop:[6.42291651e-05 6.42291651e-05 6.42291651e-05 6.42291651e-05
 6.54649956e-05]
2021-07-28 04:42:29.813 | DEBUG    | BL.indicator.st:compute:117 - [0, 0, 0, 0, 0]
short_stop:[3.0765702e-06 3.0765702e-06 3.0765702e-06 3.0765702e-06 3.0765702e-06]
long_stop:[2.98424525e-06 2.98424525e-06 2.98424525e-06 2.98424525e-06
 2.98424525e-06]
2021-07-28 04:42:29.813 | DEBUG    | BL.indicator.st:compute:117 - [0, 1, 0, 0, 0]
short_stop:[1.29533862 1.29533862 1.29533862 1.29533862 1.30730364]
long_stop:[1.27949537 1.28730858 1.28730858 1.28730858 1.28730858]
2021-07-28 04:42:31.794 | DEBUG    | BL.indicator.st:compute:117 - [0, 0, 0, 0, 0]
short_stop:[0.00059096 0.00059096 0.00059096 0.00058484 0.00058484]
long_stop:[0.00056776 0.00056776 0.00056776 0.00056138 0.00057057]
2021-07-28 04:42:33.835 | DEBUG    | BL.indicator.st:compute:117 - [0, 0, 0, 0, 0]
short_stop:[0.2784267 0.2784267 0.2784267 0.2784267 0.2784267]
long_stop:[0.27380921 0.27380921 0.27380921 0.27380921 0.27509892]
2021-07-28 04:42:34.837 | DEBUG    | BL.indicator.st:compute:117 - [0, 0, 0, 0, 1]
short_stop:[0.00032363 0.00032363 0.00032271 0.00032271 0.00032271]
long_stop:[0.00031874 0.00031874 0.00031443 0.00031652 0.00031949]
2021-07-28 04:42:34.837 | DEBUG    | BL.bot.SwT:checkEntryForRbuy:3590 - ST signal
2021-07-28 04:42:36.186 | DEBUG    | BL.bot.SwT:monitorEntry:2445 - Trade open response: {'status': "'NoneType' object is not subscriptable", 'direction': 'BUY', 'order_type': 'MARKET', 'symbol': 'XRP-ETH', 'requested_qty': 270.93594218, 'executed_qty': 0, 'avg_price': 0.0, 'commission': 0.0, 'executed_time': datetime.datetime(2021, 7, 28, 4, 42, 35, 523161)}
2021-07-28 04:42:49.099 | DEBUG    | BL.indicator.st:compute:117 - [0, 0, 0, 0, 0]
short_stop:[0.2784267 0.2784267 0.2784267 0.2784267 0.2784267]
long_stop:[0.27380921 0.27380921 0.27380921 0.27380921 0.27509892]
2021-07-28 04:42:49.939 | DEBUG    | BL.indicator.st:compute:117 - [0, 0, 0, 0, 0]
short_stop:[0.2784267 0.2784267 0.2784267 0.2784267 0.2784267]
long_stop:[0.27380921 0.27380921 0.27380921 0.27380921 0.27509892]
2021-07-28 04:42:51.188 | DEBUG    | BL.indicator.st:compute:117 - [0, 0, 0, 0, 0]
short_stop:[0.2784267 0.2784267 0.2784267 0.2784267 0.2784267]
long_stop:[0.27380921 0.27380921 0.27380921 0.27380921 0.27509892]
2021-07-28 04:42:52.260 | DEBUG    | BL.indicator.st:compute:117 - [0, 0, 0, 0, 0]
short_stop:[0.2784267 0.2784267 0.2784267 0.2784267 0.2784267]
long_stop:[0.27380921 0.27380921 0.27380921 0.27380921 0.27509892]
2021-07-28 04:42:54.163 | DEBUG    | BL.indicator.st:compute:117 - [0, 0, 0, 0, 0]
short_stop:[0.74632033 0.74622318 0.74578116 0.74578116 0.74578116]
long_stop:[0.72839904 0.72839904 0.72839904 0.72839904 0.73204933]
2021-07-28 04:43:28.527 | DEBUG    | BL.indicator.st:compute:117 - [0, 0, 0, 0, 0]
short_stop:[0.74632033 0.74622318 0.74578116 0.74578116 0.74578116]
long_stop:[0.72839904 0.72839904 0.72839904 0.72839904 0.73204933]
2021-07-28 04:43:29.576 | DEBUG    | BL.indicator.st:compute:117 - [0, 0, 0, 0, 0]
short_stop:[7.03229615e-06 7.03229615e-06 7.03229615e-06 7.03229615e-06
 7.03229615e-06]
long_stop:[6.89903816e-06 6.89903816e-06 6.89903816e-06 6.89903816e-06
 6.89903816e-06]
2021-07-28 04:43:32.384 | DEBUG    | BL.indicator.st:compute:117 - [0, 0, 0, 0, 0]
short_stop:[3.2705226e-05 3.2705226e-05 3.2705226e-05 3.2705226e-05 3.2705226e-05]
long_stop:[3.24192448e-05 3.24227720e-05 3.24227720e-05 3.24227720e-05
 3.24534871e-05]
2021-07-28 04:43:55.039 | DEBUG    | BL.indicator.st:compute:117 - [0, 0, 0, 0, 0]
short_stop:[0.74632033 0.74622318 0.74578116 0.74578116 0.74578116]
long_stop:[0.72839904 0.72839904 0.72839904 0.72839904 0.73204933]
2021-07-28 04:43:57.036 | DEBUG    | BL.indicator.st:compute:117 - [0, 0, 0, 0, 0]
short_stop:[139.49051609 139.47259398 139.47259398 139.47259398 139.47259398]
long_stop:[138.50948391 138.52740602 138.52740602 138.52740602 138.52740602]
2021-07-28 04:44:00.774 | DEBUG    | BL.indicator.st:compute:117 - [0, 0, 0, 0, 0]
short_stop:[7.04127523e-05 7.04127523e-05 7.04127523e-05 7.04127523e-05
 7.04127523e-05]
long_stop:[7.05168264e-05 7.05168264e-05 7.05168264e-05 7.05168264e-05
 7.05168264e-05]
2021-07-28 04:44:06.012 | DEBUG    | BL.indicator.st:compute:117 - [0, 0, 0, 0, 0]
short_stop:[0.2784267 0.2784267 0.2784267 0.2784267 0.2784267]
long_stop:[0.27380921 0.27380921 0.27380921 0.27380921 0.27509892]
2021-07-28 04:44:07.262 | DEBUG    | BL.indicator.st:compute:117 - [0, 0, 0, 0, 0]
short_stop:[0.2784267 0.2784267 0.2784267 0.2784267 0.2784267]
long_stop:[0.27380921 0.27380921 0.27380921 0.27380921 0.27509892]
2021-07-28 04:44:09.287 | DEBUG    | BL.indicator.st:compute:117 - [0, 0, 0, 0, 0]
short_stop:[0.74632033 0.74622318 0.74578116 0.74578116 0.74578116]
long_stop:[0.72839904 0.72839904 0.72839904 0.72839904 0.73200577]
2021-07-28 04:44:14.868 | DEBUG    | BL.indicator.st:compute:117 - [0, 0, 0, 0, 0]
short_stop:[0.74632033 0.74622318 0.74578116 0.74578116 0.74578116]
long_stop:[0.72839904 0.72839904 0.72839904 0.72839904 0.73200577]
2021-07-28 04:44:33.851 | DEBUG    | BL.indicator.st:compute:117 - [0, 0, 0, 0, 0]
short_stop:[3.2705226e-05 3.2705226e-05 3.2705226e-05 3.2705226e-05 3.2705226e-05]
long_stop:[3.24192448e-05 3.24227720e-05 3.24227720e-05 3.24227720e-05
 3.24534871e-05]
2021-07-28 04:44:36.825 | DEBUG    | BL.indicator.st:compute:117 - [0, 0, 0, 0, 0]
short_stop:[2306.57139009 2306.57139009 2306.57139009 2306.57139009 2306.57139009]
long_stop:[2278.2601516 2278.2601516 2278.2601516 2278.2601516 2278.2601516]
2021-07-28 04:45:02.558 | DEBUG    | BL.indicator.st:compute:117 - [0, 0, 0, 0, 0]
short_stop:[2306.57139009 2306.57139009 2306.57139009 2306.57139009 2306.57139009]
long_stop:[2278.2601516 2278.2601516 2278.2601516 2278.2601516 2278.2601516]
2021-07-28 04:45:05.425 | DEBUG    | BL.indicator.st:compute:117 - [0, 0, 0, 0, 0]
short_stop:[0.05806821 0.05806821 0.05803301 0.0580308  0.0580308 ]
long_stop:[0.05762863 0.05762863 0.05762863 0.05762863 0.05762863]
2021-07-28 04:45:06.399 | DEBUG    | BL.indicator.st:compute:117 - [0, 0, 0, 0, 0]
short_stop:[0.74632033 0.74622318 0.74578116 0.74578116 0.74578116]
long_stop:[0.72839904 0.72839904 0.72839904 0.72839904 0.73200577]
2021-07-28 04:45:08.434 | DEBUG    | BL.indicator.st:compute:117 - [0, 0, 0, 1, 0]
short_stop:[2.37266551e-05 2.37266551e-05 2.37266551e-05 2.37266551e-05
 2.37266551e-05]
long_stop:[2.36533449e-05 2.36533449e-05 2.36533449e-05 2.37035832e-05
 2.37035832e-05]
2021-07-28 04:45:09.219 | DEBUG    | BL.indicator.st:compute:117 - [0, 0, 0, 0, 0]
short_stop:[0.05806821 0.05803301 0.0580308  0.0580308  0.0580308 ]
long_stop:[0.05762863 0.05762863 0.05762863 0.05762863 0.05762863]
2021-07-28 04:45:11.318 | DEBUG    | BL.indicator.st:compute:117 - [0, 0, 0, 0, 0]
short_stop:[0.05806821 0.05803301 0.0580308  0.0580308  0.0580308 ]
long_stop:[0.05762863 0.05762863 0.05762863 0.05762863 0.05762863]
2021-07-28 04:45:11.318 | DEBUG    | BL.indicator.st:compute:117 - [0, 0, 0, 1, 0]
short_stop:[0.00032363 0.00032271 0.00032271 0.00032271 0.00032271]
long_stop:[0.00031874 0.00031443 0.00031652 0.00031949 0.00031949]
2021-07-28 04:45:11.334 | DEBUG    | BL.indicator.st:compute:117 - [0, 0, 0, 0, 0]
short_stop:[2306.57139009 2306.57139009 2306.57139009 2306.57139009 2306.57139009]
long_stop:[2278.2601516 2278.2601516 2278.2601516 2278.2601516 2278.2601516]
2021-07-28 04:45:11.334 | DEBUG    | BL.indicator.st:compute:117 - [0, 0, 0, 0, 0]
short_stop:[138.55449487 138.53839314 138.53839314 138.53839314 138.53839314]
long_stop:[136.74019253 136.74019253 136.74019253 136.74019253 136.74019253]
2021-07-28 04:45:11.334 | DEBUG    | BL.indicator.st:compute:117 - [0, 0, 0, 0, 0]
short_stop:[0.15050435 0.15050435 0.15050435 0.15050435 0.15050435]
long_stop:[0.14790128 0.14790128 0.14790128 0.14679396 0.14679396]
2021-07-28 04:45:11.350 | DEBUG    | BL.indicator.st:compute:117 - [0, 0, 0, 0, 0]
short_stop:[3.2705226e-05 3.2705226e-05 3.2705226e-05 3.2705226e-05 3.2705226e-05]
long_stop:[3.24227720e-05 3.24227720e-05 3.24227720e-05 3.24534871e-05
 3.24534871e-05]
2021-07-28 04:45:11.350 | DEBUG    | BL.indicator.st:compute:117 - [0, 0, 0, 0, 0]
short_stop:[2.53687492e-05 2.53687492e-05 2.53687492e-05 2.53687492e-05
 2.53687492e-05]
long_stop:[2.49372691e-05 2.49372691e-05 2.49372691e-05 2.49372691e-05
 2.49372691e-05]
2021-07-28 04:45:11.365 | DEBUG    | BL.indicator.st:compute:117 - [0, 0, 0, 0, 0]
short_stop:[0.00037413 0.00037413 0.00037413 0.00037413 0.00037413]
long_stop:[0.00037357 0.00037357 0.00037357 0.00037357 0.00037357]
2021-07-28 04:45:11.372 | DEBUG    | BL.indicator.st:compute:117 - [0, 0, 0, 0, 0]
short_stop:[1.35004072 1.35004072 1.35004072 1.35004072 1.35004072]
long_stop:[1.33147734 1.33147734 1.33147734 1.33147734 1.33147734]
2021-07-28 04:45:11.372 | DEBUG    | BL.indicator.st:compute:117 - [0, 0, 0, 0, 0]
short_stop:[0.06138698 0.06138698 0.06138698 0.06138698 0.06138698]
long_stop:[0.06075699 0.06075699 0.06075699 0.06075699 0.06075699]
2021-07-28 04:45:11.372 | DEBUG    | BL.indicator.st:compute:117 - [0, 0, 0, 0, 0]
short_stop:[5.30573791e-06 5.30573791e-06 5.30573791e-06 5.30573791e-06
 5.30573791e-06]
long_stop:[5.22519389e-06 5.22519389e-06 5.22519389e-06 5.22519389e-06
 5.22519389e-06]
2021-07-28 04:45:11.387 | DEBUG    | BL.indicator.st:compute:117 - [0, 0, 0, 0, 0]
short_stop:[6.49453443e-05 6.49453443e-05 6.49453443e-05 6.61350044e-05
 6.61350044e-05]
long_stop:[6.42291651e-05 6.42291651e-05 6.42291651e-05 6.54649956e-05
 6.54649956e-05]
2021-07-28 04:45:11.387 | DEBUG    | BL.indicator.st:compute:117 - [0, 0, 0, 0, 0]
short_stop:[7.03229615e-06 7.03229615e-06 7.03229615e-06 7.03229615e-06
 7.03229615e-06]
long_stop:[6.89903816e-06 6.89903816e-06 6.89903816e-06 6.89903816e-06
 6.89903816e-06]
2021-07-28 04:45:11.403 | DEBUG    | BL.indicator.st:compute:117 - [0, 0, 0, 0, 0]
short_stop:[35.91072326 35.91072326 35.91072326 35.91072326 35.91072326]
long_stop:[35.84972042 35.84972042 35.84972042 35.84972042 35.84972042]
2021-07-28 04:45:11.403 | DEBUG    | BL.indicator.st:compute:117 - [0, 0, 0, 0, 0]
short_stop:[3.40276831e-05 3.40276831e-05 3.40276831e-05 3.40276831e-05
 3.40276831e-05]
long_stop:[3.34723169e-05 3.34723169e-05 3.34723169e-05 3.34723169e-05
 3.34723169e-05]
2021-07-28 04:45:11.403 | DEBUG    | BL.indicator.st:compute:117 - [0, 0, 0, 0, 0]
short_stop:[1.02582717 1.02582717 1.02582717 1.02582717 1.02582717]
long_stop:[1.01571848 1.01571848 1.01571848 1.01571848 1.01571848]
2021-07-28 04:45:11.419 | DEBUG    | BL.indicator.st:compute:117 - [1, 0, 0, 0, 0]
short_stop:[1.29533862 1.29533862 1.29533862 1.30730364 1.30730364]
long_stop:[1.28730858 1.28730858 1.28730858 1.28730858 1.28730858]
2021-07-28 04:45:11.419 | DEBUG    | BL.indicator.st:compute:117 - [0, 0, 0, 0, 0]
short_stop:[0.210334 0.210334 0.210334 0.210334 0.210334]
long_stop:[0.20781197 0.20781197 0.20781197 0.20781197 0.20781197]
2021-07-28 04:45:11.434 | DEBUG    | BL.indicator.st:compute:117 - [0, 0, 0, 0, 0]
short_stop:[0.00043723 0.00043723 0.00043723 0.00043723 0.00043723]
long_stop:[0.00043381 0.00043381 0.00043381 0.00043381 0.00043381]
2021-07-28 04:45:11.434 | DEBUG    | BL.indicator.st:compute:117 - [0, 0, 0, 0, 0]
short_stop:[6.47662286e-05 6.47662286e-05 6.47662286e-05 6.47662286e-05
 6.47662286e-05]
long_stop:[6.4203277e-05 6.4203277e-05 6.4203277e-05 6.4203277e-05 6.4203277e-05]
2021-07-28 04:45:11.434 | DEBUG    | BL.indicator.st:compute:117 - [0, 0, 0, 0, 0]
short_stop:[4.2030179e-05 4.2030179e-05 4.2030179e-05 4.2030179e-05 4.2030179e-05]
long_stop:[4.1589821e-05 4.1589821e-05 4.1589821e-05 4.1589821e-05 4.1589821e-05]
2021-07-28 04:45:11.450 | DEBUG    | BL.indicator.st:compute:117 - [0, 0, 0, 0, 0]
short_stop:[0.74622318 0.74578116 0.74578116 0.74578116 0.74578116]
long_stop:[0.72839904 0.72839904 0.72839904 0.73200577 0.73200577]
2021-07-28 04:45:11.450 | DEBUG    | BL.indicator.st:compute:117 - [0, 0, 0, 0, 0]
short_stop:[0.00043571 0.00043571 0.00043571 0.00043571 0.00043571]
long_stop:[0.00043819 0.00043819 0.00043819 0.00043819 0.00043819]
2021-07-28 04:45:11.466 | DEBUG    | BL.indicator.st:compute:117 - [0, 0, 0, 0, 0]
short_stop:[2.49921727e-05 2.49921727e-05 2.49921727e-05 2.49921727e-05
 2.49921727e-05]
long_stop:[2.47502457e-05 2.47502457e-05 2.47502457e-05 2.47502457e-05
 2.47502457e-05]
2021-07-28 04:45:11.472 | DEBUG    | BL.indicator.st:compute:117 - [0, 0, 0, 0, 0]
short_stop:[6.59868686e-06 6.59868686e-06 6.59868686e-06 6.59868686e-06
 6.59868686e-06]
long_stop:[6.40131314e-06 6.40131314e-06 6.40131314e-06 6.40131314e-06
 6.40131314e-06]
2021-07-28 04:45:11.472 | DEBUG    | BL.indicator.st:compute:117 - [0, 0, 0, 0, 0]
short_stop:[0.00043407 0.00043407 0.00043407 0.00043407 0.00043407]
long_stop:[0.00043988 0.00043988 0.00043988 0.00043988 0.00043988]
2021-07-28 04:45:11.472 | DEBUG    | BL.indicator.st:compute:117 - [0, 0, 0, 0, 0]
short_stop:[0.00125618 0.00125618 0.00125618 0.00125618 0.00125618]
long_stop:[0.00124936 0.00124936 0.00124936 0.00124936 0.00124936]
2021-07-28 04:45:11.488 | DEBUG    | BL.indicator.st:compute:117 - [0, 0, 0, 0, 0]
short_stop:[0.02164289 0.02164289 0.02164289 0.02164289 0.02164289]
long_stop:[0.02161337 0.02161337 0.02161337 0.02161337 0.02161337]
2021-07-28 04:45:11.488 | DEBUG    | BL.indicator.st:compute:117 - [0, 0, 0, 0, 0]
short_stop:[0.02817407 0.02817407 0.02817407 0.02817407 0.02817407]
long_stop:[0.02782593 0.02782593 0.02782593 0.02782593 0.02782593]
2021-07-28 04:45:11.503 | DEBUG    | BL.indicator.st:compute:117 - [0, 0, 0, 0, 0]
short_stop:[1.7230082e-05 1.7230082e-05 1.7230082e-05 1.7230082e-05 1.7230082e-05]
long_stop:[1.6969918e-05 1.6969918e-05 1.6969918e-05 1.6969918e-05 1.6969918e-05]
2021-07-28 04:45:11.503 | DEBUG    | BL.indicator.st:compute:117 - [0, 0, 0, 0, 0]
short_stop:[2.58397687e-05 2.58397687e-05 2.58397687e-05 2.58397687e-05
 2.58397687e-05]
long_stop:[2.56018544e-05 2.56018544e-05 2.56018544e-05 2.56018544e-05
 2.56018544e-05]
2021-07-28 04:45:11.517 | DEBUG    | BL.indicator.st:compute:117 - [0, 0, 1, 0, 0]
short_stop:[2.37266551e-05 2.37266551e-05 2.37266551e-05 2.37266551e-05
 2.37266551e-05]
long_stop:[2.36533449e-05 2.36533449e-05 2.37035832e-05 2.37035832e-05
 2.37035832e-05]
2021-07-28 04:45:11.523 | DEBUG    | BL.indicator.st:compute:117 - [0, 0, 0, 0, 0]
short_stop:[1.21070134e-06 1.21070134e-06 1.20382878e-06 1.20382878e-06
 1.20382878e-06]
long_stop:[1.18432542e-06 1.18432542e-06 1.18432542e-06 1.18432542e-06
 1.18432542e-06]
2021-07-28 04:45:11.529 | DEBUG    | BL.indicator.st:compute:117 - [0, 0, 0, 0, 0]
short_stop:[0.048546 0.048546 0.048546 0.048546 0.048546]
long_stop:[0.048071 0.048071 0.048071 0.048071 0.048071]
2021-07-28 04:45:11.532 | DEBUG    | BL.indicator.st:compute:117 - [0, 0, 0, 0, 0]
short_stop:[0.00138821 0.00138821 0.00138821 0.00138821 0.00138821]
long_stop:[0.0013501  0.0013501  0.00135203 0.00135296 0.00135296]
2021-07-28 04:45:11.532 | DEBUG    | BL.indicator.st:compute:117 - [0, 0, 0, 0, 0]
short_stop:[2.53173085e-05 2.53173085e-05 2.53173085e-05 2.53173085e-05
 2.53173085e-05]
long_stop:[2.50426915e-05 2.50426915e-05 2.50426915e-05 2.50426915e-05
 2.50426915e-05]
2021-07-28 04:45:11.547 | DEBUG    | BL.indicator.st:compute:117 - [0, 0, 0, 0, 0]
short_stop:[0.00120358 0.00120358 0.00120358 0.00120358 0.00120358]
long_stop:[0.00120713 0.00120713 0.00120713 0.00120713 0.00120713]
2021-07-28 04:45:11.547 | DEBUG    | BL.indicator.st:compute:117 - [0, 0, 0, 0, 0]
short_stop:[7.04127523e-05 7.04127523e-05 7.04127523e-05 7.04127523e-05
 7.04127523e-05]
long_stop:[7.05168264e-05 7.05168264e-05 7.05168264e-05 7.05168264e-05
 7.05168264e-05]
2021-07-28 04:45:11.563 | DEBUG    | BL.indicator.st:compute:117 - [0, 0, 0, 0, 0]
short_stop:[0.16311232 0.16311232 0.16311232 0.16311232 0.16311232]
long_stop:[0.16145876 0.16145876 0.16145876 0.16145876 0.16145876]
2021-07-28 04:45:11.563 | DEBUG    | BL.indicator.st:compute:117 - [0, 0, 0, 0, 0]
short_stop:[0.00012033 0.00012033 0.00012033 0.00012033 0.00012033]
long_stop:[0.0001193 0.0001193 0.0001193 0.0001193 0.0001193]
2021-07-28 04:45:11.572 | DEBUG    | BL.indicator.st:compute:117 - [0, 0, 0, 0, 0]
short_stop:[0.2784267 0.2784267 0.2784267 0.2784267 0.2784267]
long_stop:[0.27380921 0.27380921 0.27380921 0.27509892 0.27509892]
2021-07-28 04:45:11.572 | DEBUG    | BL.indicator.st:compute:117 - [0, 0, 0, 0, 0]
short_stop:[2.8626434 2.8626434 2.8626434 2.8626434 2.8626434]
long_stop:[2.83592494 2.83592494 2.83592494 2.83592494 2.83592494]
2021-07-28 04:45:11.588 | DEBUG    | BL.indicator.st:compute:117 - [0, 0, 0, 0, 0]
short_stop:[0.00058214 0.00058214 0.00058214 0.00058214 0.00058214]
long_stop:[0.00058184 0.00058184 0.00058184 0.00058184 0.00058184]
2021-07-28 04:45:11.588 | DEBUG    | BL.indicator.st:compute:117 - [0, 0, 0, 0, 0]
short_stop:[0.0009101 0.0009101 0.0009101 0.0009101 0.0009101]
long_stop:[0.0009028 0.0009028 0.0009028 0.0009028 0.0009028]
2021-07-28 04:45:11.604 | DEBUG    | BL.indicator.st:compute:117 - [0, 0, 0, 0, 0]
short_stop:[0.00124972 0.00124972 0.00124972 0.00124972 0.00124972]
long_stop:[0.00125621 0.00125621 0.00125621 0.00125621 0.00125621]
2021-07-28 04:45:11.604 | DEBUG    | BL.indicator.st:compute:117 - [0, 0, 0, 0, 0]
short_stop:[0.00059096 0.00059096 0.00058484 0.00058484 0.00058484]
long_stop:[0.00056776 0.00056776 0.00056138 0.00057057 0.00057057]
2021-07-28 04:45:11.604 | DEBUG    | BL.indicator.st:compute:117 - [0, 0, 0, 0, 0]
short_stop:[2.53777034e-05 2.53777034e-05 2.53777034e-05 2.53777034e-05
 2.53777034e-05]
long_stop:[2.52022966e-05 2.52022966e-05 2.52022966e-05 2.52022966e-05
 2.52022966e-05]
2021-07-28 04:45:11.619 | DEBUG    | BL.indicator.st:compute:117 - [0, 0, 0, 0, 0]
short_stop:[0.00030949 0.00030949 0.00030949 0.00030949 0.00030949]
long_stop:[0.00030837 0.00030837 0.00030837 0.00030837 0.00030837]
2021-07-28 04:45:11.619 | DEBUG    | BL.indicator.st:compute:117 - [0, 0, 0, 0, 0]
short_stop:[14.93721257 14.93721257 14.93721257 14.93721257 14.93721257]
long_stop:[14.85678743 14.85678743 14.85678743 14.85678743 14.85678743]
2021-07-28 04:45:11.635 | DEBUG    | BL.indicator.st:compute:117 - [0, 0, 0, 0, 0]
short_stop:[0.00646245 0.00646245 0.00646245 0.00646245 0.00646245]
long_stop:[0.00644669 0.00644669 0.00644669 0.00644669 0.00644669]
2021-07-28 04:45:11.635 | DEBUG    | BL.indicator.st:compute:117 - [0, 0, 0, 0, 0]
short_stop:[0.70993909 0.70993909 0.70993909 0.70993909 0.70993909]
long_stop:[0.71148109 0.71148109 0.71148109 0.71148109 0.71148109]
2021-07-28 04:45:11.650 | DEBUG    | BL.indicator.st:compute:117 - [0, 0, 0, 0, 0]
short_stop:[9.92362684e-05 9.92362684e-05 9.92362684e-05 9.92362684e-05
 9.92362684e-05]
long_stop:[9.81437316e-05 9.81437316e-05 9.81437316e-05 9.81437316e-05
 9.81437316e-05]
2021-07-28 04:45:11.650 | DEBUG    | BL.indicator.st:compute:117 - [0, 0, 0, 0, 0]
short_stop:[2.15714094e-05 2.15714094e-05 2.15714094e-05 2.15714094e-05
 2.15714094e-05]
long_stop:[2.13485906e-05 2.13485906e-05 2.13485906e-05 2.13485906e-05
 2.13485906e-05]
2021-07-28 04:45:11.650 | DEBUG    | BL.indicator.st:compute:117 - [0, 0, 0, 0, 0]
short_stop:[8.94851437e-06 8.94851437e-06 8.94851437e-06 8.94851437e-06
 8.94851437e-06]
long_stop:[9.02198867e-06 9.02198867e-06 9.02198867e-06 9.02198867e-06
 9.02198867e-06]
2021-07-28 04:45:11.666 | DEBUG    | BL.indicator.st:compute:117 - [0, 0, 0, 0, 0]
short_stop:[2.51070731e-05 2.51070731e-05 2.51070731e-05 2.51070731e-05
 2.51070731e-05]
long_stop:[2.505308e-05 2.505308e-05 2.505308e-05 2.505308e-05 2.505308e-05]
2021-07-28 04:45:11.673 | DEBUG    | BL.indicator.st:compute:117 - [0, 0, 0, 0, 0]
short_stop:[1.06361252e-05 1.04275018e-05 1.04275018e-05 1.04275018e-05
 1.04275018e-05]
long_stop:[1.06038748e-05 1.03724982e-05 1.03724982e-05 1.03724982e-05
 1.03724982e-05]
2021-07-28 04:45:11.673 | DEBUG    | BL.indicator.st:compute:117 - [0, 0, 0, 0, 0]
short_stop:[2.56585866 2.56585866 2.56585866 2.56585866 2.56585866]
long_stop:[2.56659869 2.56659869 2.56659869 2.56659869 2.56659869]
2021-07-28 04:45:11.688 | DEBUG    | BL.indicator.st:compute:117 - [0, 0, 0, 0, 0]
short_stop:[0.00374007 0.00374007 0.00374007 0.00374007 0.00374007]
long_stop:[0.00374822 0.00374822 0.00374822 0.00374822 0.00374822]
2021-07-28 04:45:11.688 | DEBUG    | BL.indicator.st:compute:117 - [0, 0, 0, 0, 0]
short_stop:[139.47259398 139.47259398 139.47259398 139.47259398 139.47259398]
long_stop:[138.52740602 138.52740602 138.52740602 138.52740602 138.52740602]
2021-07-28 04:45:11.688 | DEBUG    | BL.indicator.st:compute:117 - [0, 0, 0, 0, 0]
short_stop:[1.96298686e-05 1.96298686e-05 1.96298686e-05 1.96298686e-05
 1.96298686e-05]
long_stop:[2.01047628e-05 2.01047628e-05 2.01047628e-05 2.01047628e-05
 2.01047628e-05]
2021-07-28 04:45:11.704 | DEBUG    | BL.indicator.st:compute:117 - [0, 0, 0, 0, 0]
short_stop:[1.00348998 1.00348998 1.00348998 1.00348998 1.00348998]
long_stop:[1.00061134 1.00061134 1.00061134 1.00061134 1.00061134]
2021-07-28 04:45:11.704 | DEBUG    | BL.indicator.st:compute:117 - [0, 0, 0, 0, 0]
short_stop:[0.57145156 0.57145156 0.57145156 0.57145156 0.57145156]
long_stop:[0.56684714 0.56684714 0.56684714 0.56684714 0.56684714]
2021-07-28 04:45:11.719 | DEBUG    | BL.indicator.st:compute:117 - [0, 0, 0, 0, 0]
short_stop:[nan nan nan nan nan]
long_stop:[nan nan nan nan nan]
2021-07-28 04:45:11.719 | DEBUG    | BL.indicator.st:compute:117 - [0, 0, 0, 0, 0]
short_stop:[1.60496274e-06 1.60496274e-06 1.60496274e-06 1.60496274e-06
 1.60496274e-06]
long_stop:[1.59503726e-06 1.59503726e-06 1.59503726e-06 1.59503726e-06
 1.59503726e-06]
2021-07-28 04:45:11.719 | DEBUG    | BL.indicator.st:compute:117 - [0, 0, 0, 0, 0]
short_stop:[0.99986865 0.99986865 0.99986865 0.99986865 0.99986865]
long_stop:[0.99948946 0.99948946 0.99948946 0.99948946 0.99948946]
2021-07-28 04:45:11.735 | DEBUG    | BL.indicator.st:compute:117 - [0, 0, 0, 0, 0]
short_stop:[8.64848784 8.64848784 8.64848784 8.64848784 8.64848784]
long_stop:[8.60751216 8.60751216 8.60751216 8.60751216 8.60751216]
2021-07-28 04:45:11.735 | DEBUG    | BL.indicator.st:compute:117 - [0, 0, 0, 0, 0]
short_stop:[2.52065946e-05 2.52065946e-05 2.52065946e-05 2.52065946e-05
 2.52065946e-05]
long_stop:[2.50934054e-05 2.50934054e-05 2.50934054e-05 2.50934054e-05
 2.50934054e-05]
2021-07-28 04:45:11.735 | DEBUG    | BL.indicator.st:compute:117 - [0, 0, 0, 0, 0]
short_stop:[3.0765702e-06 3.0765702e-06 3.0765702e-06 3.0765702e-06 3.0765702e-06]
long_stop:[2.98424525e-06 2.98424525e-06 2.98424525e-06 2.98424525e-06
 2.98424525e-06]
2021-07-28 04:45:11.751 | DEBUG    | BL.indicator.st:compute:117 - [0, 0, 0, 0, 0]
short_stop:[3.40878644e-05 3.40878644e-05 3.40878644e-05 3.40878644e-05
 3.40878644e-05]
long_stop:[3.38921356e-05 3.38921356e-05 3.38921356e-05 3.38921356e-05
 3.38921356e-05]
2021-07-28 04:45:11.751 | DEBUG    | BL.indicator.st:compute:117 - [0, 0, 0, 0, 0]
short_stop:[2.22172956 2.22172956 2.22172956 2.22172956 2.22172956]
long_stop:[2.20827044 2.20827044 2.20827044 2.20827044 2.20827044]
2021-07-28 04:45:11.771 | DEBUG    | BL.indicator.st:compute:117 - [0, 0, 0, 0, 0]
short_stop:[0.99970462 0.99970462 0.99970462 0.99970462 0.99970462]
long_stop:[0.99949538 0.99949538 0.99949538 0.99949538 0.99949538]
2021-07-28 04:45:11.777 | DEBUG    | BL.indicator.st:compute:117 - [0, 0, 0, 0, 0]
short_stop:[2.20821918e-07 2.20821918e-07 2.20821918e-07 2.20821918e-07
 2.20821918e-07]
long_stop:[2.19178082e-07 2.19178082e-07 2.19178082e-07 2.19178082e-07
 2.19178082e-07]
2021-07-28 04:45:11.783 | DEBUG    | BL.indicator.st:compute:117 - [0, 0, 0, 0, 0]
short_stop:[1.00051688 1.00051688 1.00051688 1.00051688 1.00051688]
long_stop:[0.99983212 0.99983212 0.99983212 0.99983212 0.99983212]
2021-07-28 04:45:11.790 | DEBUG    | BL.indicator.st:compute:117 - [0, 0, 0, 0, 0]
short_stop:[1.24567756e-06 1.24567756e-06 1.24567756e-06 1.24567756e-06
 1.24567756e-06]
long_stop:[1.26536969e-06 1.26536969e-06 1.26536969e-06 1.26536969e-06
 1.26536969e-06]
2021-07-28 04:45:11.795 | DEBUG    | BL.indicator.st:compute:117 - [0, 0, 0, 0, 0]
short_stop:[5.76732039e-06 5.76732039e-06 5.76732039e-06 5.76732039e-06
 5.76732039e-06]
long_stop:[5.75267961e-06 5.75267961e-06 5.75267961e-06 5.75267961e-06
 5.75267961e-06]
2021-07-28 04:45:11.799 | DEBUG    | BL.indicator.st:compute:117 - [0, 0, 0, 0, 0]
short_stop:[1.42274688e-07 1.42274688e-07 1.42274688e-07 1.42274688e-07
 1.42274688e-07]
long_stop:[1.38593051e-07 1.38593051e-07 1.38593051e-07 1.38593051e-07
 1.38593051e-07]
2021-07-28 04:45:11.799 | DEBUG    | BL.indicator.st:compute:117 - [0, 0, 0, 0, 0]
short_stop:[2.59061259e-06 2.59061259e-06 2.59061259e-06 2.59061259e-06
 2.59061259e-06]
long_stop:[2.54938741e-06 2.54938741e-06 2.54938741e-06 2.54938741e-06
 2.54938741e-06]
2021-07-28 04:45:11.814 | DEBUG    | BL.indicator.st:compute:117 - [0, 0, 0, 0, 0]
short_stop:[49.94863725 49.94863725 49.94863725 49.94863725 49.94863725]
long_stop:[49.59809156 49.59809156 49.59809156 49.59809156 49.59809156]
2021-07-28 04:45:11.814 | DEBUG    | BL.indicator.st:compute:117 - [0, 0, 0, 0, 0]
short_stop:[0.00017173 0.00017173 0.00017173 0.00017173 0.00017173]
long_stop:[0.00017071 0.00017071 0.00017071 0.00017071 0.00017071]
2021-07-28 04:45:12.004 | DEBUG    | BL.indicator.st:compute:117 - [0, 0, 0, 0, 0]
short_stop:[0.12037097 0.12037097 0.12037097 0.12037097 0.12037097]
long_stop:[0.11840903 0.11840903 0.11840903 0.11840903 0.11840903]
2021-07-28 04:45:12.020 | DEBUG    | BL.indicator.st:compute:117 - [0, 0, 0, 0, 0]
short_stop:[0.0002202 0.0002202 0.0002202 0.0002202 0.0002202]
long_stop:[0.0002197 0.0002197 0.0002197 0.0002197 0.0002197]
2021-07-28 04:45:12.104 | DEBUG    | BL.indicator.st:compute:117 - [0, 0, 0, 0, 0]
short_stop:[5.70212129e-05 5.70212129e-05 5.70212129e-05 5.70212129e-05
 5.70212129e-05]
long_stop:[5.68387871e-05 5.68387871e-05 5.68387871e-05 5.68387871e-05
 5.68387871e-05]
2021-07-28 04:45:12.135 | DEBUG    | BL.indicator.st:compute:117 - [0, 0, 0, 0, 0]
short_stop:[0.0004436 0.0004436 0.0004436 0.0004436 0.0004436]
long_stop:[0.00044184 0.00044184 0.00044184 0.00044184 0.00044184]
2021-07-28 04:45:12.189 | DEBUG    | BL.indicator.st:compute:117 - [0, 0, 0, 0, 0]
short_stop:[2.831e-05 2.831e-05 2.831e-05 2.831e-05 2.831e-05]
long_stop:[2.831e-05 2.831e-05 2.831e-05 2.831e-05 2.831e-05]
2021-07-28 04:45:12.189 | DEBUG    | BL.indicator.st:compute:117 - [0, 0, 0, 0, 0]
short_stop:[1.46947644e-05 1.46947644e-05 1.46947644e-05 1.46947644e-05
 1.46947644e-05]
long_stop:[1.51791398e-05 1.51791398e-05 1.51791398e-05 1.51791398e-05
 1.51791398e-05]
2021-07-28 04:45:12.189 | DEBUG    | BL.indicator.st:compute:117 - [0, 0, 0, 0, 0]
short_stop:[0.03498876 0.03498876 0.03498876 0.03498876 0.03498876]
long_stop:[0.03498876 0.03498876 0.03498876 0.03498876 0.03498876]
2021-07-28 04:45:12.204 | DEBUG    | BL.indicator.st:compute:117 - [0, 0, 0, 0, 0]
short_stop:[nan nan nan nan nan]
long_stop:[nan nan nan nan nan]
2021-07-28 04:45:12.251 | DEBUG    | BL.indicator.st:compute:117 - [0, 0, 0, 0, 0]
short_stop:[86.90108219 86.90108219 86.90108219 86.90108219 86.90108219]
long_stop:[85.64691781 85.64691781 85.64691781 85.64691781 85.64691781]
2021-07-28 04:45:14.138 | DEBUG    | BL.indicator.st:compute:117 - [0, 0, 0, 0, 0]
short_stop:[0.05806821 0.05803301 0.0580308  0.0580308  0.05797049]
long_stop:[0.05762863 0.05762863 0.05762863 0.05762863 0.05762863]
2021-07-28 04:45:18.169 | DEBUG    | BL.indicator.st:compute:117 - [0, 0, 0, 0, 0]
short_stop:[0.05806821 0.05803301 0.0580308  0.0580308  0.05797049]
long_stop:[0.05762863 0.05762863 0.05762863 0.05762863 0.05762863]
2021-07-28 04:45:20.200 | DEBUG    | BL.indicator.st:compute:117 - [0, 0, 0, 0, 0]
short_stop:[0.74622318 0.74578116 0.74578116 0.74578116 0.74578116]
long_stop:[0.72839904 0.72839904 0.72839904 0.73200577 0.73200577]
2021-07-28 04:45:22.287 | DEBUG    | BL.indicator.st:compute:117 - [0, 0, 0, 0, 0]
short_stop:[0.05806821 0.05803301 0.0580308  0.0580308  0.05797049]
long_stop:[0.05762863 0.05762863 0.05762863 0.05762863 0.05762863]
2021-07-28 04:45:25.259 | DEBUG    | BL.indicator.st:compute:117 - [0, 0, 0, 0, 0]
short_stop:[2306.57139009 2306.57139009 2306.57139009 2306.57139009 2306.57139009]
long_stop:[2278.2601516 2278.2601516 2278.2601516 2278.2601516 2278.2601516]
2021-07-28 04:45:26.457 | DEBUG    | BL.indicator.st:compute:117 - [0, 0, 0, 0, 0]
short_stop:[0.05806821 0.05803301 0.0580308  0.0580308  0.05797049]
long_stop:[0.05762863 0.05762863 0.05762863 0.05762863 0.05762863]
2021-07-28 04:45:29.715 | DEBUG    | BL.indicator.st:compute:117 - [0, 0, 0, 0, 0]
short_stop:[0.05806821 0.05803301 0.0580308  0.0580308  0.05797049]
long_stop:[0.05762863 0.05762863 0.05762863 0.05762863 0.05762863]
2021-07-28 04:45:33.653 | DEBUG    | BL.indicator.st:compute:117 - [0, 0, 0, 0, 0]
short_stop:[2306.57139009 2306.57139009 2306.57139009 2306.57139009 2306.57139009]
long_stop:[2278.2601516 2278.2601516 2278.2601516 2278.2601516 2278.2601516]
2021-07-28 04:45:33.684 | DEBUG    | BL.indicator.st:compute:117 - [0, 0, 0, 0, 0]
short_stop:[3.2705226e-05 3.2705226e-05 3.2705226e-05 3.2705226e-05 3.2705226e-05]
long_stop:[3.24227720e-05 3.24227720e-05 3.24227720e-05 3.24534871e-05
 3.24534871e-05]
2021-07-28 04:45:33.700 | DEBUG    | BL.indicator.st:compute:117 - [0, 0, 0, 0, 0]
short_stop:[0.05806821 0.05803301 0.0580308  0.0580308  0.05797079]
long_stop:[0.05762863 0.05762863 0.05762863 0.05762863 0.05762863]
2021-07-28 04:45:34.499 | DEBUG    | BL.indicator.st:compute:117 - [0, 0, 0, 0, 0]
short_stop:[0.05806821 0.05803301 0.0580308  0.0580308  0.05797102]
long_stop:[0.05762863 0.05762863 0.05762863 0.05762863 0.05762863]
2021-07-28 04:45:38.608 | DEBUG    | BL.indicator.st:compute:117 - [0, 0, 0, 0, 0]
short_stop:[0.06138698 0.06138698 0.06138698 0.06138698 0.06138698]
long_stop:[0.06075699 0.06075699 0.06075699 0.06075699 0.06075699]
2021-07-28 04:45:38.613 | DEBUG    | BL.indicator.st:compute:117 - [0, 0, 0, 0, 0]
short_stop:[0.05806821 0.05803301 0.0580308  0.0580308  0.05797159]
long_stop:[0.05762863 0.05762863 0.05762863 0.05762863 0.05762863]
2021-07-28 04:45:42.647 | DEBUG    | BL.indicator.st:compute:117 - [0, 0, 0, 0, 0]
short_stop:[0.05806821 0.05803301 0.0580308  0.0580308  0.0579719 ]
long_stop:[0.05762863 0.05762863 0.05762863 0.05762863 0.05762863]
2021-07-28 04:45:46.559 | DEBUG    | BL.indicator.st:compute:117 - [0, 0, 0, 0, 0]
short_stop:[0.05806821 0.05803301 0.0580308  0.0580308  0.0579719 ]
long_stop:[0.05762863 0.05762863 0.05762863 0.05762863 0.05762863]
2021-07-28 04:45:50.523 | DEBUG    | BL.indicator.st:compute:117 - [0, 0, 0, 0, 0]
short_stop:[0.05806821 0.05803301 0.0580308  0.0580308  0.0579719 ]
long_stop:[0.05762863 0.05762863 0.05762863 0.05762863 0.05762863]
2021-07-28 04:45:54.765 | DEBUG    | BL.indicator.st:compute:117 - [0, 0, 0, 0, 0]
short_stop:[0.05806821 0.05803301 0.0580308  0.0580308  0.0579719 ]
long_stop:[0.05762863 0.05762863 0.05762863 0.05762863 0.05762863]
2021-07-28 04:45:58.560 | DEBUG    | BL.indicator.st:compute:117 - [0, 0, 0, 0, 0]
short_stop:[0.05806821 0.05803301 0.0580308  0.0580308  0.05797198]
long_stop:[0.05762863 0.05762863 0.05762863 0.05762863 0.05762863]
2021-07-28 04:46:02.783 | DEBUG    | BL.indicator.st:compute:117 - [0, 0, 0, 0, 0]
short_stop:[0.05806821 0.05803301 0.0580308  0.0580308  0.05797242]
long_stop:[0.05762863 0.05762863 0.05762863 0.05762863 0.05762863]
2021-07-28 04:46:06.871 | DEBUG    | BL.indicator.st:compute:117 - [0, 0, 0, 0, 0]
short_stop:[0.05806821 0.05803301 0.0580308  0.0580308  0.05797242]
long_stop:[0.05762863 0.05762863 0.05762863 0.05762863 0.05762863]
2021-07-28 04:46:10.857 | DEBUG    | BL.indicator.st:compute:117 - [0, 0, 0, 0, 0]
short_stop:[3.40276831e-05 3.40276831e-05 3.40276831e-05 3.40276831e-05
 3.40276831e-05]
long_stop:[3.34723169e-05 3.34723169e-05 3.34723169e-05 3.34723169e-05
 3.34723169e-05]
2021-07-28 04:46:10.857 | DEBUG    | BL.indicator.st:compute:117 - [0, 0, 0, 0, 0]
short_stop:[0.05806821 0.05803301 0.0580308  0.0580308  0.05797291]
long_stop:[0.05762863 0.05762863 0.05762863 0.05762863 0.05762863]
2021-07-28 04:46:14.914 | DEBUG    | BL.indicator.st:compute:117 - [0, 0, 0, 0, 0]
short_stop:[0.05806821 0.05803301 0.0580308  0.0580308  0.05797291]
long_stop:[0.05762863 0.05762863 0.05762863 0.05762863 0.05762863]
2021-07-28 04:46:18.967 | DEBUG    | BL.indicator.st:compute:117 - [0, 0, 0, 0, 0]
short_stop:[0.05806821 0.05803301 0.0580308  0.0580308  0.0579732 ]
long_stop:[0.05762863 0.05762863 0.05762863 0.05762863 0.05762863]
2021-07-28 04:46:18.967 | DEBUG    | BL.indicator.st:compute:117 - [0, 0, 0, 0, 0]
short_stop:[0.74622318 0.74578116 0.74578116 0.74578116 0.74578116]
long_stop:[0.72839904 0.72839904 0.72839904 0.73200577 0.73200577]
2021-07-28 04:46:21.910 | DEBUG    | BL.indicator.st:compute:117 - [0, 0, 0, 0, 0]
short_stop:[1.7230082e-05 1.7230082e-05 1.7230082e-05 1.7230082e-05 1.7230082e-05]
long_stop:[1.6969918e-05 1.6969918e-05 1.6969918e-05 1.6969918e-05 1.6969918e-05]
2021-07-28 04:46:23.128 | DEBUG    | BL.indicator.st:compute:117 - [0, 0, 0, 0, 0]
short_stop:[0.05806821 0.05803301 0.0580308  0.0580308  0.0579732 ]
long_stop:[0.05762863 0.05762863 0.05762863 0.05762863 0.05762863]
2021-07-28 04:46:26.982 | DEBUG    | BL.indicator.st:compute:117 - [0, 0, 0, 0, 0]
short_stop:[0.05806821 0.05803301 0.0580308  0.0580308  0.0579732 ]
long_stop:[0.05762863 0.05762863 0.05762863 0.05762863 0.05762863]
2021-07-28 04:46:26.991 | DEBUG    | BL.indicator.st:compute:117 - [0, 0, 0, 0, 0]
short_stop:[2306.57139009 2306.57139009 2306.57139009 2306.57139009 2306.57139009]
long_stop:[2278.2601516 2278.2601516 2278.2601516 2278.2601516 2278.2601516]
2021-07-28 04:46:30.889 | DEBUG    | BL.indicator.st:compute:117 - [0, 0, 0, 0, 0]
short_stop:[0.05806821 0.05803301 0.0580308  0.0580308  0.0579732 ]
long_stop:[0.05762863 0.05762863 0.05762863 0.05762863 0.05762863]
2021-07-28 04:46:35.048 | DEBUG    | BL.indicator.st:compute:117 - [0, 0, 0, 0, 0]
short_stop:[0.05806821 0.05803301 0.0580308  0.0580308  0.0579732 ]
long_stop:[0.05762863 0.05762863 0.05762863 0.05762863 0.05762863]
2021-07-28 04:46:39.023 | DEBUG    | BL.indicator.st:compute:117 - [0, 0, 0, 0, 0]
short_stop:[0.05806821 0.05803301 0.0580308  0.0580308  0.0579732 ]
long_stop:[0.05762863 0.05762863 0.05762863 0.05762863 0.05762863]
2021-07-28 04:46:39.040 | DEBUG    | BL.indicator.st:compute:117 - [0, 0, 0, 0, 0]
short_stop:[2306.57139009 2306.57139009 2306.57139009 2306.57139009 2306.57139009]
long_stop:[2278.2601516 2278.2601516 2278.2601516 2278.2601516 2278.2601516]
2021-07-28 04:46:41.043 | DEBUG    | BL.indicator.st:compute:117 - [0, 0, 0, 0, 0]
short_stop:[0.00138821 0.00138821 0.00138821 0.00138821 0.00138457]
long_stop:[0.0013501  0.0013501  0.00135203 0.00135296 0.00135296]
2021-07-28 04:46:42.847 | DEBUG    | BL.indicator.st:compute:117 - [0, 0, 0, 0, 0]
short_stop:[5.30573791e-06 5.30573791e-06 5.30573791e-06 5.30573791e-06
 5.30573791e-06]
long_stop:[5.22519389e-06 5.22519389e-06 5.22519389e-06 5.22519389e-06
 5.22519389e-06]
2021-07-28 04:46:42.865 | DEBUG    | BL.indicator.st:compute:117 - [0, 0, 0, 0, 0]
short_stop:[0.05806821 0.05803301 0.0580308  0.0580308  0.0579732 ]
long_stop:[0.05762863 0.05762863 0.05762863 0.05762863 0.05762863]
2021-07-28 04:46:44.879 | DEBUG    | BL.indicator.st:compute:117 - [0, 0, 0, 0, 0]
short_stop:[3.40878644e-05 3.40878644e-05 3.40878644e-05 3.40878644e-05
 3.40878644e-05]
long_stop:[3.38921356e-05 3.38921356e-05 3.38921356e-05 3.38921356e-05
 3.38921356e-05]
2021-07-28 04:46:45.813 | DEBUG    | BL.indicator.st:compute:117 - [0, 0, 0, 0, 0]
short_stop:[1.02582717 1.02582717 1.02582717 1.02582717 1.02582717]
long_stop:[1.01571848 1.01571848 1.01571848 1.01571848 1.01571848]
2021-07-28 04:46:45.819 | DEBUG    | BL.indicator.st:compute:117 - [0, 0, 0, 0, 0]
short_stop:[0.74622318 0.74578116 0.74578116 0.74578116 0.74578116]
long_stop:[0.72839904 0.72839904 0.72839904 0.73200577 0.73200577]
2021-07-28 04:46:46.929 | DEBUG    | BL.indicator.st:compute:117 - [0, 0, 0, 0, 0]
short_stop:[0.05806821 0.05803301 0.0580308  0.0580308  0.0579732 ]
long_stop:[0.05762863 0.05762863 0.05762863 0.05762863 0.05762863]
2021-07-28 04:46:46.936 | DEBUG    | BL.indicator.st:compute:117 - [0, 0, 0, 0, 0]
short_stop:[2.58397687e-05 2.58397687e-05 2.58397687e-05 2.58397687e-05
 2.58397687e-05]
long_stop:[2.56018544e-05 2.56018544e-05 2.56018544e-05 2.56018544e-05
 2.56018544e-05]
2021-07-28 04:46:46.942 | DEBUG    | BL.indicator.st:compute:117 - [0, 0, 0, 0, 0]
short_stop:[0.74622318 0.74578116 0.74578116 0.74578116 0.74578116]
long_stop:[0.72839904 0.72839904 0.72839904 0.73200577 0.73200577]
2021-07-28 04:46:51.088 | DEBUG    | BL.indicator.st:compute:117 - [0, 0, 0, 0, 0]
short_stop:[0.05806821 0.05803301 0.0580308  0.0580308  0.05797325]
long_stop:[0.05762863 0.05762863 0.05762863 0.05762863 0.05762863]
2021-07-28 04:46:52.833 | DEBUG    | BL.indicator.st:compute:117 - [0, 0, 0, 0, 0]
short_stop:[138.55449487 138.53839314 138.53839314 138.53839314 138.53839314]
long_stop:[136.74019253 136.74019253 136.74019253 136.74019253 136.74019253]
2021-07-28 04:46:53.955 | DEBUG    | BL.indicator.st:compute:117 - [0, 0, 0, 0, 0]
short_stop:[0.15050435 0.15050435 0.15050435 0.15050435 0.15050435]
long_stop:[0.14790128 0.14790128 0.14790128 0.14679396 0.14679396]
2021-07-28 04:46:55.067 | DEBUG    | BL.indicator.st:compute:117 - [0, 0, 0, 0, 0]
short_stop:[0.05806821 0.05803301 0.0580308  0.0580308  0.05797375]
long_stop:[0.05762863 0.05762863 0.05762863 0.05762863 0.05762863]
2021-07-28 04:46:55.911 | DEBUG    | BL.indicator.st:compute:117 - [0, 0, 0, 0, 0]
short_stop:[138.55449487 138.53839314 138.53839314 138.53839314 138.53839314]
long_stop:[136.74019253 136.74019253 136.74019253 136.74019253 137.04414053]
2021-07-28 04:46:57.144 | DEBUG    | BL.indicator.st:compute:117 - [0, 0, 0, 0, 0]
short_stop:[2306.57139009 2306.57139009 2306.57139009 2306.57139009 2306.57139009]
long_stop:[2278.2601516 2278.2601516 2278.2601516 2278.2601516 2278.2601516]
2021-07-28 04:46:58.931 | DEBUG    | BL.indicator.st:compute:117 - [0, 0, 0, 0, 0]
short_stop:[138.55449487 138.53839314 138.53839314 138.53839314 138.53839314]
long_stop:[136.74019253 136.74019253 136.74019253 136.74019253 137.04414053]
2021-07-28 04:46:58.938 | DEBUG    | BL.indicator.st:compute:117 - [0, 0, 0, 0, 0]
short_stop:[0.05806821 0.05803301 0.0580308  0.0580308  0.05797407]
long_stop:[0.05762863 0.05762863 0.05762863 0.05762863 0.05762863]
2021-07-28 04:47:03.173 | DEBUG    | BL.indicator.st:compute:117 - [0, 0, 0, 0, 0]
short_stop:[0.05806821 0.05803301 0.0580308  0.0580308  0.05797407]
long_stop:[0.05762863 0.05762863 0.05762863 0.05762863 0.05762863]
2021-07-28 04:47:07.166 | DEBUG    | BL.indicator.st:compute:117 - [0, 0, 0, 0, 0]
short_stop:[0.05806821 0.05803301 0.0580308  0.0580308  0.05797407]
long_stop:[0.05762863 0.05762863 0.05762863 0.05762863 0.05762863]
2021-07-28 04:47:08.913 | DEBUG    | BL.indicator.st:compute:117 - [0, 0, 0, 0, 0]
short_stop:[3.40276831e-05 3.40276831e-05 3.40276831e-05 3.40276831e-05
 3.36937382e-05]
long_stop:[3.34723169e-05 3.34723169e-05 3.34723169e-05 3.34723169e-05
 3.31862618e-05]
2021-07-28 04:47:11.132 | DEBUG    | BL.indicator.st:compute:117 - [0, 0, 0, 0, 0]
short_stop:[0.05806821 0.05803301 0.0580308  0.0580308  0.05797536]
long_stop:[0.05762863 0.05762863 0.05762863 0.05762863 0.05762863]
2021-07-28 04:47:15.171 | DEBUG    | BL.indicator.st:compute:117 - [0, 0, 0, 0, 0]
short_stop:[0.05806821 0.05803301 0.0580308  0.0580308  0.05797542]
long_stop:[0.05762863 0.05762863 0.05762863 0.05762863 0.05762863]
2021-07-28 04:47:19.023 | DEBUG    | BL.indicator.st:compute:117 - [0, 0, 0, 0, 0]
short_stop:[0.05806821 0.05803301 0.0580308  0.0580308  0.05797551]
long_stop:[0.05762863 0.05762863 0.05762863 0.05762863 0.05762863]
2021-07-28 04:47:22.896 | DEBUG    | BL.indicator.st:compute:117 - [0, 0, 0, 0, 0]
short_stop:[0.05806821 0.05803301 0.0580308  0.0580308  0.05797553]
long_stop:[0.05762863 0.05762863 0.05762863 0.05762863 0.05762863]
2021-07-28 04:47:26.882 | DEBUG    | BL.indicator.st:compute:117 - [0, 0, 0, 0, 0]
short_stop:[0.05806821 0.05803301 0.0580308  0.0580308  0.05797553]
long_stop:[0.05762863 0.05762863 0.05762863 0.05762863 0.05762863]
2021-07-28 04:47:30.939 | DEBUG    | BL.indicator.st:compute:117 - [0, 0, 0, 0, 0]
short_stop:[0.05806821 0.05803301 0.0580308  0.0580308  0.05797566]
long_stop:[0.05762863 0.05762863 0.05762863 0.05762863 0.05762863]
2021-07-28 04:47:35.015 | DEBUG    | BL.indicator.st:compute:117 - [0, 0, 0, 0, 0]
short_stop:[0.05806821 0.05803301 0.0580308  0.0580308  0.05797566]
long_stop:[0.05762863 0.05762863 0.05762863 0.05762863 0.05762863]
2021-07-28 04:47:38.920 | DEBUG    | BL.indicator.st:compute:117 - [0, 0, 0, 0, 0]
short_stop:[0.05806821 0.05803301 0.0580308  0.0580308  0.05797583]
long_stop:[0.05762863 0.05762863 0.05762863 0.05762863 0.05762863]
2021-07-28 04:47:42.951 | DEBUG    | BL.indicator.st:compute:117 - [0, 0, 0, 0, 0]
short_stop:[0.05806821 0.05803301 0.0580308  0.0580308  0.05797583]
long_stop:[0.05762863 0.05762863 0.05762863 0.05762863 0.05762863]
2021-07-28 04:47:47.231 | DEBUG    | BL.indicator.st:compute:117 - [0, 0, 0, 0, 0]
short_stop:[0.05806821 0.05803301 0.0580308  0.0580308  0.05797583]
long_stop:[0.05762863 0.05762863 0.05762863 0.05762863 0.05762863]
