2021-07-29 05:33:57.828 | INFO     | BL.bot.SwT:<module>:66 - Running in test mode: True
2021-07-29 05:33:57.829 | INFO     | BL.bot.SwT:<module>:67 - Running on selected quote currencies: ['USDT']
2021-07-29 05:33:57.829 | INFO     | BL.bot.SwT:<module>:68 - Always generate ST long buy signal: False
2021-07-29 05:33:57.829 | INFO     | BL.bot.SwT:<module>:69 - Always generate ST short sell signal: True
2021-07-29 05:36:00.974 | DEBUG    | BL.bot.SwT:startBot:292 - Limited markets to quote currencies. Running on 21 markets
2021-07-29 05:37:41.630 | DEBUG    | BL.indicator.st:compute:117 - [0, 0, 0, 0, 0]
short_stop:[1.02575402 1.02575402 1.02575402 1.02575402 1.02575402]
long_stop:[1.01724598 1.01724598 1.01724598 1.01724598 1.01724598]
2021-07-29 05:37:58.454 | DEBUG    | BL.indicator.st:compute:117 - [0, 0, 0, 0, 0]
short_stop:[0.20650006 0.20650006 0.20646919 0.20646919 0.20646919]
long_stop:[0.20496622 0.20496622 0.20496622 0.20496622 0.20496622]
2021-07-29 05:38:01.502 | DEBUG    | BL.indicator.st:compute:117 - [0, 0, 0, 0, 0]
short_stop:[0.20650006 0.20650006 0.20646919 0.20646919 0.20611147]
long_stop:[0.20496622 0.20496622 0.20496622 0.20496622 0.20496622]
2021-07-29 05:38:28.365 | DEBUG    | BL.indicator.st:compute:117 - [0, 0, 0, 0, 0]
short_stop:[0.20650006 0.20650006 0.20646919 0.20646919 0.20612935]
long_stop:[0.20496622 0.20496622 0.20496622 0.20496622 0.20496622]
2021-07-29 05:38:34.558 | DEBUG    | BL.indicator.st:compute:117 - [0, 0, 0, 0, 0]
short_stop:[1.02575402 1.02575402 1.02575402 1.02575402 1.01881981]
long_stop:[1.01724598 1.01724598 1.01724598 1.01724598 1.01042019]
2021-07-29 05:39:23.502 | DEBUG    | BL.indicator.st:compute:117 - [0, 0, 0, 0, 0]
short_stop:[1.28790085 1.28790085 1.28790085 1.28790085 1.28790085]
long_stop:[1.27463513 1.27543325 1.27543325 1.27543325 1.27543325]
2021-07-29 05:39:37.518 | DEBUG    | BL.indicator.st:compute:117 - [0, 0, 0, 0, 0]
short_stop:[0.16462552 0.16462552 0.16462552 0.16462552 0.16462552]
long_stop:[0.16307448 0.16307448 0.16307448 0.16307448 0.16307448]
2021-07-29 05:39:39.321 | DEBUG    | BL.indicator.st:compute:117 - [0, 0, 0, 0, 0]
short_stop:[0.99963084 0.99963084 0.99963084 0.99963084 0.99963084]
long_stop:[0.99936916 0.99936916 0.99936916 0.99936916 0.99936916]
2021-07-29 05:40:10.246 | DEBUG    | BL.indicator.st:compute:117 - [0, 0, 0, 0, 0]
short_stop:[141.03974077 141.03974077 141.03974077 141.03974077 141.03974077]
long_stop:[139.79953935 139.79953935 139.79953935 139.79953935 139.79953935]
2021-07-29 05:40:10.255 | DEBUG    | BL.indicator.st:compute:117 - [0, 0, 0, 0, 0]
short_stop:[0.14944214 0.14944214 0.14944214 0.14944214 0.14944214]
long_stop:[0.14705989 0.14705989 0.14776648 0.14776648 0.14776648]
2021-07-29 05:40:10.263 | DEBUG    | BL.indicator.st:compute:117 - [0, 0, 0, 0, 0]
short_stop:[37.92526216 37.92526216 37.92526216 37.92526216 37.92526216]
long_stop:[37.74757805 37.74757805 37.74757805 37.74757805 37.74757805]
2021-07-29 05:40:10.271 | DEBUG    | BL.indicator.st:compute:117 - [0, 0, 0, 0, 0]
short_stop:[1.28790085 1.28790085 1.28790085 1.28790085 1.28790085]
long_stop:[1.27543325 1.27543325 1.27543325 1.27543325 1.27543325]
2021-07-29 05:40:10.293 | DEBUG    | BL.indicator.st:compute:117 - [0, 0, 0, 0, 0]
short_stop:[1.02575402 1.02575402 1.02575402 1.01881981 1.01881981]
long_stop:[1.01724598 1.01724598 1.01724598 1.01042019 1.01042019]
2021-07-29 05:40:10.641 | DEBUG    | BL.indicator.st:compute:117 - [0, 0, 0, 0, 0]
short_stop:[0.20650006 0.20646919 0.20646919 0.20612935 0.20612935]
long_stop:[0.20496622 0.20496622 0.20496622 0.20496622 0.20496622]
2021-07-29 05:40:10.648 | DEBUG    | BL.indicator.st:compute:117 - [0, 0, 0, 0, 0]
short_stop:[0.16462552 0.16462552 0.16462552 0.16462552 0.16462552]
long_stop:[0.16307448 0.16307448 0.16307448 0.16307448 0.16307448]
2021-07-29 05:40:10.654 | DEBUG    | BL.indicator.st:compute:117 - [0, 0, 0, 0, 0]
short_stop:[0.27000308 0.27000308 0.27000308 0.27000308 0.27000308]
long_stop:[0.26755076 0.26755076 0.26755076 0.26755076 0.26755076]
2021-07-29 05:40:10.780 | DEBUG    | BL.indicator.st:compute:117 - [0, 0, 0, 0, 0]
short_stop:[2.83654699 2.83654699 2.83654699 2.83654699 2.83654699]
long_stop:[2.81892967 2.81892967 2.81892967 2.81892967 2.81892967]
2021-07-29 05:40:10.789 | DEBUG    | BL.indicator.st:compute:117 - [1, 0, 0, 0, 0]
short_stop:[0.04664333 0.04664333 0.04664333 0.04664333 0.04664333]
long_stop:[0.04691546 0.04691546 0.04691546 0.04691546 0.04691546]
2021-07-29 05:40:10.813 | DEBUG    | BL.indicator.st:compute:117 - [0, 0, 0, 0, 0]
short_stop:[15.52245443 15.52245443 15.52245443 15.52245443 15.52245443]
long_stop:[15.42354557 15.42354557 15.42354557 15.42354557 15.42354557]
2021-07-29 05:40:10.828 | DEBUG    | BL.indicator.st:compute:117 - [0, 0, 0, 0, 0]
short_stop:[0.72333636 0.72523719 0.72523719 0.72523719 0.72523719]
long_stop:[0.72359833 0.72359833 0.72359833 0.72359833 0.72359833]
2021-07-29 05:40:10.890 | DEBUG    | BL.indicator.st:compute:117 - [0, 0, 0, 0, 0]
short_stop:[141.6490377 141.6490377 141.6490377 141.6490377 141.6490377]
long_stop:[141.25343221 141.25343221 141.25343221 141.25343221 141.25343221]
2021-07-29 05:40:10.900 | DEBUG    | BL.indicator.st:compute:117 - [0, 0, 0, 0, 0]
short_stop:[0.58997498 0.58997498 0.58997498 0.58997498 0.58997498]
long_stop:[0.58684342 0.58684342 0.58684342 0.58684342 0.58684342]
2021-07-29 05:40:10.907 | DEBUG    | BL.indicator.st:compute:117 - [0, 0, 0, 0, 0]
short_stop:[20.56237333 20.56237333 20.56237333 20.56237333 20.56237333]
long_stop:[20.38162667 20.38162667 20.38162667 20.38162667 20.38162667]
2021-07-29 05:40:10.914 | DEBUG    | BL.indicator.st:compute:117 - [0, 0, 0, 0, 0]
short_stop:[nan nan nan nan nan]
long_stop:[nan nan nan nan nan]
2021-07-29 05:40:10.923 | DEBUG    | BL.indicator.st:compute:117 - [0, 0, 0, 0, 0]
short_stop:[2.76425737 2.76425737 2.76425737 2.76425737 2.76425737]
long_stop:[2.74374263 2.74374263 2.74374263 2.74374263 2.74374263]
2021-07-29 05:40:10.943 | DEBUG    | BL.indicator.st:compute:117 - [0, 0, 0, 0, 0]
short_stop:[0.99998562 0.99998562 0.99998562 0.99998562 0.99998562]
long_stop:[0.99894514 0.99894514 0.99894514 0.99894514 0.99894514]
2021-07-29 05:40:11.059 | DEBUG    | BL.indicator.st:compute:117 - [0, 0, 0, 0, 0]
short_stop:[48.92042203 48.92042203 48.92042203 48.92042203 48.92042203]
long_stop:[49.39049238 49.39049238 49.39049238 49.39049238 49.39049238]
2021-07-29 05:40:11.075 | DEBUG    | BL.indicator.st:compute:117 - [0, 0, 0, 0, 0]
short_stop:[0.99963084 0.99963084 0.99963084 0.99963084 0.99963084]
long_stop:[0.99936916 0.99936916 0.99936916 0.99936916 0.99936916]
2021-07-29 05:40:11.082 | DEBUG    | BL.indicator.st:compute:117 - [0, 0, 0, 0, 0]
short_stop:[0.11799863 0.11799863 0.11799863 0.11799863 0.11799863]
long_stop:[0.12431787 0.12431787 0.12431787 0.12431787 0.12431787]
2021-07-29 05:40:23.701 | DEBUG    | BL.indicator.st:compute:117 - [0, 0, 0, 0, 0]
short_stop:[0.16462552 0.16462552 0.16462552 0.16462552 0.16462552]
long_stop:[0.16307448 0.16307448 0.16307448 0.16307448 0.16307448]
2021-07-29 05:40:31.155 | DEBUG    | BL.indicator.st:compute:117 - [0, 0, 0, 0, 0]
short_stop:[0.14944214 0.14944214 0.14944214 0.14944214 0.14944214]
long_stop:[0.14705989 0.14705989 0.14776648 0.14776648 0.14776648]
2021-07-29 05:41:41.726 | DEBUG    | BL.indicator.st:compute:117 - [0, 0, 0, 0, 0]
short_stop:[0.14944214 0.14944214 0.14944214 0.14944214 0.14944214]
long_stop:[0.14705989 0.14705989 0.14776648 0.14776648 0.14776648]
2021-07-29 05:41:41.733 | DEBUG    | BL.indicator.st:compute:117 - [0, 0, 0, 0, 0]
short_stop:[37.92526216 37.92526216 37.92526216 37.92526216 37.92526216]
long_stop:[37.74757805 37.74757805 37.74757805 37.74757805 37.74757805]
2021-07-29 05:42:16.291 | DEBUG    | BL.indicator.st:compute:117 - [0, 0, 0, 0, 0]
short_stop:[0.20650006 0.20646919 0.20646919 0.20612935 0.20612935]
long_stop:[0.20496622 0.20496622 0.20496622 0.20496622 0.20496622]
