2021-08-04 16:45:06.486 | INFO     | BL.bot.SwT:<module>:75 - Running in test mode: False
2021-08-04 16:45:06.487 | INFO     | BL.bot.SwT:<module>:76 - Running on selected quote currencies: False
2021-08-04 16:45:06.488 | INFO     | BL.bot.SwT:<module>:77 - Always generate ST long buy signal: False
2021-08-04 16:45:06.489 | INFO     | BL.bot.SwT:<module>:78 - Always generate ST short sell signal: False
2021-08-04 16:45:06.490 | INFO     | BL.bot.SwT:<module>:79 - Filter markets by volume and price: True
2021-08-04 16:45:06.490 | INFO     | BL.bot.SwT:<module>:80 - Stop %: 2.5
2021-08-04 17:10:43.880 | INFO     | BL.bot.SwT:updateMarkets:1474 - Skipping market PINK-BTC. Volume: 0.50616211 Price: 1.4e-07
2021-08-04 17:11:04.732 | INFO     | BL.bot.SwT:updateMarkets:1474 - Skipping market USDN-BTC. Volume: 0.00328625 Price: 2.534e-05
2021-08-04 17:11:08.408 | INFO     | BL.bot.SwT:updateMarkets:1474 - Skipping market USDS-BTC. Volume: 0.0 Price: 2.753e-05
2021-08-04 17:13:46.441 | DEBUG    | BL.bot.SwT:runTradingAlgorithm:2169 - Locking BAT-USDT.
2021-08-04 17:13:46.484 | DEBUG    | BL.bot.SwT:runTradingAlgorithm:2270 - Unlocking BAT-USDT.
2021-08-04 17:13:46.486 | DEBUG    | BL.bot.SwT:runTradingAlgorithm:2169 - Locking LTC-USDT.
2021-08-04 17:13:46.491 | DEBUG    | BL.bot.SwT:runTradingAlgorithm:2270 - Unlocking LTC-USDT.
2021-08-04 17:14:06.490 | DEBUG    | BL.bot.SwT:runTradingAlgorithm:2169 - Locking PPC-BTC.
2021-08-04 17:14:06.495 | DEBUG    | BL.bot.SwT:runTradingAlgorithm:2270 - Unlocking PPC-BTC.
2021-08-04 17:14:35.039 | DEBUG    | BL.bot.SwT:runTradingAlgorithm:2169 - Locking WAVES-USDT.
2021-08-04 17:14:35.045 | DEBUG    | BL.bot.SwT:runTradingAlgorithm:2270 - Unlocking WAVES-USDT.
2021-08-04 17:15:11.831 | DEBUG    | BL.bot.SwT:runTradingAlgorithm:2169 - Locking ADA-BTC.
2021-08-04 17:15:11.837 | DEBUG    | BL.bot.SwT:runTradingAlgorithm:2270 - Unlocking ADA-BTC.
2021-08-04 17:15:11.882 | DEBUG    | BL.bot.SwT:runTradingAlgorithm:2169 - Locking ENJ-BTC.
2021-08-04 17:15:11.890 | DEBUG    | BL.bot.SwT:runTradingAlgorithm:2270 - Unlocking ENJ-BTC.
2021-08-04 17:15:11.891 | DEBUG    | BL.bot.SwT:runTradingAlgorithm:2169 - Locking DOGE-BTC.
2021-08-04 17:15:11.899 | DEBUG    | BL.bot.SwT:runTradingAlgorithm:2270 - Unlocking DOGE-BTC.
2021-08-04 17:15:11.900 | DEBUG    | BL.bot.SwT:runTradingAlgorithm:2169 - Locking ADA-USDT.
2021-08-04 17:15:11.906 | DEBUG    | BL.bot.SwT:runTradingAlgorithm:2270 - Unlocking ADA-USDT.
2021-08-04 17:15:11.908 | DEBUG    | BL.bot.SwT:runTradingAlgorithm:2169 - Locking IOTA-BTC.
2021-08-04 17:15:11.914 | DEBUG    | BL.bot.SwT:runTradingAlgorithm:2270 - Unlocking IOTA-BTC.
2021-08-04 17:15:11.915 | DEBUG    | BL.bot.SwT:runTradingAlgorithm:2169 - Locking LTC-USDT.
2021-08-04 17:15:11.921 | DEBUG    | BL.bot.SwT:runTradingAlgorithm:2270 - Unlocking LTC-USDT.
2021-08-04 17:15:11.922 | DEBUG    | BL.bot.SwT:runTradingAlgorithm:2169 - Locking TUSD-BTC.
2021-08-04 17:15:11.932 | DEBUG    | BL.bot.SwT:runTradingAlgorithm:2270 - Unlocking TUSD-BTC.
2021-08-04 17:15:11.934 | DEBUG    | BL.bot.SwT:runTradingAlgorithm:2169 - Locking DOGE-USDT.
2021-08-04 17:15:11.942 | DEBUG    | BL.bot.SwT:runTradingAlgorithm:2270 - Unlocking DOGE-USDT.
2021-08-04 17:15:11.943 | DEBUG    | BL.bot.SwT:runTradingAlgorithm:2169 - Locking WAXP-USDT.
2021-08-04 17:15:11.949 | DEBUG    | BL.bot.SwT:runTradingAlgorithm:2270 - Unlocking WAXP-USDT.
2021-08-04 17:15:11.954 | DEBUG    | BL.bot.SwT:runTradingAlgorithm:2169 - Locking GAME-USDT.
2021-08-04 17:15:11.963 | DEBUG    | BL.bot.SwT:runTradingAlgorithm:2270 - Unlocking GAME-USDT.
2021-08-04 17:15:11.965 | DEBUG    | BL.bot.SwT:runTradingAlgorithm:2169 - Locking ZRX-USDT.
2021-08-04 17:15:11.973 | DEBUG    | BL.bot.SwT:runTradingAlgorithm:2270 - Unlocking ZRX-USDT.
2021-08-04 17:15:11.974 | DEBUG    | BL.bot.SwT:runTradingAlgorithm:2169 - Locking USDC-BTC.
2021-08-04 17:15:11.980 | DEBUG    | BL.bot.SwT:runTradingAlgorithm:2270 - Unlocking USDC-BTC.
2021-08-04 17:15:11.983 | DEBUG    | BL.bot.SwT:runTradingAlgorithm:2169 - Locking SOLVE-BTC.
2021-08-04 17:15:11.992 | DEBUG    | BL.bot.SwT:runTradingAlgorithm:2270 - Unlocking SOLVE-BTC.
2021-08-04 17:15:11.994 | DEBUG    | BL.bot.SwT:runTradingAlgorithm:2169 - Locking NMR-USDT.
2021-08-04 17:15:12.002 | DEBUG    | BL.bot.SwT:runTradingAlgorithm:2270 - Unlocking NMR-USDT.
2021-08-04 17:15:12.004 | DEBUG    | BL.bot.SwT:runTradingAlgorithm:2169 - Locking REN-BTC.
2021-08-04 17:15:12.010 | DEBUG    | BL.bot.SwT:runTradingAlgorithm:2270 - Unlocking REN-BTC.
2021-08-04 17:15:12.017 | DEBUG    | BL.bot.SwT:runTradingAlgorithm:2169 - Locking XEM-USDT.
2021-08-04 17:15:12.024 | DEBUG    | BL.bot.SwT:runTradingAlgorithm:2270 - Unlocking XEM-USDT.
2021-08-04 17:15:12.026 | DEBUG    | BL.bot.SwT:runTradingAlgorithm:2169 - Locking CELO-BTC.
2021-08-04 17:15:12.033 | DEBUG    | BL.bot.SwT:runTradingAlgorithm:2270 - Unlocking CELO-BTC.
2021-08-04 17:15:12.034 | DEBUG    | BL.bot.SwT:runTradingAlgorithm:2169 - Locking BAT-USDT.
2021-08-04 17:15:12.042 | DEBUG    | BL.bot.SwT:runTradingAlgorithm:2270 - Unlocking BAT-USDT.
2021-08-04 17:15:12.061 | DEBUG    | BL.bot.SwT:runTradingAlgorithm:2169 - Locking MATIC-BTC.
2021-08-04 17:15:12.069 | DEBUG    | BL.bot.SwT:runTradingAlgorithm:2270 - Unlocking MATIC-BTC.
2021-08-04 17:15:12.070 | DEBUG    | BL.bot.SwT:runTradingAlgorithm:2169 - Locking XLM-BTC.
2021-08-04 17:15:12.076 | DEBUG    | BL.bot.SwT:runTradingAlgorithm:2270 - Unlocking XLM-BTC.
2021-08-04 17:15:12.078 | DEBUG    | BL.bot.SwT:runTradingAlgorithm:2169 - Locking SOLVE-USDT.
2021-08-04 17:15:12.086 | DEBUG    | BL.bot.SwT:runTradingAlgorithm:2270 - Unlocking SOLVE-USDT.
2021-08-04 17:15:12.087 | DEBUG    | BL.bot.SwT:runTradingAlgorithm:2169 - Locking NMR-BTC.
2021-08-04 17:15:12.095 | DEBUG    | BL.bot.SwT:runTradingAlgorithm:2270 - Unlocking NMR-BTC.
2021-08-04 17:15:12.097 | DEBUG    | BL.bot.SwT:runTradingAlgorithm:2169 - Locking MATIC-USDT.
2021-08-04 17:15:12.104 | DEBUG    | BL.bot.SwT:runTradingAlgorithm:2270 - Unlocking MATIC-USDT.
2021-08-04 17:15:12.105 | DEBUG    | BL.bot.SwT:runTradingAlgorithm:2169 - Locking XLM-USDT.
2021-08-04 17:15:12.112 | DEBUG    | BL.bot.SwT:runTradingAlgorithm:2270 - Unlocking XLM-USDT.
2021-08-04 17:15:12.113 | DEBUG    | BL.bot.SwT:runTradingAlgorithm:2169 - Locking PINK-BTC.
2021-08-04 17:15:12.119 | DEBUG    | BL.bot.SwT:runTradingAlgorithm:2270 - Unlocking PINK-BTC.
2021-08-04 17:15:12.121 | DEBUG    | BL.bot.SwT:runTradingAlgorithm:2169 - Locking NAV-BTC.
2021-08-04 17:15:12.132 | DEBUG    | BL.bot.SwT:runTradingAlgorithm:2270 - Unlocking NAV-BTC.
2021-08-04 17:15:12.133 | DEBUG    | BL.bot.SwT:runTradingAlgorithm:2169 - Locking WAVES-USDT.
2021-08-04 17:15:12.140 | DEBUG    | BL.bot.SwT:runTradingAlgorithm:2270 - Unlocking WAVES-USDT.
2021-08-04 17:15:12.141 | DEBUG    | BL.bot.SwT:runTradingAlgorithm:2169 - Locking DCR-USDT.
2021-08-04 17:15:12.147 | DEBUG    | BL.bot.SwT:runTradingAlgorithm:2270 - Unlocking DCR-USDT.
2021-08-04 17:15:12.149 | DEBUG    | BL.bot.SwT:runTradingAlgorithm:2169 - Locking XTZ-USDT.
2021-08-04 17:15:12.156 | DEBUG    | BL.bot.SwT:runTradingAlgorithm:2270 - Unlocking XTZ-USDT.
2021-08-04 17:15:12.160 | DEBUG    | BL.bot.SwT:runTradingAlgorithm:2169 - Locking ONG-BTC.
2021-08-04 17:15:12.168 | DEBUG    | BL.bot.SwT:runTradingAlgorithm:2270 - Unlocking ONG-BTC.
2021-08-04 17:15:12.169 | DEBUG    | BL.bot.SwT:runTradingAlgorithm:2169 - Locking CELO-USDT.
2021-08-04 17:15:12.175 | DEBUG    | BL.bot.SwT:runTradingAlgorithm:2270 - Unlocking CELO-USDT.
2021-08-04 17:15:12.176 | DEBUG    | BL.bot.SwT:runTradingAlgorithm:2169 - Locking ARK-BTC.
2021-08-04 17:15:12.182 | DEBUG    | BL.bot.SwT:runTradingAlgorithm:2270 - Unlocking ARK-BTC.
2021-08-04 17:15:12.183 | DEBUG    | BL.bot.SwT:runTradingAlgorithm:2169 - Locking USDC-USDT.
2021-08-04 17:15:12.192 | DEBUG    | BL.bot.SwT:runTradingAlgorithm:2270 - Unlocking USDC-USDT.
2021-08-04 17:15:12.194 | DEBUG    | BL.bot.SwT:runTradingAlgorithm:2169 - Locking FIL-USDT.
2021-08-04 17:15:12.202 | DEBUG    | BL.bot.SwT:runTradingAlgorithm:2270 - Unlocking FIL-USDT.
2021-08-04 17:15:12.206 | DEBUG    | BL.bot.SwT:runTradingAlgorithm:2169 - Locking GBYTE-BTC.
2021-08-04 17:15:12.212 | DEBUG    | BL.bot.SwT:runTradingAlgorithm:2270 - Unlocking GBYTE-BTC.
2021-08-04 17:15:12.215 | DEBUG    | BL.bot.SwT:runTradingAlgorithm:2169 - Locking SBD-BTC.
2021-08-04 17:15:12.222 | DEBUG    | BL.bot.SwT:runTradingAlgorithm:2270 - Unlocking SBD-BTC.
2021-08-04 17:15:12.225 | DEBUG    | BL.bot.SwT:runTradingAlgorithm:2169 - Locking STRAX-BTC.
2021-08-04 17:15:12.234 | DEBUG    | BL.bot.SwT:runTradingAlgorithm:2270 - Unlocking STRAX-BTC.
2021-08-04 17:15:12.237 | DEBUG    | BL.bot.SwT:runTradingAlgorithm:2169 - Locking DAI-BTC.
2021-08-04 17:15:12.243 | DEBUG    | BL.bot.SwT:runTradingAlgorithm:2270 - Unlocking DAI-BTC.
2021-08-04 17:15:12.246 | DEBUG    | BL.bot.SwT:runTradingAlgorithm:2169 - Locking PPC-BTC.
2021-08-04 17:15:12.252 | DEBUG    | BL.bot.SwT:runTradingAlgorithm:2270 - Unlocking PPC-BTC.
2021-08-04 17:15:12.254 | DEBUG    | BL.bot.SwT:runTradingAlgorithm:2169 - Locking WAVES-BTC.
2021-08-04 17:15:12.263 | DEBUG    | BL.bot.SwT:runTradingAlgorithm:2270 - Unlocking WAVES-BTC.
2021-08-04 17:15:12.264 | DEBUG    | BL.bot.SwT:runTradingAlgorithm:2169 - Locking MONA-BTC.
2021-08-04 17:15:12.273 | DEBUG    | BL.bot.SwT:runTradingAlgorithm:2270 - Unlocking MONA-BTC.
2021-08-04 17:15:12.274 | DEBUG    | BL.bot.SwT:runTradingAlgorithm:2169 - Locking BAL-USDT.
2021-08-04 17:15:12.280 | DEBUG    | BL.bot.SwT:runTradingAlgorithm:2270 - Unlocking BAL-USDT.
2021-08-04 17:15:12.282 | DEBUG    | BL.bot.SwT:runTradingAlgorithm:2169 - Locking CVC-BTC.
2021-08-04 17:15:12.288 | DEBUG    | BL.bot.SwT:runTradingAlgorithm:2270 - Unlocking CVC-BTC.
2021-08-04 17:15:12.565 | DEBUG    | BL.bot.SwT:runTradingAlgorithm:2169 - Locking USDN-BTC.
2021-08-04 17:15:12.571 | DEBUG    | BL.bot.SwT:runTradingAlgorithm:2270 - Unlocking USDN-BTC.
2021-08-04 17:15:12.572 | DEBUG    | BL.bot.SwT:runTradingAlgorithm:2169 - Locking USDN-USDT.
2021-08-04 17:15:12.577 | DEBUG    | BL.bot.SwT:runTradingAlgorithm:2270 - Unlocking USDN-USDT.
2021-08-04 17:15:12.579 | DEBUG    | BL.bot.SwT:runTradingAlgorithm:2169 - Locking LRC-BTC.
2021-08-04 17:15:12.585 | DEBUG    | BL.bot.SwT:runTradingAlgorithm:2270 - Unlocking LRC-BTC.
2021-08-04 17:15:12.591 | DEBUG    | BL.bot.SwT:runTradingAlgorithm:2169 - Locking TUSD-USDT.
2021-08-04 17:15:12.602 | DEBUG    | BL.bot.SwT:runTradingAlgorithm:2270 - Unlocking TUSD-USDT.
2021-08-04 17:15:12.664 | DEBUG    | BL.bot.SwT:runTradingAlgorithm:2169 - Locking USDS-BTC.
2021-08-04 17:15:12.672 | DEBUG    | BL.bot.SwT:runTradingAlgorithm:2270 - Unlocking USDS-BTC.
2021-08-04 17:15:14.445 | DEBUG    | BL.bot.SwT:runTradingAlgorithm:2169 - Locking ADA-BTC.
2021-08-04 17:15:14.450 | DEBUG    | BL.bot.SwT:runTradingAlgorithm:2270 - Unlocking ADA-BTC.
2021-08-04 17:15:16.434 | DEBUG    | BL.bot.SwT:runTradingAlgorithm:2169 - Locking WAXP-USDT.
2021-08-04 17:15:16.445 | DEBUG    | BL.bot.SwT:runTradingAlgorithm:2270 - Unlocking WAXP-USDT.
2021-08-04 17:15:17.435 | DEBUG    | BL.bot.SwT:runTradingAlgorithm:2169 - Locking ADA-BTC.
2021-08-04 17:15:17.442 | DEBUG    | BL.bot.SwT:runTradingAlgorithm:2270 - Unlocking ADA-BTC.
2021-08-04 17:15:33.735 | DEBUG    | BL.bot.SwT:runTradingAlgorithm:2169 - Locking NMR-BTC.
2021-08-04 17:15:33.741 | DEBUG    | BL.bot.SwT:runTradingAlgorithm:2270 - Unlocking NMR-BTC.
2021-08-04 17:15:33.743 | DEBUG    | BL.bot.SwT:runTradingAlgorithm:2169 - Locking ENJ-BTC.
2021-08-04 17:15:33.754 | DEBUG    | BL.bot.SwT:runTradingAlgorithm:2270 - Unlocking ENJ-BTC.
2021-08-04 17:16:09.097 | DEBUG    | BL.bot.SwT:runTradingAlgorithm:2169 - Locking TUSD-BTC.
2021-08-04 17:16:09.103 | DEBUG    | BL.bot.SwT:runTradingAlgorithm:2270 - Unlocking TUSD-BTC.
2021-08-04 17:16:21.514 | DEBUG    | BL.bot.SwT:runTradingAlgorithm:2169 - Locking ADA-USDT.
2021-08-04 17:16:21.520 | DEBUG    | BL.bot.SwT:runTradingAlgorithm:2270 - Unlocking ADA-USDT.
2021-08-04 17:16:25.574 | DEBUG    | BL.bot.SwT:runTradingAlgorithm:2169 - Locking ADA-BTC.
2021-08-04 17:16:25.580 | DEBUG    | BL.bot.SwT:runTradingAlgorithm:2270 - Unlocking ADA-BTC.
2021-08-04 17:16:27.525 | DEBUG    | BL.bot.SwT:runTradingAlgorithm:2169 - Locking ADA-BTC.
2021-08-04 17:16:27.531 | DEBUG    | BL.bot.SwT:runTradingAlgorithm:2270 - Unlocking ADA-BTC.
2021-08-04 17:16:28.593 | DEBUG    | BL.bot.SwT:runTradingAlgorithm:2169 - Locking ADA-BTC.
2021-08-04 17:16:28.599 | DEBUG    | BL.bot.SwT:runTradingAlgorithm:2270 - Unlocking ADA-BTC.
2021-08-04 17:16:30.462 | DEBUG    | BL.bot.SwT:runTradingAlgorithm:2169 - Locking ADA-BTC.
2021-08-04 17:16:30.468 | DEBUG    | BL.bot.SwT:runTradingAlgorithm:2270 - Unlocking ADA-BTC.
2021-08-04 17:17:03.693 | DEBUG    | BL.bot.SwT:runTradingAlgorithm:2169 - Locking XLM-BTC.
2021-08-04 17:17:03.701 | DEBUG    | BL.bot.SwT:runTradingAlgorithm:2270 - Unlocking XLM-BTC.
2021-08-04 17:17:03.703 | DEBUG    | BL.bot.SwT:runTradingAlgorithm:2169 - Locking ADA-BTC.
2021-08-04 17:17:03.711 | DEBUG    | BL.bot.SwT:runTradingAlgorithm:2270 - Unlocking ADA-BTC.
2021-08-04 17:17:07.635 | DEBUG    | BL.bot.SwT:runTradingAlgorithm:2169 - Locking SOLVE-BTC.
2021-08-04 17:17:07.640 | DEBUG    | BL.bot.SwT:runTradingAlgorithm:2270 - Unlocking SOLVE-BTC.
2021-08-04 17:17:07.642 | DEBUG    | BL.bot.SwT:runTradingAlgorithm:2169 - Locking XLM-BTC.
2021-08-04 17:17:07.647 | DEBUG    | BL.bot.SwT:runTradingAlgorithm:2270 - Unlocking XLM-BTC.
2021-08-04 17:17:08.998 | DEBUG    | BL.bot.SwT:runTradingAlgorithm:2169 - Locking SOLVE-BTC.
2021-08-04 17:17:09.004 | DEBUG    | BL.bot.SwT:runTradingAlgorithm:2270 - Unlocking SOLVE-BTC.
2021-08-04 17:17:11.203 | DEBUG    | BL.bot.SwT:runTradingAlgorithm:2169 - Locking SOLVE-BTC.
2021-08-04 17:17:11.209 | DEBUG    | BL.bot.SwT:runTradingAlgorithm:2270 - Unlocking SOLVE-BTC.
2021-08-04 17:17:12.149 | DEBUG    | BL.bot.SwT:runTradingAlgorithm:2169 - Locking SOLVE-BTC.
2021-08-04 17:17:12.155 | DEBUG    | BL.bot.SwT:runTradingAlgorithm:2270 - Unlocking SOLVE-BTC.
2021-08-04 17:17:30.613 | DEBUG    | BL.bot.SwT:runTradingAlgorithm:2169 - Locking ADA-BTC.
2021-08-04 17:17:30.619 | DEBUG    | BL.bot.SwT:runTradingAlgorithm:2270 - Unlocking ADA-BTC.
2021-08-04 17:17:42.748 | DEBUG    | BL.bot.SwT:runTradingAlgorithm:2169 - Locking ADA-BTC.
2021-08-04 17:17:42.754 | DEBUG    | BL.bot.SwT:runTradingAlgorithm:2270 - Unlocking ADA-BTC.
2021-08-04 17:17:52.669 | DEBUG    | BL.bot.SwT:runTradingAlgorithm:2169 - Locking DOGE-BTC.
2021-08-04 17:17:52.675 | DEBUG    | BL.bot.SwT:runTradingAlgorithm:2270 - Unlocking DOGE-BTC.
2021-08-04 17:17:53.748 | DEBUG    | BL.bot.SwT:runTradingAlgorithm:2169 - Locking DOGE-BTC.
2021-08-04 17:17:53.754 | DEBUG    | BL.bot.SwT:runTradingAlgorithm:2270 - Unlocking DOGE-BTC.
2021-08-04 17:18:01.127 | DEBUG    | BL.bot.SwT:runTradingAlgorithm:2169 - Locking LTC-USDT.
2021-08-04 17:18:01.134 | DEBUG    | BL.bot.SwT:runTradingAlgorithm:2270 - Unlocking LTC-USDT.
2021-08-04 17:18:03.162 | DEBUG    | BL.bot.SwT:runTradingAlgorithm:2169 - Locking USDC-BTC.
2021-08-04 17:18:03.168 | DEBUG    | BL.bot.SwT:runTradingAlgorithm:2270 - Unlocking USDC-BTC.
2021-08-04 17:18:04.183 | DEBUG    | BL.bot.SwT:runTradingAlgorithm:2169 - Locking DOGE-BTC.
2021-08-04 17:18:04.189 | DEBUG    | BL.bot.SwT:runTradingAlgorithm:2270 - Unlocking DOGE-BTC.
2021-08-04 17:18:05.198 | DEBUG    | BL.bot.SwT:runTradingAlgorithm:2169 - Locking DOGE-USDT.
2021-08-04 17:18:05.204 | DEBUG    | BL.bot.SwT:runTradingAlgorithm:2270 - Unlocking DOGE-USDT.
2021-08-04 17:18:05.205 | DEBUG    | BL.bot.SwT:runTradingAlgorithm:2169 - Locking DOGE-BTC.
2021-08-04 17:18:05.210 | DEBUG    | BL.bot.SwT:runTradingAlgorithm:2270 - Unlocking DOGE-BTC.
2021-08-04 17:18:31.126 | DEBUG    | BL.bot.SwT:runTradingAlgorithm:2169 - Locking ADA-BTC.
2021-08-04 17:18:31.132 | DEBUG    | BL.bot.SwT:runTradingAlgorithm:2270 - Unlocking ADA-BTC.
