2021-07-29 04:33:46.738 | INFO     | BL.bot.SwT:<module>:65 - Running in test mode: True
2021-07-29 04:33:46.739 | INFO     | BL.bot.SwT:<module>:66 - Running on selected quote currencies: ['USDT']
2021-07-29 04:33:46.739 | INFO     | BL.bot.SwT:<module>:67 - Always generate ST buy signal: True
2021-07-29 04:34:15.238 | DEBUG    | BL.bot.SwT:startBot:290 - Limited markets to quote currencies. Running on 21 markets
2021-07-29 04:34:44.619 | DEBUG    | BL.indicator.st:compute:117 - [0, 1, 0, 0, 0]
short_stop:[139.82444175 139.82444175 139.82444175 139.82444175 139.82444175]
long_stop:[138.54429817 139.2850939  139.2850939  139.2850939  139.56946187]
2021-07-29 04:34:44.620 | DEBUG    | BL.bot.SwT:checkEntryForRbuy:3608 - ST signal
2021-07-29 04:35:10.010 | DEBUG    | BL.indicator.st:compute:117 - [1, 0, 0, 0, 0]
short_stop:[139.82444175 139.82444175 139.82444175 139.82444175 139.82444175]
long_stop:[139.2850939  139.2850939  139.2850939  139.56946187 139.56946187]
2021-07-29 04:35:10.010 | DEBUG    | BL.bot.SwT:checkEntryForRbuy:3608 - ST signal
2021-07-29 04:35:10.109 | DEBUG    | BL.indicator.st:compute:117 - [0, 0, 0, 0, 0]
short_stop:[0.14900449 0.14900449 0.14900449 0.14900449 0.14900449]
long_stop:[0.14643214 0.14680701 0.14680701 0.14714248 0.14714248]
2021-07-29 04:35:10.110 | DEBUG    | BL.bot.SwT:checkEntryForRbuy:3608 - ST signal
2021-07-29 04:35:10.787 | DEBUG    | BL.indicator.st:compute:117 - [0, 0, 0, 0, 0]
short_stop:[37.92469907 37.92469907 37.92469907 37.92469907 37.92469907]
long_stop:[37.74811831 37.74811831 37.74811831 37.74811831 37.74811831]
2021-07-29 04:35:10.787 | DEBUG    | BL.bot.SwT:checkEntryForRbuy:3608 - ST signal
2021-07-29 04:35:11.472 | DEBUG    | BL.indicator.st:compute:117 - [0, 0, 0, 0, 0]
short_stop:[1.01279705 1.01279705 1.01279705 1.01279705 1.01279705]
long_stop:[1.00481848 1.00481848 1.00481848 1.00481848 1.00481848]
2021-07-29 04:35:11.473 | DEBUG    | BL.bot.SwT:checkEntryForRbuy:3608 - ST signal
2021-07-29 04:35:12.141 | DEBUG    | BL.indicator.st:compute:117 - [0, 0, 0, 0, 0]
short_stop:[1.27295797 1.28184247 1.28184247 1.28136574 1.28136574]
long_stop:[1.26434208 1.26920227 1.26920227 1.26920227 1.26920227]
2021-07-29 04:35:12.141 | DEBUG    | BL.bot.SwT:checkEntryForRbuy:3608 - ST signal
2021-07-29 04:35:12.828 | DEBUG    | BL.indicator.st:compute:117 - [0, 0, 0, 0, 0]
short_stop:[0.20509534 0.20509534 0.20509534 0.20509534 0.20509534]
long_stop:[0.20405614 0.20405614 0.20405614 0.20405614 0.20405614]
2021-07-29 04:35:12.829 | DEBUG    | BL.bot.SwT:checkEntryForRbuy:3608 - ST signal
2021-07-29 04:35:13.505 | DEBUG    | BL.indicator.st:compute:117 - [0, 0, 0, 0, 0]
short_stop:[0.2677075 0.2677075 0.2677075 0.2677075 0.2677075]
long_stop:[0.26527885 0.26527885 0.26527885 0.26527885 0.26527885]
2021-07-29 04:35:13.505 | DEBUG    | BL.bot.SwT:checkEntryForRbuy:3608 - ST signal
2021-07-29 04:35:14.178 | DEBUG    | BL.indicator.st:compute:117 - [1, 0, 0, 0, 0]
short_stop:[0.1621068  0.16462308 0.16462308 0.16462308 0.16462308]
long_stop:[0.16257743 0.16307692 0.16307692 0.16307692 0.16307692]
2021-07-29 04:35:14.178 | DEBUG    | BL.bot.SwT:checkEntryForRbuy:3608 - ST signal
2021-07-29 04:35:14.849 | DEBUG    | BL.indicator.st:compute:117 - [0, 0, 0, 0, 0]
short_stop:[2.81728904 2.81728904 2.81728904 2.81728904 2.81728904]
long_stop:[2.8009603 2.8009603 2.8009603 2.8009603 2.8009603]
2021-07-29 04:35:14.850 | DEBUG    | BL.bot.SwT:checkEntryForRbuy:3608 - ST signal
2021-07-29 04:35:14.859 | DEBUG    | BL.indicator.st:compute:117 - [0, 0, 0, 0, 0]
short_stop:[0.04664392 0.04664392 0.04664392 0.04664392 0.04664392]
long_stop:[0.04635608 0.04635608 0.04635608 0.04635608 0.04635608]
2021-07-29 04:35:14.859 | DEBUG    | BL.bot.SwT:checkEntryForRbuy:3608 - ST signal
2021-07-29 04:35:15.549 | DEBUG    | BL.indicator.st:compute:117 - [0, 0, 0, 0, 0]
short_stop:[15.52013434 15.52013434 15.52013434 15.52013434 15.52013434]
long_stop:[15.42586566 15.42586566 15.42586566 15.42586566 15.42586566]
2021-07-29 04:35:15.549 | DEBUG    | BL.bot.SwT:checkEntryForRbuy:3608 - ST signal
2021-07-29 04:35:16.213 | DEBUG    | BL.indicator.st:compute:117 - [0, 0, 0, 0, 0]
short_stop:[0.71637174 0.71637174 0.72333408 0.72333408 0.72333408]
long_stop:[0.7111388  0.7111388  0.71854208 0.71854208 0.71854208]
2021-07-29 04:35:16.213 | DEBUG    | BL.bot.SwT:checkEntryForRbuy:3608 - ST signal
2021-07-29 04:35:16.882 | DEBUG    | BL.indicator.st:compute:117 - [0, 0, 0, 0, 0]
short_stop:[2.76425523 2.76425523 2.76425523 2.76425523 2.76425523]
long_stop:[2.74374477 2.74374477 2.74374477 2.74374477 2.74374477]
2021-07-29 04:35:16.882 | DEBUG    | BL.bot.SwT:checkEntryForRbuy:3608 - ST signal
2021-07-29 04:35:17.566 | DEBUG    | BL.indicator.st:compute:117 - [0, 0, 0, 0, 0]
short_stop:[0.99998425 0.99998425 0.99998425 0.99998425 0.99998425]
long_stop:[0.99894651 0.99894651 0.99894651 0.99894651 0.99894651]
2021-07-29 04:35:17.567 | DEBUG    | BL.bot.SwT:checkEntryForRbuy:3608 - ST signal
2021-07-29 04:35:18.231 | DEBUG    | BL.indicator.st:compute:117 - [0, 0, 0, 0, 0]
short_stop:[0.58223149 0.58223149 0.58223149 0.58223149 0.58223149]
long_stop:[0.58038989 0.58038989 0.58038989 0.58038989 0.58038989]
2021-07-29 04:35:18.231 | DEBUG    | BL.bot.SwT:checkEntryForRbuy:3608 - ST signal
2021-07-29 04:35:18.902 | DEBUG    | BL.indicator.st:compute:117 - [0, 0, 0, 0, 0]
short_stop:[140.65402166 140.65402166 140.65402166 140.65402166 140.65402166]
long_stop:[140.59837595 140.59837595 140.59837595 140.59837595 140.59837595]
2021-07-29 04:35:18.902 | DEBUG    | BL.bot.SwT:checkEntryForRbuy:3608 - ST signal
2021-07-29 04:35:19.578 | DEBUG    | BL.indicator.st:compute:117 - [0, 0, 0, 0, 0]
short_stop:[20.56100365 20.56100365 20.56100365 20.56100365 20.56100365]
long_stop:[20.38299635 20.38299635 20.38299635 20.38299635 20.38299635]
2021-07-29 04:35:19.578 | DEBUG    | BL.bot.SwT:checkEntryForRbuy:3608 - ST signal
2021-07-29 04:35:20.251 | DEBUG    | BL.indicator.st:compute:117 - [0, 0, 0, 0, 0]
short_stop:[nan nan nan nan nan]
long_stop:[nan nan nan nan nan]
2021-07-29 04:35:20.251 | DEBUG    | BL.bot.SwT:checkEntryForRbuy:3608 - ST signal
2021-07-29 04:35:20.938 | DEBUG    | BL.indicator.st:compute:117 - [0, 0, 0, 0, 0]
short_stop:[0.99963054 0.99963054 0.99963054 0.99963054 0.99963054]
long_stop:[0.99936946 0.99936946 0.99936946 0.99936946 0.99936946]
2021-07-29 04:35:20.938 | DEBUG    | BL.bot.SwT:checkEntryForRbuy:3608 - ST signal
2021-07-29 04:35:21.607 | DEBUG    | BL.indicator.st:compute:117 - [0, 0, 0, 0, 0]
short_stop:[48.89290145 48.89290145 48.89290145 48.89290145 48.89290145]
long_stop:[49.41446712 49.41446712 49.41446712 49.41446712 49.41446712]
2021-07-29 04:35:21.607 | DEBUG    | BL.bot.SwT:checkEntryForRbuy:3608 - ST signal
2021-07-29 04:35:22.273 | DEBUG    | BL.indicator.st:compute:117 - [0, 0, 0, 0, 0]
short_stop:[0.11799333 0.11799333 0.11799333 0.11799333 0.11799333]
long_stop:[0.11931403 0.11931403 0.11931403 0.11931403 0.11931403]
2021-07-29 04:35:22.273 | DEBUG    | BL.bot.SwT:checkEntryForRbuy:3608 - ST signal
2021-07-29 04:36:06.988 | DEBUG    | BL.indicator.st:compute:117 - [0, 0, 0, 0, 0]
short_stop:[0.14900449 0.14900449 0.14900449 0.14900449 0.14900449]
long_stop:[0.14643214 0.14680701 0.14680701 0.14714248 0.14714248]
2021-07-29 04:36:06.989 | DEBUG    | BL.bot.SwT:checkEntryForRbuy:3608 - ST signal
2021-07-29 04:36:09.054 | DEBUG    | BL.indicator.st:compute:117 - [0, 0, 0, 0, 0]
short_stop:[0.14900449 0.14900449 0.14900449 0.14900449 0.14900449]
long_stop:[0.14643214 0.14680701 0.14680701 0.14714248 0.14716319]
2021-07-29 04:36:09.055 | DEBUG    | BL.bot.SwT:checkEntryForRbuy:3608 - ST signal
2021-07-29 04:36:18.996 | DEBUG    | BL.indicator.st:compute:117 - [0, 0, 0, 0, 0]
short_stop:[0.14900449 0.14900449 0.14900449 0.14900449 0.14900449]
long_stop:[0.14643214 0.14680701 0.14680701 0.14714248 0.14751942]
2021-07-29 04:36:18.996 | DEBUG    | BL.bot.SwT:checkEntryForRbuy:3608 - ST signal
2021-07-29 04:36:38.180 | DEBUG    | BL.indicator.st:compute:117 - [0, 0, 0, 0, 0]
short_stop:[0.58223149 0.58223149 0.58223149 0.58223149 0.58223149]
long_stop:[0.58038989 0.58038989 0.58038989 0.58038989 0.58038989]
2021-07-29 04:36:38.180 | DEBUG    | BL.bot.SwT:checkEntryForRbuy:3608 - ST signal
2021-07-29 04:37:17.841 | DEBUG    | BL.indicator.st:compute:117 - [0, 0, 0, 0, 0]
short_stop:[0.2677075 0.2677075 0.2677075 0.2677075 0.2677075]
long_stop:[0.26527885 0.26527885 0.26527885 0.26527885 0.26527885]
2021-07-29 04:37:17.842 | DEBUG    | BL.bot.SwT:checkEntryForRbuy:3608 - ST signal
2021-07-29 04:37:39.376 | DEBUG    | BL.indicator.st:compute:117 - [0, 0, 0, 0, 0]
short_stop:[0.14900449 0.14900449 0.14900449 0.14900449 0.14900449]
long_stop:[0.14643214 0.14680701 0.14680701 0.14714248 0.14751943]
2021-07-29 04:37:39.376 | DEBUG    | BL.bot.SwT:checkEntryForRbuy:3608 - ST signal
2021-07-29 04:37:54.691 | DEBUG    | BL.indicator.st:compute:117 - [0, 0, 0, 0, 0]
short_stop:[0.14900449 0.14900449 0.14900449 0.14900449 0.14900449]
long_stop:[0.14643214 0.14680701 0.14680701 0.14714248 0.14751952]
2021-07-29 04:37:54.691 | DEBUG    | BL.bot.SwT:checkEntryForRbuy:3608 - ST signal
2021-07-29 04:38:07.213 | DEBUG    | BL.indicator.st:compute:117 - [0, 0, 0, 0, 0]
short_stop:[0.14900449 0.14900449 0.14900449 0.14900449 0.14900449]
long_stop:[0.14643214 0.14680701 0.14680701 0.14714248 0.14751952]
2021-07-29 04:38:07.213 | DEBUG    | BL.bot.SwT:checkEntryForRbuy:3608 - ST signal
2021-07-29 04:38:19.186 | DEBUG    | BL.indicator.st:compute:117 - [1, 0, 0, 0, 0]
short_stop:[139.82444175 139.82444175 139.82444175 139.82444175 139.82444175]
long_stop:[139.2850939  139.2850939  139.2850939  139.56946187 139.56946187]
2021-07-29 04:38:19.186 | DEBUG    | BL.bot.SwT:checkEntryForRbuy:3608 - ST signal
2021-07-29 04:39:02.756 | DEBUG    | BL.indicator.st:compute:117 - [0, 0, 0, 0, 0]
short_stop:[0.20509534 0.20509534 0.20509534 0.20509534 0.20509534]
long_stop:[0.20405614 0.20405614 0.20405614 0.20405614 0.20405614]
2021-07-29 04:39:02.757 | DEBUG    | BL.bot.SwT:checkEntryForRbuy:3608 - ST signal
2021-07-29 04:39:14.287 | DEBUG    | BL.indicator.st:compute:117 - [0, 0, 0, 0, 0]
short_stop:[0.14900449 0.14900449 0.14900449 0.14900449 0.14900449]
long_stop:[0.14643214 0.14680701 0.14680701 0.14714248 0.14751952]
2021-07-29 04:39:14.287 | DEBUG    | BL.bot.SwT:checkEntryForRbuy:3608 - ST signal
2021-07-29 04:39:28.659 | DEBUG    | BL.indicator.st:compute:117 - [0, 0, 0, 0, 0]
short_stop:[0.20509534 0.20509534 0.20509534 0.20509534 0.20509534]
long_stop:[0.20405614 0.20405614 0.20405614 0.20405614 0.2049042 ]
2021-07-29 04:39:28.659 | DEBUG    | BL.bot.SwT:checkEntryForRbuy:3608 - ST signal
2021-07-29 04:39:59.819 | DEBUG    | BL.indicator.st:compute:117 - [0, 0, 0, 0, 0]
short_stop:[140.65402166 140.65402166 140.65402166 140.65402166 140.65402166]
long_stop:[140.59837595 140.59837595 140.59837595 140.59837595 140.59837595]
2021-07-29 04:39:59.820 | DEBUG    | BL.bot.SwT:checkEntryForRbuy:3608 - ST signal
2021-07-29 04:40:09.915 | DEBUG    | BL.indicator.st:compute:117 - [0, 0, 0, 0, 0]
short_stop:[139.82444175 139.82444175 139.82444175 139.82444175 139.82444175]
long_stop:[139.2850939  139.2850939  139.56946187 139.56946187 139.56946187]
2021-07-29 04:40:09.916 | DEBUG    | BL.bot.SwT:checkEntryForRbuy:3608 - ST signal
2021-07-29 04:40:09.925 | DEBUG    | BL.indicator.st:compute:117 - [0, 0, 0, 0, 0]
short_stop:[0.14900449 0.14900449 0.14900449 0.14900449 0.14900449]
long_stop:[0.14680701 0.14680701 0.14714248 0.14751952 0.14751952]
2021-07-29 04:40:09.925 | DEBUG    | BL.bot.SwT:checkEntryForRbuy:3608 - ST signal
2021-07-29 04:40:10.594 | DEBUG    | BL.indicator.st:compute:117 - [0, 0, 0, 0, 0]
short_stop:[37.92469907 37.92469907 37.92469907 37.92469907 37.92469907]
long_stop:[37.74811831 37.74811831 37.74811831 37.74811831 37.74811831]
2021-07-29 04:40:10.594 | DEBUG    | BL.bot.SwT:checkEntryForRbuy:3608 - ST signal
2021-07-29 04:40:11.276 | DEBUG    | BL.indicator.st:compute:117 - [0, 0, 0, 0, 0]
short_stop:[1.28184247 1.28184247 1.28136574 1.28136574 1.28136574]
long_stop:[1.26920227 1.26920227 1.26920227 1.26920227 1.26920227]
2021-07-29 04:40:11.276 | DEBUG    | BL.bot.SwT:checkEntryForRbuy:3608 - ST signal
2021-07-29 04:40:12.063 | DEBUG    | BL.indicator.st:compute:117 - [0, 0, 0, 0, 0]
short_stop:[0.20509534 0.20509534 0.20509534 0.20509534 0.20509534]
long_stop:[0.20405614 0.20405614 0.20405614 0.2049042  0.2049042 ]
2021-07-29 04:40:12.063 | DEBUG    | BL.bot.SwT:checkEntryForRbuy:3608 - ST signal
2021-07-29 04:40:12.739 | DEBUG    | BL.indicator.st:compute:117 - [0, 0, 0, 0, 0]
short_stop:[1.01279705 1.01279705 1.01279705 1.01279705 1.01279705]
long_stop:[1.00481848 1.00481848 1.00481848 1.00481848 1.00481848]
2021-07-29 04:40:12.739 | DEBUG    | BL.bot.SwT:checkEntryForRbuy:3608 - ST signal
2021-07-29 04:40:13.438 | DEBUG    | BL.indicator.st:compute:117 - [0, 0, 0, 0, 0]
short_stop:[0.2677075 0.2677075 0.2677075 0.2677075 0.2677075]
long_stop:[0.26527885 0.26527885 0.26527885 0.26527885 0.26527885]
2021-07-29 04:40:13.439 | DEBUG    | BL.bot.SwT:checkEntryForRbuy:3608 - ST signal
2021-07-29 04:40:14.111 | DEBUG    | BL.indicator.st:compute:117 - [0, 0, 0, 0, 0]
short_stop:[0.16462308 0.16462308 0.16462308 0.16462308 0.16462308]
long_stop:[0.16307692 0.16307692 0.16307692 0.16307692 0.16307692]
2021-07-29 04:40:14.111 | DEBUG    | BL.bot.SwT:checkEntryForRbuy:3608 - ST signal
2021-07-29 04:40:14.776 | DEBUG    | BL.indicator.st:compute:117 - [0, 0, 0, 0, 0]
short_stop:[2.81728904 2.81728904 2.81728904 2.81728904 2.81728904]
long_stop:[2.8009603 2.8009603 2.8009603 2.8009603 2.8009603]
2021-07-29 04:40:14.776 | DEBUG    | BL.bot.SwT:checkEntryForRbuy:3608 - ST signal
2021-07-29 04:40:14.785 | DEBUG    | BL.indicator.st:compute:117 - [0, 0, 0, 0, 0]
short_stop:[0.04664392 0.04664392 0.04664392 0.04664392 0.04664392]
long_stop:[0.04635608 0.04635608 0.04635608 0.04635608 0.04635608]
2021-07-29 04:40:14.785 | DEBUG    | BL.bot.SwT:checkEntryForRbuy:3608 - ST signal
2021-07-29 04:40:15.466 | DEBUG    | BL.indicator.st:compute:117 - [0, 0, 0, 0, 0]
short_stop:[15.52013434 15.52013434 15.52013434 15.52013434 15.52013434]
long_stop:[15.42586566 15.42586566 15.42586566 15.42586566 15.42586566]
2021-07-29 04:40:15.466 | DEBUG    | BL.bot.SwT:checkEntryForRbuy:3608 - ST signal
2021-07-29 04:40:16.151 | DEBUG    | BL.indicator.st:compute:117 - [0, 0, 0, 0, 0]
short_stop:[0.71637174 0.72333408 0.72333408 0.72333408 0.72333408]
long_stop:[0.7111388  0.71854208 0.71854208 0.71854208 0.71854208]
2021-07-29 04:40:16.152 | DEBUG    | BL.bot.SwT:checkEntryForRbuy:3608 - ST signal
2021-07-29 04:40:16.825 | DEBUG    | BL.indicator.st:compute:117 - [0, 0, 0, 0, 0]
short_stop:[140.65402166 140.65402166 140.65402166 140.65402166 140.65402166]
long_stop:[140.59837595 140.59837595 140.59837595 140.59837595 140.59837595]
2021-07-29 04:40:16.825 | DEBUG    | BL.bot.SwT:checkEntryForRbuy:3608 - ST signal
2021-07-29 04:40:17.486 | DEBUG    | BL.indicator.st:compute:117 - [0, 0, 0, 0, 0]
short_stop:[0.58223149 0.58223149 0.58223149 0.58223149 0.58223149]
long_stop:[0.58038989 0.58038989 0.58038989 0.58038989 0.58038989]
2021-07-29 04:40:17.487 | DEBUG    | BL.bot.SwT:checkEntryForRbuy:3608 - ST signal
2021-07-29 04:40:18.158 | DEBUG    | BL.indicator.st:compute:117 - [0, 0, 0, 0, 0]
short_stop:[20.56100365 20.56100365 20.56100365 20.56100365 20.56100365]
long_stop:[20.38299635 20.38299635 20.38299635 20.38299635 20.38299635]
2021-07-29 04:40:18.158 | DEBUG    | BL.bot.SwT:checkEntryForRbuy:3608 - ST signal
2021-07-29 04:40:18.834 | DEBUG    | BL.indicator.st:compute:117 - [0, 0, 0, 0, 0]
short_stop:[nan nan nan nan nan]
long_stop:[nan nan nan nan nan]
2021-07-29 04:40:18.834 | DEBUG    | BL.bot.SwT:checkEntryForRbuy:3608 - ST signal
2021-07-29 04:40:19.504 | DEBUG    | BL.indicator.st:compute:117 - [0, 0, 0, 0, 0]
short_stop:[2.76425523 2.76425523 2.76425523 2.76425523 2.76425523]
long_stop:[2.74374477 2.74374477 2.74374477 2.74374477 2.74374477]
2021-07-29 04:40:19.504 | DEBUG    | BL.bot.SwT:checkEntryForRbuy:3608 - ST signal
2021-07-29 04:40:20.170 | DEBUG    | BL.indicator.st:compute:117 - [0, 0, 0, 0, 0]
short_stop:[0.99998425 0.99998425 0.99998425 0.99998425 0.99998425]
long_stop:[0.99894651 0.99894651 0.99894651 0.99894651 0.99894651]
2021-07-29 04:40:20.170 | DEBUG    | BL.bot.SwT:checkEntryForRbuy:3608 - ST signal
2021-07-29 04:40:20.838 | DEBUG    | BL.indicator.st:compute:117 - [0, 0, 0, 0, 0]
short_stop:[48.89290145 48.89290145 48.89290145 48.89290145 48.89290145]
long_stop:[49.41446712 49.41446712 49.41446712 49.41446712 49.41446712]
2021-07-29 04:40:20.839 | DEBUG    | BL.bot.SwT:checkEntryForRbuy:3608 - ST signal
2021-07-29 04:40:21.547 | DEBUG    | BL.indicator.st:compute:117 - [0, 0, 0, 0, 0]
short_stop:[0.99963054 0.99963054 0.99963054 0.99963054 0.99963054]
long_stop:[0.99936946 0.99936946 0.99936946 0.99936946 0.99936946]
2021-07-29 04:40:21.548 | DEBUG    | BL.bot.SwT:checkEntryForRbuy:3608 - ST signal
2021-07-29 04:40:22.226 | DEBUG    | BL.indicator.st:compute:117 - [0, 0, 0, 0, 0]
short_stop:[0.11799333 0.11799333 0.11799333 0.11799333 0.11799333]
long_stop:[0.11931403 0.11931403 0.11931403 0.11931403 0.11931403]
2021-07-29 04:40:22.226 | DEBUG    | BL.bot.SwT:checkEntryForRbuy:3608 - ST signal
2021-07-29 04:40:54.791 | DEBUG    | BL.indicator.st:compute:117 - [0, 0, 0, 0, 0]
short_stop:[0.14900449 0.14900449 0.14900449 0.14900449 0.15088735]
long_stop:[0.14680701 0.14680701 0.14714248 0.14751952 0.14789729]
2021-07-29 04:40:54.791 | DEBUG    | BL.bot.SwT:checkEntryForRbuy:3608 - ST signal
2021-07-29 04:41:27.292 | DEBUG    | BL.indicator.st:compute:117 - [0, 0, 0, 0, 0]
short_stop:[0.2677075 0.2677075 0.2677075 0.2677075 0.2677075]
long_stop:[0.26527885 0.26527885 0.26527885 0.26527885 0.26527885]
2021-07-29 04:41:27.292 | DEBUG    | BL.bot.SwT:checkEntryForRbuy:3608 - ST signal
2021-07-29 04:42:23.564 | DEBUG    | BL.indicator.st:compute:117 - [0, 0, 0, 0, 0]
short_stop:[0.14900449 0.14900449 0.14900449 0.14900449 0.15088735]
long_stop:[0.14680701 0.14680701 0.14714248 0.14751952 0.14789729]
2021-07-29 04:42:23.564 | DEBUG    | BL.bot.SwT:checkEntryForRbuy:3608 - ST signal
2021-07-29 04:43:29.583 | DEBUG    | BL.indicator.st:compute:117 - [0, 0, 0, 0, 0]
short_stop:[1.28184247 1.28184247 1.28136574 1.28136574 1.28136574]
long_stop:[1.26920227 1.26920227 1.26920227 1.26920227 1.26920227]
2021-07-29 04:43:29.583 | DEBUG    | BL.bot.SwT:checkEntryForRbuy:3608 - ST signal
2021-07-29 04:43:35.858 | DEBUG    | BL.indicator.st:compute:117 - [0, 0, 0, 0, 0]
short_stop:[0.20509534 0.20509534 0.20509534 0.20509534 0.20637598]
long_stop:[0.20405614 0.20405614 0.20405614 0.2049042  0.2049042 ]
2021-07-29 04:43:35.858 | DEBUG    | BL.bot.SwT:checkEntryForRbuy:3608 - ST signal
2021-07-29 04:43:52.132 | DEBUG    | BL.indicator.st:compute:117 - [0, 0, 0, 0, 0]
short_stop:[0.58223149 0.58223149 0.58223149 0.58223149 0.58223149]
long_stop:[0.58038989 0.58038989 0.58038989 0.58038989 0.58038989]
2021-07-29 04:43:52.133 | DEBUG    | BL.bot.SwT:checkEntryForRbuy:3608 - ST signal
2021-07-29 04:44:07.759 | DEBUG    | BL.indicator.st:compute:117 - [0, 0, 0, 0, 0]
short_stop:[0.58223149 0.58223149 0.58223149 0.58223149 0.58997214]
long_stop:[0.58038989 0.58038989 0.58038989 0.58038989 0.58684626]
2021-07-29 04:44:07.759 | DEBUG    | BL.bot.SwT:checkEntryForRbuy:3608 - ST signal
2021-07-29 04:44:13.523 | DEBUG    | BL.indicator.st:compute:117 - [0, 0, 0, 0, 0]
short_stop:[0.20509534 0.20509534 0.20509534 0.20509534 0.20656499]
long_stop:[0.20405614 0.20405614 0.20405614 0.2049042  0.20493065]
2021-07-29 04:44:13.523 | DEBUG    | BL.bot.SwT:checkEntryForRbuy:3608 - ST signal
