2021-08-06 02:36:51.385 | INFO     | BL.bot.SwT:<module>:75 - Running in test mode: False
2021-08-06 02:36:51.386 | INFO     | BL.bot.SwT:<module>:76 - Running on selected quote currencies: False
2021-08-06 02:36:51.387 | INFO     | BL.bot.SwT:<module>:77 - Always generate ST long buy signal: False
2021-08-06 02:36:51.388 | INFO     | BL.bot.SwT:<module>:78 - Always generate ST short sell signal: False
2021-08-06 02:36:51.388 | INFO     | BL.bot.SwT:<module>:79 - Filter markets by volume and price: True
2021-08-06 02:36:51.389 | INFO     | BL.bot.SwT:<module>:80 - Stop %: 3
2021-08-06 02:38:21.818 | DEBUG    | BL.bot.SwT:runTradingAlgorithm:2170 - Locking ADA-BTC.
2021-08-06 02:38:21.867 | DEBUG    | BL.bot.SwT:runTradingAlgorithm:2271 - Unlocking ADA-BTC.
2021-08-06 02:38:45.841 | DEBUG    | BL.bot.SwT:runTradingAlgorithm:2170 - Locking WAXP-USDT.
2021-08-06 02:38:45.848 | DEBUG    | BL.bot.SwT:runTradingAlgorithm:2271 - Unlocking WAXP-USDT.
2021-08-06 02:39:07.308 | DEBUG    | BL.bot.SwT:runTradingAlgorithm:2170 - Locking XLM-BTC.
2021-08-06 02:39:07.313 | DEBUG    | BL.bot.SwT:runTradingAlgorithm:2271 - Unlocking XLM-BTC.
2021-08-06 02:39:27.777 | DEBUG    | BL.bot.SwT:runTradingAlgorithm:2170 - Locking ADA-BTC.
2021-08-06 02:39:27.783 | DEBUG    | BL.bot.SwT:runTradingAlgorithm:2271 - Unlocking ADA-BTC.
2021-08-06 02:39:34.978 | DEBUG    | BL.bot.SwT:runTradingAlgorithm:2170 - Locking IOTA-BTC.
2021-08-06 02:39:34.984 | INFO     | BL.bot.SwT:monitorExit:2787 - IOTA-BTC Stop % hit on loss at 0.00002148
2021-08-06 02:39:36.279 | DEBUG    | BL.bot.SwT:monitorExit:2830 - Exiting trade for IOTA-BTC
2021-08-06 02:39:36.280 | INFO     | BL.bot.SwT:sendTradeOrder:3977 - Creating SELL for IOTA-BTC
2021-08-06 02:39:37.590 | DEBUG    | BL.Exchanges.Bittrex.BittrexClient:_make_trade_order:230 - Order closed: {'id': '3f227557-67e2-41e8-8ba3-247213cc6863', 'marketSymbol': 'IOTA-BTC', 'direction': 'SELL', 'type': 'MARKET', 'quantity': '147.54974513', 'timeInForce': 'IMMEDIATE_OR_CANCEL', 'fillQuantity': '147.54974513', 'commission': '0.00000633', 'proceeds': '0.00316936', 'status': 'CLOSED', 'createdAt': '2021-08-06T07:39:28.3Z', 'updatedAt': '2021-08-06T07:39:28.3Z', 'closedAt': '2021-08-06T07:39:28.3Z'}
2021-08-06 02:39:37.591 | INFO     | BL.bot.SwT:sendTradeOrder:3979 - SELL response for IOTA-BTC: {'status': 'FILLED', 'direction': 'SELL', 'order_type': 'MARKET', 'symbol': 'IOTA-BTC', 'requested_qty': 147.54974513, 'executed_qty': 147.54974513, 'avg_price': 2.147994222021602e-05, 'commission': 6.33e-06, 'executed_time': datetime.datetime(2021, 8, 6, 2, 39, 36, 281678)}
2021-08-06 02:39:40.629 | DEBUG    | BL.bot.SwT:monitorExit:2832 - Trade exit response: {'status': 'FILLED', 'direction': 'SELL', 'order_type': 'MARKET', 'symbol': 'IOTA-BTC', 'requested_qty': 147.54974513, 'executed_qty': 147.54974513, 'avg_price': 2.147994222021602e-05, 'commission': 6.33e-06, 'executed_time': datetime.datetime(2021, 8, 6, 2, 39, 36, 281678)}
2021-08-06 02:39:40.634 | DEBUG    | BL.bot.SwT:runTradingAlgorithm:2271 - Unlocking IOTA-BTC.
2021-08-06 02:39:40.635 | DEBUG    | BL.bot.SwT:runTradingAlgorithm:2170 - Locking IOTA-BTC.
2021-08-06 02:39:40.641 | DEBUG    | BL.bot.SwT:runTradingAlgorithm:2271 - Unlocking IOTA-BTC.
2021-08-06 02:39:55.145 | DEBUG    | BL.bot.SwT:runTradingAlgorithm:2170 - Locking ADA-BTC.
2021-08-06 02:39:55.151 | DEBUG    | BL.bot.SwT:runTradingAlgorithm:2271 - Unlocking ADA-BTC.
2021-08-06 02:40:02.196 | DEBUG    | BL.bot.SwT:runTradingAlgorithm:2170 - Locking TRX-USDT.
2021-08-06 02:40:02.201 | DEBUG    | BL.bot.SwT:runTradingAlgorithm:2271 - Unlocking TRX-USDT.
2021-08-06 02:40:07.126 | DEBUG    | BL.bot.SwT:runTradingAlgorithm:2170 - Locking ADA-BTC.
2021-08-06 02:40:07.132 | DEBUG    | BL.bot.SwT:runTradingAlgorithm:2271 - Unlocking ADA-BTC.
2021-08-06 02:40:09.217 | DEBUG    | BL.bot.SwT:runTradingAlgorithm:2170 - Locking SOLVE-BTC.
2021-08-06 02:40:09.223 | DEBUG    | BL.bot.SwT:runTradingAlgorithm:2271 - Unlocking SOLVE-BTC.
2021-08-06 02:40:10.812 | DEBUG    | BL.bot.SwT:runTradingAlgorithm:2170 - Locking ADA-BTC.
2021-08-06 02:40:10.818 | DEBUG    | BL.bot.SwT:runTradingAlgorithm:2271 - Unlocking ADA-BTC.
2021-08-06 02:40:10.825 | DEBUG    | BL.bot.SwT:runTradingAlgorithm:2170 - Locking TRX-USDT.
2021-08-06 02:40:10.831 | DEBUG    | BL.bot.SwT:runTradingAlgorithm:2271 - Unlocking TRX-USDT.
2021-08-06 02:40:10.834 | DEBUG    | BL.bot.SwT:runTradingAlgorithm:2170 - Locking ENJ-BTC.
2021-08-06 02:40:10.839 | DEBUG    | BL.bot.SwT:runTradingAlgorithm:2271 - Unlocking ENJ-BTC.
2021-08-06 02:40:10.840 | DEBUG    | BL.bot.SwT:runTradingAlgorithm:2170 - Locking ADA-USDT.
2021-08-06 02:40:10.846 | DEBUG    | BL.bot.SwT:runTradingAlgorithm:2271 - Unlocking ADA-USDT.
2021-08-06 02:40:10.847 | DEBUG    | BL.bot.SwT:runTradingAlgorithm:2170 - Locking DOGE-BTC.
2021-08-06 02:40:10.854 | DEBUG    | BL.bot.SwT:runTradingAlgorithm:2271 - Unlocking DOGE-BTC.
2021-08-06 02:40:10.855 | DEBUG    | BL.bot.SwT:runTradingAlgorithm:2170 - Locking LTC-USDT.
2021-08-06 02:40:10.861 | DEBUG    | BL.bot.SwT:runTradingAlgorithm:2271 - Unlocking LTC-USDT.
2021-08-06 02:40:10.862 | DEBUG    | BL.bot.SwT:runTradingAlgorithm:2170 - Locking IOTA-BTC.
2021-08-06 02:40:10.869 | DEBUG    | BL.bot.SwT:runTradingAlgorithm:2271 - Unlocking IOTA-BTC.
2021-08-06 02:40:10.870 | DEBUG    | BL.bot.SwT:runTradingAlgorithm:2170 - Locking TUSD-BTC.
2021-08-06 02:40:10.875 | DEBUG    | BL.bot.SwT:runTradingAlgorithm:2271 - Unlocking TUSD-BTC.
2021-08-06 02:40:10.876 | DEBUG    | BL.bot.SwT:runTradingAlgorithm:2170 - Locking WAXP-USDT.
2021-08-06 02:40:10.884 | DEBUG    | BL.bot.SwT:runTradingAlgorithm:2271 - Unlocking WAXP-USDT.
2021-08-06 02:40:10.885 | DEBUG    | BL.bot.SwT:runTradingAlgorithm:2170 - Locking DOGE-USDT.
2021-08-06 02:40:10.890 | DEBUG    | BL.bot.SwT:runTradingAlgorithm:2271 - Unlocking DOGE-USDT.
2021-08-06 02:40:10.892 | DEBUG    | BL.bot.SwT:runTradingAlgorithm:2170 - Locking ZRX-USDT.
2021-08-06 02:40:10.899 | DEBUG    | BL.bot.SwT:runTradingAlgorithm:2271 - Unlocking ZRX-USDT.
2021-08-06 02:40:10.900 | DEBUG    | BL.bot.SwT:runTradingAlgorithm:2170 - Locking GAME-USDT.
2021-08-06 02:40:10.905 | DEBUG    | BL.bot.SwT:runTradingAlgorithm:2271 - Unlocking GAME-USDT.
2021-08-06 02:40:10.906 | DEBUG    | BL.bot.SwT:runTradingAlgorithm:2170 - Locking REN-BTC.
2021-08-06 02:40:10.912 | DEBUG    | BL.bot.SwT:runTradingAlgorithm:2271 - Unlocking REN-BTC.
2021-08-06 02:40:10.913 | DEBUG    | BL.bot.SwT:runTradingAlgorithm:2170 - Locking USDC-BTC.
2021-08-06 02:40:10.919 | DEBUG    | BL.bot.SwT:runTradingAlgorithm:2271 - Unlocking USDC-BTC.
2021-08-06 02:40:10.920 | DEBUG    | BL.bot.SwT:runTradingAlgorithm:2170 - Locking SOLVE-BTC.
2021-08-06 02:40:10.924 | DEBUG    | BL.bot.SwT:runTradingAlgorithm:2271 - Unlocking SOLVE-BTC.
2021-08-06 02:40:10.926 | DEBUG    | BL.bot.SwT:runTradingAlgorithm:2170 - Locking XEM-USDT.
2021-08-06 02:40:10.931 | DEBUG    | BL.bot.SwT:runTradingAlgorithm:2271 - Unlocking XEM-USDT.
2021-08-06 02:40:10.932 | DEBUG    | BL.bot.SwT:runTradingAlgorithm:2170 - Locking BAT-USDT.
2021-08-06 02:40:10.938 | DEBUG    | BL.bot.SwT:runTradingAlgorithm:2271 - Unlocking BAT-USDT.
2021-08-06 02:40:10.939 | DEBUG    | BL.bot.SwT:runTradingAlgorithm:2170 - Locking NMR-USDT.
2021-08-06 02:40:10.945 | DEBUG    | BL.bot.SwT:runTradingAlgorithm:2271 - Unlocking NMR-USDT.
2021-08-06 02:40:10.949 | DEBUG    | BL.bot.SwT:runTradingAlgorithm:2170 - Locking CELO-BTC.
2021-08-06 02:40:10.954 | DEBUG    | BL.bot.SwT:runTradingAlgorithm:2271 - Unlocking CELO-BTC.
2021-08-06 02:40:10.955 | DEBUG    | BL.bot.SwT:runTradingAlgorithm:2170 - Locking XLM-USDT.
2021-08-06 02:40:10.961 | DEBUG    | BL.bot.SwT:runTradingAlgorithm:2271 - Unlocking XLM-USDT.
2021-08-06 02:40:10.962 | DEBUG    | BL.bot.SwT:runTradingAlgorithm:2170 - Locking MATIC-BTC.
2021-08-06 02:40:10.968 | DEBUG    | BL.bot.SwT:runTradingAlgorithm:2271 - Unlocking MATIC-BTC.
2021-08-06 02:40:10.970 | DEBUG    | BL.bot.SwT:runTradingAlgorithm:2170 - Locking XLM-BTC.
2021-08-06 02:40:10.975 | DEBUG    | BL.bot.SwT:runTradingAlgorithm:2271 - Unlocking XLM-BTC.
2021-08-06 02:40:10.977 | DEBUG    | BL.bot.SwT:runTradingAlgorithm:2170 - Locking SOLVE-USDT.
2021-08-06 02:40:10.982 | DEBUG    | BL.bot.SwT:runTradingAlgorithm:2271 - Unlocking SOLVE-USDT.
2021-08-06 02:40:10.985 | DEBUG    | BL.bot.SwT:runTradingAlgorithm:2170 - Locking TRX-BTC.
2021-08-06 02:40:10.990 | DEBUG    | BL.bot.SwT:runTradingAlgorithm:2271 - Unlocking TRX-BTC.
2021-08-06 02:40:10.991 | DEBUG    | BL.bot.SwT:runTradingAlgorithm:2170 - Locking MATIC-USDT.
2021-08-06 02:40:10.997 | DEBUG    | BL.bot.SwT:runTradingAlgorithm:2271 - Unlocking MATIC-USDT.
2021-08-06 02:40:11.000 | DEBUG    | BL.bot.SwT:runTradingAlgorithm:2170 - Locking NMR-BTC.
2021-08-06 02:40:11.005 | DEBUG    | BL.bot.SwT:runTradingAlgorithm:2271 - Unlocking NMR-BTC.
2021-08-06 02:40:11.007 | DEBUG    | BL.bot.SwT:runTradingAlgorithm:2170 - Locking PINK-BTC.
2021-08-06 02:40:11.012 | DEBUG    | BL.bot.SwT:runTradingAlgorithm:2271 - Unlocking PINK-BTC.
2021-08-06 02:40:11.016 | DEBUG    | BL.bot.SwT:runTradingAlgorithm:2170 - Locking XTZ-USDT.
2021-08-06 02:40:11.021 | DEBUG    | BL.bot.SwT:runTradingAlgorithm:2271 - Unlocking XTZ-USDT.
2021-08-06 02:40:11.022 | DEBUG    | BL.bot.SwT:runTradingAlgorithm:2170 - Locking WAVES-USDT.
2021-08-06 02:40:11.028 | DEBUG    | BL.bot.SwT:runTradingAlgorithm:2271 - Unlocking WAVES-USDT.
2021-08-06 02:40:11.029 | DEBUG    | BL.bot.SwT:runTradingAlgorithm:2170 - Locking NAV-BTC.
2021-08-06 02:40:11.036 | DEBUG    | BL.bot.SwT:runTradingAlgorithm:2271 - Unlocking NAV-BTC.
2021-08-06 02:40:11.037 | DEBUG    | BL.bot.SwT:runTradingAlgorithm:2170 - Locking DCR-USDT.
2021-08-06 02:40:11.043 | DEBUG    | BL.bot.SwT:runTradingAlgorithm:2271 - Unlocking DCR-USDT.
2021-08-06 02:40:11.044 | DEBUG    | BL.bot.SwT:runTradingAlgorithm:2170 - Locking ARK-BTC.
2021-08-06 02:40:11.050 | DEBUG    | BL.bot.SwT:runTradingAlgorithm:2271 - Unlocking ARK-BTC.
2021-08-06 02:40:11.051 | DEBUG    | BL.bot.SwT:runTradingAlgorithm:2170 - Locking ONG-BTC.
2021-08-06 02:40:11.056 | DEBUG    | BL.bot.SwT:runTradingAlgorithm:2271 - Unlocking ONG-BTC.
2021-08-06 02:40:11.057 | DEBUG    | BL.bot.SwT:runTradingAlgorithm:2170 - Locking CELO-USDT.
2021-08-06 02:40:11.062 | DEBUG    | BL.bot.SwT:runTradingAlgorithm:2271 - Unlocking CELO-USDT.
2021-08-06 02:40:11.063 | DEBUG    | BL.bot.SwT:runTradingAlgorithm:2170 - Locking FIL-USDT.
2021-08-06 02:40:11.069 | DEBUG    | BL.bot.SwT:runTradingAlgorithm:2271 - Unlocking FIL-USDT.
2021-08-06 02:40:11.070 | DEBUG    | BL.bot.SwT:runTradingAlgorithm:2170 - Locking USDC-USDT.
2021-08-06 02:40:11.076 | DEBUG    | BL.bot.SwT:runTradingAlgorithm:2271 - Unlocking USDC-USDT.
2021-08-06 02:40:11.077 | DEBUG    | BL.bot.SwT:runTradingAlgorithm:2170 - Locking GBYTE-BTC.
2021-08-06 02:40:11.082 | DEBUG    | BL.bot.SwT:runTradingAlgorithm:2271 - Unlocking GBYTE-BTC.
2021-08-06 02:40:11.083 | DEBUG    | BL.bot.SwT:runTradingAlgorithm:2170 - Locking STRAX-BTC.
2021-08-06 02:40:11.088 | DEBUG    | BL.bot.SwT:runTradingAlgorithm:2271 - Unlocking STRAX-BTC.
2021-08-06 02:40:11.089 | DEBUG    | BL.bot.SwT:runTradingAlgorithm:2170 - Locking SBD-BTC.
2021-08-06 02:40:11.095 | DEBUG    | BL.bot.SwT:runTradingAlgorithm:2271 - Unlocking SBD-BTC.
2021-08-06 02:40:11.096 | DEBUG    | BL.bot.SwT:runTradingAlgorithm:2170 - Locking DAI-BTC.
2021-08-06 02:40:11.101 | DEBUG    | BL.bot.SwT:runTradingAlgorithm:2271 - Unlocking DAI-BTC.
2021-08-06 02:40:11.102 | DEBUG    | BL.bot.SwT:runTradingAlgorithm:2170 - Locking PPC-BTC.
2021-08-06 02:40:11.109 | DEBUG    | BL.bot.SwT:runTradingAlgorithm:2271 - Unlocking PPC-BTC.
2021-08-06 02:40:11.110 | DEBUG    | BL.bot.SwT:runTradingAlgorithm:2170 - Locking WAVES-BTC.
2021-08-06 02:40:11.115 | DEBUG    | BL.bot.SwT:runTradingAlgorithm:2271 - Unlocking WAVES-BTC.
2021-08-06 02:40:11.116 | DEBUG    | BL.bot.SwT:runTradingAlgorithm:2170 - Locking MONA-BTC.
2021-08-06 02:40:11.122 | DEBUG    | BL.bot.SwT:runTradingAlgorithm:2271 - Unlocking MONA-BTC.
2021-08-06 02:40:11.124 | DEBUG    | BL.bot.SwT:runTradingAlgorithm:2170 - Locking BAL-USDT.
2021-08-06 02:40:11.129 | DEBUG    | BL.bot.SwT:runTradingAlgorithm:2271 - Unlocking BAL-USDT.
2021-08-06 02:40:11.131 | DEBUG    | BL.bot.SwT:runTradingAlgorithm:2170 - Locking CVC-BTC.
2021-08-06 02:40:11.137 | DEBUG    | BL.bot.SwT:runTradingAlgorithm:2271 - Unlocking CVC-BTC.
2021-08-06 02:40:11.141 | DEBUG    | BL.bot.SwT:runTradingAlgorithm:2170 - Locking USDN-BTC.
2021-08-06 02:40:11.147 | DEBUG    | BL.bot.SwT:runTradingAlgorithm:2271 - Unlocking USDN-BTC.
2021-08-06 02:40:11.149 | DEBUG    | BL.bot.SwT:runTradingAlgorithm:2170 - Locking USDN-USDT.
2021-08-06 02:40:11.162 | DEBUG    | BL.bot.SwT:runTradingAlgorithm:2271 - Unlocking USDN-USDT.
2021-08-06 02:40:11.163 | DEBUG    | BL.bot.SwT:runTradingAlgorithm:2170 - Locking TUSD-USDT.
2021-08-06 02:40:11.175 | DEBUG    | BL.bot.SwT:runTradingAlgorithm:2271 - Unlocking TUSD-USDT.
2021-08-06 02:40:11.176 | DEBUG    | BL.bot.SwT:runTradingAlgorithm:2170 - Locking LRC-BTC.
2021-08-06 02:40:11.181 | DEBUG    | BL.bot.SwT:runTradingAlgorithm:2271 - Unlocking LRC-BTC.
2021-08-06 02:40:11.341 | DEBUG    | BL.bot.SwT:runTradingAlgorithm:2170 - Locking USDS-BTC.
2021-08-06 02:40:11.347 | DEBUG    | BL.bot.SwT:runTradingAlgorithm:2271 - Unlocking USDS-BTC.
2021-08-06 02:40:17.469 | DEBUG    | BL.bot.SwT:runTradingAlgorithm:2170 - Locking ADA-BTC.
2021-08-06 02:40:17.475 | DEBUG    | BL.bot.SwT:runTradingAlgorithm:2271 - Unlocking ADA-BTC.
2021-08-06 02:40:25.584 | DEBUG    | BL.bot.SwT:runTradingAlgorithm:2170 - Locking ADA-USDT.
2021-08-06 02:40:25.590 | DEBUG    | BL.bot.SwT:runTradingAlgorithm:2271 - Unlocking ADA-USDT.
2021-08-06 02:40:28.850 | DEBUG    | BL.bot.SwT:runTradingAlgorithm:2170 - Locking ADA-BTC.
2021-08-06 02:40:28.855 | DEBUG    | BL.bot.SwT:runTradingAlgorithm:2271 - Unlocking ADA-BTC.
2021-08-06 02:40:34.582 | DEBUG    | BL.bot.SwT:runTradingAlgorithm:2170 - Locking ADA-BTC.
2021-08-06 02:40:34.588 | DEBUG    | BL.bot.SwT:runTradingAlgorithm:2271 - Unlocking ADA-BTC.
2021-08-06 02:40:42.581 | DEBUG    | BL.bot.SwT:runTradingAlgorithm:2170 - Locking ADA-BTC.
2021-08-06 02:40:42.587 | DEBUG    | BL.bot.SwT:runTradingAlgorithm:2271 - Unlocking ADA-BTC.
2021-08-06 02:40:45.657 | DEBUG    | BL.bot.SwT:runTradingAlgorithm:2170 - Locking ADA-BTC.
2021-08-06 02:40:45.663 | DEBUG    | BL.bot.SwT:runTradingAlgorithm:2271 - Unlocking ADA-BTC.
2021-08-06 02:40:47.757 | DEBUG    | BL.bot.SwT:runTradingAlgorithm:2170 - Locking ADA-BTC.
2021-08-06 02:40:47.763 | DEBUG    | BL.bot.SwT:runTradingAlgorithm:2271 - Unlocking ADA-BTC.
2021-08-06 02:40:59.785 | DEBUG    | BL.bot.SwT:runTradingAlgorithm:2170 - Locking ADA-BTC.
2021-08-06 02:40:59.791 | DEBUG    | BL.bot.SwT:runTradingAlgorithm:2271 - Unlocking ADA-BTC.
2021-08-06 02:41:27.294 | DEBUG    | BL.bot.SwT:runTradingAlgorithm:2170 - Locking ADA-BTC.
2021-08-06 02:41:27.300 | DEBUG    | BL.bot.SwT:runTradingAlgorithm:2271 - Unlocking ADA-BTC.
2021-08-06 02:41:33.251 | DEBUG    | BL.bot.SwT:runTradingAlgorithm:2170 - Locking TRX-USDT.
2021-08-06 02:41:33.256 | DEBUG    | BL.bot.SwT:runTradingAlgorithm:2271 - Unlocking TRX-USDT.
2021-08-06 02:41:59.432 | DEBUG    | BL.bot.SwT:runTradingAlgorithm:2170 - Locking WAVES-BTC.
2021-08-06 02:41:59.439 | DEBUG    | BL.bot.SwT:runTradingAlgorithm:2271 - Unlocking WAVES-BTC.
2021-08-06 02:42:29.041 | DEBUG    | BL.bot.SwT:runTradingAlgorithm:2170 - Locking ADA-BTC.
2021-08-06 02:42:29.047 | DEBUG    | BL.bot.SwT:runTradingAlgorithm:2271 - Unlocking ADA-BTC.
2021-08-06 02:42:47.037 | DEBUG    | BL.bot.SwT:runTradingAlgorithm:2170 - Locking IOTA-BTC.
2021-08-06 02:42:47.044 | DEBUG    | BL.bot.SwT:runTradingAlgorithm:2271 - Unlocking IOTA-BTC.
2021-08-06 02:42:48.062 | DEBUG    | BL.bot.SwT:runTradingAlgorithm:2170 - Locking IOTA-BTC.
2021-08-06 02:42:48.068 | DEBUG    | BL.bot.SwT:runTradingAlgorithm:2271 - Unlocking IOTA-BTC.
2021-08-06 02:42:56.032 | DEBUG    | BL.bot.SwT:runTradingAlgorithm:2170 - Locking SOLVE-USDT.
2021-08-06 02:42:56.038 | DEBUG    | BL.bot.SwT:runTradingAlgorithm:2271 - Unlocking SOLVE-USDT.
2021-08-06 02:42:57.021 | DEBUG    | BL.bot.SwT:runTradingAlgorithm:2170 - Locking TRX-BTC.
2021-08-06 02:42:57.028 | DEBUG    | BL.bot.SwT:runTradingAlgorithm:2271 - Unlocking TRX-BTC.
2021-08-06 02:43:36.472 | DEBUG    | BL.bot.SwT:runTradingAlgorithm:2170 - Locking BAL-USDT.
2021-08-06 02:43:36.478 | DEBUG    | BL.bot.SwT:runTradingAlgorithm:2271 - Unlocking BAL-USDT.
2021-08-06 02:44:05.469 | DEBUG    | BL.bot.SwT:runTradingAlgorithm:2170 - Locking IOTA-BTC.
2021-08-06 02:44:05.476 | DEBUG    | BL.bot.SwT:runTradingAlgorithm:2271 - Unlocking IOTA-BTC.
2021-08-06 02:44:14.837 | DEBUG    | BL.bot.SwT:runTradingAlgorithm:2170 - Locking SOLVE-BTC.
2021-08-06 02:44:14.843 | DEBUG    | BL.bot.SwT:runTradingAlgorithm:2271 - Unlocking SOLVE-BTC.
2021-08-06 02:45:00.087 | DEBUG    | BL.bot.SwT:runTradingAlgorithm:2170 - Locking XLM-BTC.
2021-08-06 02:45:00.093 | DEBUG    | BL.bot.SwT:runTradingAlgorithm:2271 - Unlocking XLM-BTC.
2021-08-06 02:45:07.074 | DEBUG    | BL.bot.SwT:runTradingAlgorithm:2170 - Locking ADA-USDT.
2021-08-06 02:45:07.080 | DEBUG    | BL.bot.SwT:runTradingAlgorithm:2271 - Unlocking ADA-USDT.
2021-08-06 02:45:10.126 | DEBUG    | BL.bot.SwT:runTradingAlgorithm:2170 - Locking ADA-BTC.
2021-08-06 02:45:10.132 | DEBUG    | BL.bot.SwT:runTradingAlgorithm:2271 - Unlocking ADA-BTC.
2021-08-06 02:45:10.136 | DEBUG    | BL.bot.SwT:runTradingAlgorithm:2170 - Locking ADA-USDT.
2021-08-06 02:45:10.142 | DEBUG    | BL.bot.SwT:runTradingAlgorithm:2271 - Unlocking ADA-USDT.
2021-08-06 02:45:10.143 | DEBUG    | BL.bot.SwT:runTradingAlgorithm:2170 - Locking TRX-USDT.
2021-08-06 02:45:10.149 | DEBUG    | BL.bot.SwT:runTradingAlgorithm:2271 - Unlocking TRX-USDT.
2021-08-06 02:45:10.150 | DEBUG    | BL.bot.SwT:runTradingAlgorithm:2170 - Locking ENJ-BTC.
2021-08-06 02:45:10.155 | DEBUG    | BL.bot.SwT:runTradingAlgorithm:2271 - Unlocking ENJ-BTC.
2021-08-06 02:45:10.156 | DEBUG    | BL.bot.SwT:runTradingAlgorithm:2170 - Locking IOTA-BTC.
2021-08-06 02:45:10.161 | DEBUG    | BL.bot.SwT:runTradingAlgorithm:2271 - Unlocking IOTA-BTC.
2021-08-06 02:45:10.163 | DEBUG    | BL.bot.SwT:runTradingAlgorithm:2170 - Locking DOGE-BTC.
2021-08-06 02:45:10.168 | DEBUG    | BL.bot.SwT:runTradingAlgorithm:2271 - Unlocking DOGE-BTC.
2021-08-06 02:45:10.170 | DEBUG    | BL.bot.SwT:runTradingAlgorithm:2170 - Locking LTC-USDT.
2021-08-06 02:45:10.175 | DEBUG    | BL.bot.SwT:runTradingAlgorithm:2271 - Unlocking LTC-USDT.
2021-08-06 02:45:10.178 | DEBUG    | BL.bot.SwT:runTradingAlgorithm:2170 - Locking TUSD-BTC.
2021-08-06 02:45:10.183 | DEBUG    | BL.bot.SwT:runTradingAlgorithm:2271 - Unlocking TUSD-BTC.
2021-08-06 02:45:10.185 | DEBUG    | BL.bot.SwT:runTradingAlgorithm:2170 - Locking GAME-USDT.
2021-08-06 02:45:10.190 | DEBUG    | BL.bot.SwT:runTradingAlgorithm:2271 - Unlocking GAME-USDT.
2021-08-06 02:45:10.191 | DEBUG    | BL.bot.SwT:runTradingAlgorithm:2170 - Locking DOGE-USDT.
2021-08-06 02:45:10.197 | DEBUG    | BL.bot.SwT:runTradingAlgorithm:2271 - Unlocking DOGE-USDT.
2021-08-06 02:45:10.198 | DEBUG    | BL.bot.SwT:runTradingAlgorithm:2170 - Locking WAXP-USDT.
2021-08-06 02:45:10.203 | DEBUG    | BL.bot.SwT:runTradingAlgorithm:2271 - Unlocking WAXP-USDT.
2021-08-06 02:45:10.205 | DEBUG    | BL.bot.SwT:runTradingAlgorithm:2170 - Locking ZRX-USDT.
2021-08-06 02:45:10.211 | DEBUG    | BL.bot.SwT:runTradingAlgorithm:2271 - Unlocking ZRX-USDT.
2021-08-06 02:45:10.212 | DEBUG    | BL.bot.SwT:runTradingAlgorithm:2170 - Locking USDC-BTC.
2021-08-06 02:45:10.217 | DEBUG    | BL.bot.SwT:runTradingAlgorithm:2271 - Unlocking USDC-BTC.
2021-08-06 02:45:10.218 | DEBUG    | BL.bot.SwT:runTradingAlgorithm:2170 - Locking SOLVE-BTC.
2021-08-06 02:45:10.223 | DEBUG    | BL.bot.SwT:runTradingAlgorithm:2271 - Unlocking SOLVE-BTC.
2021-08-06 02:45:10.224 | DEBUG    | BL.bot.SwT:runTradingAlgorithm:2170 - Locking REN-BTC.
2021-08-06 02:45:10.230 | DEBUG    | BL.bot.SwT:runTradingAlgorithm:2271 - Unlocking REN-BTC.
2021-08-06 02:45:10.231 | DEBUG    | BL.bot.SwT:runTradingAlgorithm:2170 - Locking NMR-USDT.
2021-08-06 02:45:10.237 | DEBUG    | BL.bot.SwT:runTradingAlgorithm:2271 - Unlocking NMR-USDT.
2021-08-06 02:45:10.238 | DEBUG    | BL.bot.SwT:runTradingAlgorithm:2170 - Locking CELO-BTC.
2021-08-06 02:45:10.245 | DEBUG    | BL.bot.SwT:runTradingAlgorithm:2271 - Unlocking CELO-BTC.
2021-08-06 02:45:10.246 | DEBUG    | BL.bot.SwT:runTradingAlgorithm:2170 - Locking MATIC-BTC.
2021-08-06 02:45:10.251 | DEBUG    | BL.bot.SwT:runTradingAlgorithm:2271 - Unlocking MATIC-BTC.
2021-08-06 02:45:10.252 | DEBUG    | BL.bot.SwT:runTradingAlgorithm:2170 - Locking SOLVE-USDT.
2021-08-06 02:45:10.257 | DEBUG    | BL.bot.SwT:runTradingAlgorithm:2271 - Unlocking SOLVE-USDT.
2021-08-06 02:45:10.258 | DEBUG    | BL.bot.SwT:runTradingAlgorithm:2170 - Locking XEM-USDT.
2021-08-06 02:45:10.264 | DEBUG    | BL.bot.SwT:runTradingAlgorithm:2271 - Unlocking XEM-USDT.
2021-08-06 02:45:10.265 | DEBUG    | BL.bot.SwT:runTradingAlgorithm:2170 - Locking TRX-BTC.
2021-08-06 02:45:10.271 | DEBUG    | BL.bot.SwT:runTradingAlgorithm:2271 - Unlocking TRX-BTC.
2021-08-06 02:45:10.272 | DEBUG    | BL.bot.SwT:runTradingAlgorithm:2170 - Locking XLM-USDT.
2021-08-06 02:45:10.277 | DEBUG    | BL.bot.SwT:runTradingAlgorithm:2271 - Unlocking XLM-USDT.
2021-08-06 02:45:10.278 | DEBUG    | BL.bot.SwT:runTradingAlgorithm:2170 - Locking BAT-USDT.
2021-08-06 02:45:10.283 | DEBUG    | BL.bot.SwT:runTradingAlgorithm:2271 - Unlocking BAT-USDT.
2021-08-06 02:45:10.285 | DEBUG    | BL.bot.SwT:runTradingAlgorithm:2170 - Locking XLM-BTC.
2021-08-06 02:45:10.291 | DEBUG    | BL.bot.SwT:runTradingAlgorithm:2271 - Unlocking XLM-BTC.
2021-08-06 02:45:10.292 | DEBUG    | BL.bot.SwT:runTradingAlgorithm:2170 - Locking MATIC-USDT.
2021-08-06 02:45:10.297 | DEBUG    | BL.bot.SwT:runTradingAlgorithm:2271 - Unlocking MATIC-USDT.
2021-08-06 02:45:10.298 | DEBUG    | BL.bot.SwT:runTradingAlgorithm:2170 - Locking NMR-BTC.
2021-08-06 02:45:10.305 | DEBUG    | BL.bot.SwT:runTradingAlgorithm:2271 - Unlocking NMR-BTC.
2021-08-06 02:45:10.306 | DEBUG    | BL.bot.SwT:runTradingAlgorithm:2170 - Locking PINK-BTC.
2021-08-06 02:45:10.311 | DEBUG    | BL.bot.SwT:runTradingAlgorithm:2271 - Unlocking PINK-BTC.
2021-08-06 02:45:10.312 | DEBUG    | BL.bot.SwT:runTradingAlgorithm:2170 - Locking ARK-BTC.
2021-08-06 02:45:10.317 | DEBUG    | BL.bot.SwT:runTradingAlgorithm:2271 - Unlocking ARK-BTC.
2021-08-06 02:45:10.319 | DEBUG    | BL.bot.SwT:runTradingAlgorithm:2170 - Locking NAV-BTC.
2021-08-06 02:45:10.324 | DEBUG    | BL.bot.SwT:runTradingAlgorithm:2271 - Unlocking NAV-BTC.
2021-08-06 02:45:10.326 | DEBUG    | BL.bot.SwT:runTradingAlgorithm:2170 - Locking XTZ-USDT.
2021-08-06 02:45:10.332 | DEBUG    | BL.bot.SwT:runTradingAlgorithm:2271 - Unlocking XTZ-USDT.
2021-08-06 02:45:10.334 | DEBUG    | BL.bot.SwT:runTradingAlgorithm:2170 - Locking ONG-BTC.
2021-08-06 02:45:10.339 | DEBUG    | BL.bot.SwT:runTradingAlgorithm:2271 - Unlocking ONG-BTC.
2021-08-06 02:45:10.340 | DEBUG    | BL.bot.SwT:runTradingAlgorithm:2170 - Locking DCR-USDT.
2021-08-06 02:45:10.345 | DEBUG    | BL.bot.SwT:runTradingAlgorithm:2271 - Unlocking DCR-USDT.
2021-08-06 02:45:10.346 | DEBUG    | BL.bot.SwT:runTradingAlgorithm:2170 - Locking WAVES-USDT.
2021-08-06 02:45:10.351 | DEBUG    | BL.bot.SwT:runTradingAlgorithm:2271 - Unlocking WAVES-USDT.
2021-08-06 02:45:10.352 | DEBUG    | BL.bot.SwT:runTradingAlgorithm:2170 - Locking CELO-USDT.
2021-08-06 02:45:10.358 | DEBUG    | BL.bot.SwT:runTradingAlgorithm:2271 - Unlocking CELO-USDT.
2021-08-06 02:45:10.359 | DEBUG    | BL.bot.SwT:runTradingAlgorithm:2170 - Locking FIL-USDT.
2021-08-06 02:45:10.365 | DEBUG    | BL.bot.SwT:runTradingAlgorithm:2271 - Unlocking FIL-USDT.
2021-08-06 02:45:10.366 | DEBUG    | BL.bot.SwT:runTradingAlgorithm:2170 - Locking USDC-USDT.
2021-08-06 02:45:10.371 | DEBUG    | BL.bot.SwT:runTradingAlgorithm:2271 - Unlocking USDC-USDT.
2021-08-06 02:45:10.372 | DEBUG    | BL.bot.SwT:runTradingAlgorithm:2170 - Locking GBYTE-BTC.
2021-08-06 02:45:10.377 | DEBUG    | BL.bot.SwT:runTradingAlgorithm:2271 - Unlocking GBYTE-BTC.
2021-08-06 02:45:10.379 | DEBUG    | BL.bot.SwT:runTradingAlgorithm:2170 - Locking SBD-BTC.
2021-08-06 02:45:10.385 | DEBUG    | BL.bot.SwT:runTradingAlgorithm:2271 - Unlocking SBD-BTC.
2021-08-06 02:45:10.389 | DEBUG    | BL.bot.SwT:runTradingAlgorithm:2170 - Locking STRAX-BTC.
2021-08-06 02:45:10.395 | DEBUG    | BL.bot.SwT:runTradingAlgorithm:2271 - Unlocking STRAX-BTC.
2021-08-06 02:45:10.396 | DEBUG    | BL.bot.SwT:runTradingAlgorithm:2170 - Locking DAI-BTC.
2021-08-06 02:45:10.401 | DEBUG    | BL.bot.SwT:runTradingAlgorithm:2271 - Unlocking DAI-BTC.
2021-08-06 02:45:10.402 | DEBUG    | BL.bot.SwT:runTradingAlgorithm:2170 - Locking PPC-BTC.
2021-08-06 02:45:10.407 | DEBUG    | BL.bot.SwT:runTradingAlgorithm:2271 - Unlocking PPC-BTC.
2021-08-06 02:45:10.408 | DEBUG    | BL.bot.SwT:runTradingAlgorithm:2170 - Locking CVC-BTC.
2021-08-06 02:45:10.415 | DEBUG    | BL.bot.SwT:runTradingAlgorithm:2271 - Unlocking CVC-BTC.
2021-08-06 02:45:10.416 | DEBUG    | BL.bot.SwT:runTradingAlgorithm:2170 - Locking WAVES-BTC.
2021-08-06 02:45:10.422 | DEBUG    | BL.bot.SwT:runTradingAlgorithm:2271 - Unlocking WAVES-BTC.
2021-08-06 02:45:10.427 | DEBUG    | BL.bot.SwT:runTradingAlgorithm:2170 - Locking MONA-BTC.
2021-08-06 02:45:10.432 | DEBUG    | BL.bot.SwT:runTradingAlgorithm:2271 - Unlocking MONA-BTC.
2021-08-06 02:45:10.467 | DEBUG    | BL.bot.SwT:runTradingAlgorithm:2170 - Locking BAL-USDT.
2021-08-06 02:45:10.474 | DEBUG    | BL.bot.SwT:runTradingAlgorithm:2271 - Unlocking BAL-USDT.
2021-08-06 02:45:10.694 | DEBUG    | BL.bot.SwT:runTradingAlgorithm:2170 - Locking LRC-BTC.
2021-08-06 02:45:10.700 | DEBUG    | BL.bot.SwT:runTradingAlgorithm:2271 - Unlocking LRC-BTC.
2021-08-06 02:45:10.735 | DEBUG    | BL.bot.SwT:runTradingAlgorithm:2170 - Locking USDN-BTC.
2021-08-06 02:45:10.741 | DEBUG    | BL.bot.SwT:runTradingAlgorithm:2271 - Unlocking USDN-BTC.
2021-08-06 02:45:10.742 | DEBUG    | BL.bot.SwT:runTradingAlgorithm:2170 - Locking USDN-USDT.
2021-08-06 02:45:10.747 | DEBUG    | BL.bot.SwT:runTradingAlgorithm:2271 - Unlocking USDN-USDT.
2021-08-06 02:45:10.785 | DEBUG    | BL.bot.SwT:runTradingAlgorithm:2170 - Locking TUSD-USDT.
2021-08-06 02:45:10.790 | DEBUG    | BL.bot.SwT:runTradingAlgorithm:2271 - Unlocking TUSD-USDT.
2021-08-06 02:45:10.925 | DEBUG    | BL.bot.SwT:runTradingAlgorithm:2170 - Locking USDS-BTC.
2021-08-06 02:45:10.931 | DEBUG    | BL.bot.SwT:runTradingAlgorithm:2271 - Unlocking USDS-BTC.
2021-08-06 02:45:26.562 | DEBUG    | BL.bot.SwT:runTradingAlgorithm:2170 - Locking TRX-USDT.
2021-08-06 02:45:26.568 | DEBUG    | BL.bot.SwT:runTradingAlgorithm:2271 - Unlocking TRX-USDT.
2021-08-06 02:45:34.599 | DEBUG    | BL.bot.SwT:runTradingAlgorithm:2170 - Locking TRX-USDT.
2021-08-06 02:45:34.605 | DEBUG    | BL.bot.SwT:runTradingAlgorithm:2271 - Unlocking TRX-USDT.
2021-08-06 02:45:58.772 | DEBUG    | BL.bot.SwT:runTradingAlgorithm:2170 - Locking CVC-BTC.
2021-08-06 02:45:58.778 | DEBUG    | BL.bot.SwT:runTradingAlgorithm:2271 - Unlocking CVC-BTC.
2021-08-06 02:46:09.975 | DEBUG    | BL.bot.SwT:runTradingAlgorithm:2170 - Locking DOGE-USDT.
2021-08-06 02:46:09.981 | DEBUG    | BL.bot.SwT:runTradingAlgorithm:2271 - Unlocking DOGE-USDT.
2021-08-06 02:46:12.537 | DEBUG    | BL.bot.SwT:runTradingAlgorithm:2170 - Locking PPC-BTC.
2021-08-06 02:46:12.543 | DEBUG    | BL.bot.SwT:runTradingAlgorithm:2271 - Unlocking PPC-BTC.
2021-08-06 02:46:21.540 | DEBUG    | BL.bot.SwT:runTradingAlgorithm:2170 - Locking TRX-BTC.
2021-08-06 02:46:21.546 | DEBUG    | BL.bot.SwT:runTradingAlgorithm:2271 - Unlocking TRX-BTC.
2021-08-06 02:46:23.349 | DEBUG    | BL.bot.SwT:runTradingAlgorithm:2170 - Locking TRX-BTC.
2021-08-06 02:46:23.355 | DEBUG    | BL.bot.SwT:runTradingAlgorithm:2271 - Unlocking TRX-BTC.
2021-08-06 02:46:23.356 | DEBUG    | BL.bot.SwT:runTradingAlgorithm:2170 - Locking TRX-USDT.
2021-08-06 02:46:23.361 | DEBUG    | BL.bot.SwT:runTradingAlgorithm:2271 - Unlocking TRX-USDT.
2021-08-06 02:46:34.395 | DEBUG    | BL.bot.SwT:runTradingAlgorithm:2170 - Locking BAT-USDT.
2021-08-06 02:46:34.401 | DEBUG    | BL.bot.SwT:runTradingAlgorithm:2271 - Unlocking BAT-USDT.
2021-08-06 02:46:38.435 | DEBUG    | BL.bot.SwT:runTradingAlgorithm:2170 - Locking STRAX-BTC.
2021-08-06 02:46:38.441 | DEBUG    | BL.bot.SwT:runTradingAlgorithm:2271 - Unlocking STRAX-BTC.
2021-08-06 02:47:20.205 | DEBUG    | BL.bot.SwT:runTradingAlgorithm:2170 - Locking TRX-USDT.
2021-08-06 02:47:20.210 | DEBUG    | BL.bot.SwT:runTradingAlgorithm:2271 - Unlocking TRX-USDT.
2021-08-06 02:47:29.365 | DEBUG    | BL.bot.SwT:runTradingAlgorithm:2170 - Locking IOTA-BTC.
2021-08-06 02:47:29.371 | DEBUG    | BL.bot.SwT:runTradingAlgorithm:2271 - Unlocking IOTA-BTC.
2021-08-06 02:47:32.380 | DEBUG    | BL.bot.SwT:runTradingAlgorithm:2170 - Locking IOTA-BTC.
2021-08-06 02:47:32.387 | DEBUG    | BL.bot.SwT:runTradingAlgorithm:2271 - Unlocking IOTA-BTC.
2021-08-06 02:47:35.309 | DEBUG    | BL.bot.SwT:runTradingAlgorithm:2170 - Locking IOTA-BTC.
2021-08-06 02:47:35.315 | DEBUG    | BL.bot.SwT:runTradingAlgorithm:2271 - Unlocking IOTA-BTC.
2021-08-06 02:47:38.589 | DEBUG    | BL.bot.SwT:runTradingAlgorithm:2170 - Locking IOTA-BTC.
2021-08-06 02:47:38.595 | DEBUG    | BL.bot.SwT:runTradingAlgorithm:2271 - Unlocking IOTA-BTC.
2021-08-06 02:47:41.305 | DEBUG    | BL.bot.SwT:runTradingAlgorithm:2170 - Locking IOTA-BTC.
2021-08-06 02:47:41.311 | DEBUG    | BL.bot.SwT:runTradingAlgorithm:2271 - Unlocking IOTA-BTC.
2021-08-06 02:47:49.353 | DEBUG    | BL.bot.SwT:runTradingAlgorithm:2170 - Locking WAXP-USDT.
2021-08-06 02:47:49.359 | DEBUG    | BL.bot.SwT:runTradingAlgorithm:2271 - Unlocking WAXP-USDT.
2021-08-06 02:47:50.405 | DEBUG    | BL.bot.SwT:runTradingAlgorithm:2170 - Locking ADA-USDT.
2021-08-06 02:47:50.412 | DEBUG    | BL.bot.SwT:runTradingAlgorithm:2271 - Unlocking ADA-USDT.
2021-08-06 02:47:50.413 | DEBUG    | BL.bot.SwT:runTradingAlgorithm:2170 - Locking ADA-BTC.
2021-08-06 02:47:50.418 | DEBUG    | BL.bot.SwT:runTradingAlgorithm:2271 - Unlocking ADA-BTC.
2021-08-06 02:47:51.487 | DEBUG    | BL.bot.SwT:runTradingAlgorithm:2170 - Locking ADA-USDT.
2021-08-06 02:47:51.494 | DEBUG    | BL.bot.SwT:runTradingAlgorithm:2271 - Unlocking ADA-USDT.
2021-08-06 02:48:12.994 | DEBUG    | BL.bot.SwT:runTradingAlgorithm:2170 - Locking WAXP-USDT.
2021-08-06 02:48:13.000 | DEBUG    | BL.bot.SwT:runTradingAlgorithm:2271 - Unlocking WAXP-USDT.
2021-08-06 02:48:31.224 | DEBUG    | BL.bot.SwT:runTradingAlgorithm:2170 - Locking BAT-USDT.
2021-08-06 02:48:31.230 | DEBUG    | BL.bot.SwT:runTradingAlgorithm:2271 - Unlocking BAT-USDT.
2021-08-06 02:48:33.079 | DEBUG    | BL.bot.SwT:runTradingAlgorithm:2170 - Locking SOLVE-BTC.
2021-08-06 02:48:33.085 | DEBUG    | BL.bot.SwT:runTradingAlgorithm:2271 - Unlocking SOLVE-BTC.
2021-08-06 02:48:39.220 | DEBUG    | BL.bot.SwT:runTradingAlgorithm:2170 - Locking DOGE-BTC.
2021-08-06 02:48:39.225 | DEBUG    | BL.bot.SwT:runTradingAlgorithm:2271 - Unlocking DOGE-BTC.
2021-08-06 02:48:41.592 | DEBUG    | BL.bot.SwT:runTradingAlgorithm:2170 - Locking WAXP-USDT.
2021-08-06 02:48:41.598 | DEBUG    | BL.bot.SwT:runTradingAlgorithm:2271 - Unlocking WAXP-USDT.
2021-08-06 02:48:44.302 | DEBUG    | BL.bot.SwT:runTradingAlgorithm:2170 - Locking WAXP-USDT.
2021-08-06 02:48:44.308 | DEBUG    | BL.bot.SwT:runTradingAlgorithm:2271 - Unlocking WAXP-USDT.
2021-08-06 02:48:47.367 | DEBUG    | BL.bot.SwT:runTradingAlgorithm:2170 - Locking ADA-BTC.
2021-08-06 02:48:47.374 | DEBUG    | BL.bot.SwT:runTradingAlgorithm:2271 - Unlocking ADA-BTC.
2021-08-06 02:49:26.374 | DEBUG    | BL.bot.SwT:runTradingAlgorithm:2170 - Locking GBYTE-BTC.
2021-08-06 02:49:26.382 | DEBUG    | BL.bot.SwT:runTradingAlgorithm:2271 - Unlocking GBYTE-BTC.
2021-08-06 02:49:49.434 | DEBUG    | BL.bot.SwT:runTradingAlgorithm:2170 - Locking USDC-USDT.
2021-08-06 02:49:49.445 | DEBUG    | BL.bot.SwT:runTradingAlgorithm:2271 - Unlocking USDC-USDT.
2021-08-06 02:49:50.407 | DEBUG    | BL.bot.SwT:runTradingAlgorithm:2170 - Locking USDC-USDT.
2021-08-06 02:49:50.412 | DEBUG    | BL.bot.SwT:runTradingAlgorithm:2271 - Unlocking USDC-USDT.
2021-08-06 02:50:00.438 | DEBUG    | BL.bot.SwT:runTradingAlgorithm:2170 - Locking ADA-BTC.
2021-08-06 02:50:00.444 | DEBUG    | BL.bot.SwT:runTradingAlgorithm:2271 - Unlocking ADA-BTC.
2021-08-06 02:50:02.417 | DEBUG    | BL.bot.SwT:runTradingAlgorithm:2170 - Locking ENJ-BTC.
2021-08-06 02:50:02.423 | DEBUG    | BL.bot.SwT:runTradingAlgorithm:2271 - Unlocking ENJ-BTC.
2021-08-06 02:50:12.089 | DEBUG    | BL.bot.SwT:runTradingAlgorithm:2170 - Locking ADA-BTC.
2021-08-06 02:50:12.094 | DEBUG    | BL.bot.SwT:runTradingAlgorithm:2271 - Unlocking ADA-BTC.
2021-08-06 02:50:12.095 | DEBUG    | BL.bot.SwT:runTradingAlgorithm:2170 - Locking ADA-USDT.
2021-08-06 02:50:12.100 | DEBUG    | BL.bot.SwT:runTradingAlgorithm:2271 - Unlocking ADA-USDT.
2021-08-06 02:50:12.101 | DEBUG    | BL.bot.SwT:runTradingAlgorithm:2170 - Locking ENJ-BTC.
2021-08-06 02:50:12.106 | DEBUG    | BL.bot.SwT:runTradingAlgorithm:2271 - Unlocking ENJ-BTC.
2021-08-06 02:50:12.107 | DEBUG    | BL.bot.SwT:runTradingAlgorithm:2170 - Locking TRX-USDT.
2021-08-06 02:50:12.114 | DEBUG    | BL.bot.SwT:runTradingAlgorithm:2271 - Unlocking TRX-USDT.
2021-08-06 02:50:12.115 | DEBUG    | BL.bot.SwT:runTradingAlgorithm:2170 - Locking DOGE-BTC.
2021-08-06 02:50:12.121 | DEBUG    | BL.bot.SwT:runTradingAlgorithm:2271 - Unlocking DOGE-BTC.
2021-08-06 02:50:12.121 | DEBUG    | BL.bot.SwT:runTradingAlgorithm:2170 - Locking LTC-USDT.
2021-08-06 02:50:12.127 | DEBUG    | BL.bot.SwT:runTradingAlgorithm:2271 - Unlocking LTC-USDT.
2021-08-06 02:50:12.128 | DEBUG    | BL.bot.SwT:runTradingAlgorithm:2170 - Locking IOTA-BTC.
2021-08-06 02:50:12.133 | DEBUG    | BL.bot.SwT:runTradingAlgorithm:2271 - Unlocking IOTA-BTC.
2021-08-06 02:50:12.134 | DEBUG    | BL.bot.SwT:runTradingAlgorithm:2170 - Locking TUSD-BTC.
2021-08-06 02:50:12.140 | DEBUG    | BL.bot.SwT:runTradingAlgorithm:2271 - Unlocking TUSD-BTC.
2021-08-06 02:50:12.142 | DEBUG    | BL.bot.SwT:runTradingAlgorithm:2170 - Locking DOGE-USDT.
2021-08-06 02:50:12.147 | DEBUG    | BL.bot.SwT:runTradingAlgorithm:2271 - Unlocking DOGE-USDT.
2021-08-06 02:50:12.148 | DEBUG    | BL.bot.SwT:runTradingAlgorithm:2170 - Locking GAME-USDT.
2021-08-06 02:50:12.153 | DEBUG    | BL.bot.SwT:runTradingAlgorithm:2271 - Unlocking GAME-USDT.
2021-08-06 02:50:12.155 | DEBUG    | BL.bot.SwT:runTradingAlgorithm:2170 - Locking WAXP-USDT.
2021-08-06 02:50:12.160 | DEBUG    | BL.bot.SwT:runTradingAlgorithm:2271 - Unlocking WAXP-USDT.
2021-08-06 02:50:12.161 | DEBUG    | BL.bot.SwT:runTradingAlgorithm:2170 - Locking ZRX-USDT.
2021-08-06 02:50:12.167 | DEBUG    | BL.bot.SwT:runTradingAlgorithm:2271 - Unlocking ZRX-USDT.
2021-08-06 02:50:12.215 | DEBUG    | BL.bot.SwT:runTradingAlgorithm:2170 - Locking USDC-BTC.
2021-08-06 02:50:12.221 | DEBUG    | BL.bot.SwT:runTradingAlgorithm:2271 - Unlocking USDC-BTC.
2021-08-06 02:50:12.222 | DEBUG    | BL.bot.SwT:runTradingAlgorithm:2170 - Locking SOLVE-BTC.
2021-08-06 02:50:12.228 | DEBUG    | BL.bot.SwT:runTradingAlgorithm:2271 - Unlocking SOLVE-BTC.
2021-08-06 02:50:12.229 | DEBUG    | BL.bot.SwT:runTradingAlgorithm:2170 - Locking REN-BTC.
2021-08-06 02:50:12.235 | DEBUG    | BL.bot.SwT:runTradingAlgorithm:2271 - Unlocking REN-BTC.
2021-08-06 02:50:12.236 | DEBUG    | BL.bot.SwT:runTradingAlgorithm:2170 - Locking XEM-USDT.
2021-08-06 02:50:12.242 | DEBUG    | BL.bot.SwT:runTradingAlgorithm:2271 - Unlocking XEM-USDT.
2021-08-06 02:50:12.243 | DEBUG    | BL.bot.SwT:runTradingAlgorithm:2170 - Locking NMR-USDT.
2021-08-06 02:50:12.248 | DEBUG    | BL.bot.SwT:runTradingAlgorithm:2271 - Unlocking NMR-USDT.
2021-08-06 02:50:12.250 | DEBUG    | BL.bot.SwT:runTradingAlgorithm:2170 - Locking CELO-BTC.
2021-08-06 02:50:12.255 | DEBUG    | BL.bot.SwT:runTradingAlgorithm:2271 - Unlocking CELO-BTC.
2021-08-06 02:50:12.259 | DEBUG    | BL.bot.SwT:runTradingAlgorithm:2170 - Locking MATIC-BTC.
2021-08-06 02:50:12.265 | DEBUG    | BL.bot.SwT:runTradingAlgorithm:2271 - Unlocking MATIC-BTC.
2021-08-06 02:50:12.266 | DEBUG    | BL.bot.SwT:runTradingAlgorithm:2170 - Locking BAT-USDT.
2021-08-06 02:50:12.272 | DEBUG    | BL.bot.SwT:runTradingAlgorithm:2271 - Unlocking BAT-USDT.
2021-08-06 02:50:12.273 | DEBUG    | BL.bot.SwT:runTradingAlgorithm:2170 - Locking XLM-USDT.
2021-08-06 02:50:12.278 | DEBUG    | BL.bot.SwT:runTradingAlgorithm:2271 - Unlocking XLM-USDT.
2021-08-06 02:50:12.344 | DEBUG    | BL.bot.SwT:runTradingAlgorithm:2170 - Locking XLM-BTC.
2021-08-06 02:50:12.350 | DEBUG    | BL.bot.SwT:runTradingAlgorithm:2271 - Unlocking XLM-BTC.
2021-08-06 02:50:12.351 | DEBUG    | BL.bot.SwT:runTradingAlgorithm:2170 - Locking SOLVE-USDT.
2021-08-06 02:50:12.356 | DEBUG    | BL.bot.SwT:runTradingAlgorithm:2271 - Unlocking SOLVE-USDT.
2021-08-06 02:50:12.488 | DEBUG    | BL.bot.SwT:runTradingAlgorithm:2170 - Locking TRX-BTC.
2021-08-06 02:50:12.493 | DEBUG    | BL.bot.SwT:runTradingAlgorithm:2271 - Unlocking TRX-BTC.
2021-08-06 02:50:12.532 | DEBUG    | BL.bot.SwT:runTradingAlgorithm:2170 - Locking NMR-BTC.
2021-08-06 02:50:12.537 | DEBUG    | BL.bot.SwT:runTradingAlgorithm:2271 - Unlocking NMR-BTC.
2021-08-06 02:50:12.538 | DEBUG    | BL.bot.SwT:runTradingAlgorithm:2170 - Locking MATIC-USDT.
2021-08-06 02:50:12.543 | DEBUG    | BL.bot.SwT:runTradingAlgorithm:2271 - Unlocking MATIC-USDT.
2021-08-06 02:50:12.545 | DEBUG    | BL.bot.SwT:runTradingAlgorithm:2170 - Locking PINK-BTC.
2021-08-06 02:50:12.550 | DEBUG    | BL.bot.SwT:runTradingAlgorithm:2271 - Unlocking PINK-BTC.
2021-08-06 02:50:12.552 | DEBUG    | BL.bot.SwT:runTradingAlgorithm:2170 - Locking WAVES-USDT.
2021-08-06 02:50:12.557 | DEBUG    | BL.bot.SwT:runTradingAlgorithm:2271 - Unlocking WAVES-USDT.
2021-08-06 02:50:12.558 | DEBUG    | BL.bot.SwT:runTradingAlgorithm:2170 - Locking XTZ-USDT.
2021-08-06 02:50:12.564 | DEBUG    | BL.bot.SwT:runTradingAlgorithm:2271 - Unlocking XTZ-USDT.
2021-08-06 02:50:12.565 | DEBUG    | BL.bot.SwT:runTradingAlgorithm:2170 - Locking NAV-BTC.
2021-08-06 02:50:12.570 | DEBUG    | BL.bot.SwT:runTradingAlgorithm:2271 - Unlocking NAV-BTC.
2021-08-06 02:50:12.571 | DEBUG    | BL.bot.SwT:runTradingAlgorithm:2170 - Locking ARK-BTC.
2021-08-06 02:50:12.576 | DEBUG    | BL.bot.SwT:runTradingAlgorithm:2271 - Unlocking ARK-BTC.
2021-08-06 02:50:12.579 | DEBUG    | BL.bot.SwT:runTradingAlgorithm:2170 - Locking DCR-USDT.
2021-08-06 02:50:12.585 | DEBUG    | BL.bot.SwT:runTradingAlgorithm:2271 - Unlocking DCR-USDT.
2021-08-06 02:50:12.588 | DEBUG    | BL.bot.SwT:runTradingAlgorithm:2170 - Locking ONG-BTC.
2021-08-06 02:50:12.595 | DEBUG    | BL.bot.SwT:runTradingAlgorithm:2271 - Unlocking ONG-BTC.
2021-08-06 02:50:12.596 | DEBUG    | BL.bot.SwT:runTradingAlgorithm:2170 - Locking CELO-USDT.
2021-08-06 02:50:12.601 | DEBUG    | BL.bot.SwT:runTradingAlgorithm:2271 - Unlocking CELO-USDT.
2021-08-06 02:50:12.602 | DEBUG    | BL.bot.SwT:runTradingAlgorithm:2170 - Locking FIL-USDT.
2021-08-06 02:50:12.607 | DEBUG    | BL.bot.SwT:runTradingAlgorithm:2271 - Unlocking FIL-USDT.
2021-08-06 02:50:12.608 | DEBUG    | BL.bot.SwT:runTradingAlgorithm:2170 - Locking USDC-USDT.
2021-08-06 02:50:12.616 | DEBUG    | BL.bot.SwT:runTradingAlgorithm:2271 - Unlocking USDC-USDT.
2021-08-06 02:50:12.617 | DEBUG    | BL.bot.SwT:runTradingAlgorithm:2170 - Locking STRAX-BTC.
2021-08-06 02:50:12.622 | DEBUG    | BL.bot.SwT:runTradingAlgorithm:2271 - Unlocking STRAX-BTC.
2021-08-06 02:50:12.623 | DEBUG    | BL.bot.SwT:runTradingAlgorithm:2170 - Locking GBYTE-BTC.
2021-08-06 02:50:12.630 | DEBUG    | BL.bot.SwT:runTradingAlgorithm:2271 - Unlocking GBYTE-BTC.
2021-08-06 02:50:12.631 | DEBUG    | BL.bot.SwT:runTradingAlgorithm:2170 - Locking SBD-BTC.
2021-08-06 02:50:12.636 | DEBUG    | BL.bot.SwT:runTradingAlgorithm:2271 - Unlocking SBD-BTC.
2021-08-06 02:50:12.637 | DEBUG    | BL.bot.SwT:runTradingAlgorithm:2170 - Locking DAI-BTC.
2021-08-06 02:50:12.643 | DEBUG    | BL.bot.SwT:runTradingAlgorithm:2271 - Unlocking DAI-BTC.
2021-08-06 02:50:12.644 | DEBUG    | BL.bot.SwT:runTradingAlgorithm:2170 - Locking PPC-BTC.
2021-08-06 02:50:12.650 | DEBUG    | BL.bot.SwT:runTradingAlgorithm:2271 - Unlocking PPC-BTC.
2021-08-06 02:50:12.652 | DEBUG    | BL.bot.SwT:runTradingAlgorithm:2170 - Locking WAVES-BTC.
2021-08-06 02:50:12.657 | DEBUG    | BL.bot.SwT:runTradingAlgorithm:2271 - Unlocking WAVES-BTC.
2021-08-06 02:50:12.658 | DEBUG    | BL.bot.SwT:runTradingAlgorithm:2170 - Locking BAL-USDT.
2021-08-06 02:50:12.664 | DEBUG    | BL.bot.SwT:runTradingAlgorithm:2271 - Unlocking BAL-USDT.
2021-08-06 02:50:12.665 | DEBUG    | BL.bot.SwT:runTradingAlgorithm:2170 - Locking MONA-BTC.
2021-08-06 02:50:12.670 | DEBUG    | BL.bot.SwT:runTradingAlgorithm:2271 - Unlocking MONA-BTC.
2021-08-06 02:50:12.672 | DEBUG    | BL.bot.SwT:runTradingAlgorithm:2170 - Locking CVC-BTC.
2021-08-06 02:50:12.678 | DEBUG    | BL.bot.SwT:runTradingAlgorithm:2271 - Unlocking CVC-BTC.
2021-08-06 02:50:13.189 | DEBUG    | BL.bot.SwT:runTradingAlgorithm:2170 - Locking USDN-BTC.
2021-08-06 02:50:13.195 | DEBUG    | BL.bot.SwT:runTradingAlgorithm:2271 - Unlocking USDN-BTC.
2021-08-06 02:50:13.196 | DEBUG    | BL.bot.SwT:runTradingAlgorithm:2170 - Locking USDN-USDT.
2021-08-06 02:50:13.202 | DEBUG    | BL.bot.SwT:runTradingAlgorithm:2271 - Unlocking USDN-USDT.
2021-08-06 02:50:13.203 | DEBUG    | BL.bot.SwT:runTradingAlgorithm:2170 - Locking TUSD-USDT.
2021-08-06 02:50:13.208 | DEBUG    | BL.bot.SwT:runTradingAlgorithm:2271 - Unlocking TUSD-USDT.
2021-08-06 02:50:13.209 | DEBUG    | BL.bot.SwT:runTradingAlgorithm:2170 - Locking LRC-BTC.
2021-08-06 02:50:13.214 | DEBUG    | BL.bot.SwT:runTradingAlgorithm:2271 - Unlocking LRC-BTC.
2021-08-06 02:50:13.242 | DEBUG    | BL.bot.SwT:runTradingAlgorithm:2170 - Locking USDS-BTC.
2021-08-06 02:50:13.247 | DEBUG    | BL.bot.SwT:runTradingAlgorithm:2271 - Unlocking USDS-BTC.
2021-08-06 02:50:45.236 | DEBUG    | BL.bot.SwT:runTradingAlgorithm:2170 - Locking MATIC-BTC.
2021-08-06 02:50:45.243 | DEBUG    | BL.bot.SwT:runTradingAlgorithm:2271 - Unlocking MATIC-BTC.
2021-08-06 02:50:46.301 | DEBUG    | BL.bot.SwT:runTradingAlgorithm:2170 - Locking XLM-BTC.
2021-08-06 02:50:46.307 | DEBUG    | BL.bot.SwT:runTradingAlgorithm:2271 - Unlocking XLM-BTC.
2021-08-06 02:50:50.103 | DEBUG    | BL.bot.SwT:runTradingAlgorithm:2170 - Locking WAXP-USDT.
2021-08-06 02:50:50.109 | DEBUG    | BL.bot.SwT:runTradingAlgorithm:2271 - Unlocking WAXP-USDT.
2021-08-06 02:50:57.068 | DEBUG    | BL.bot.SwT:runTradingAlgorithm:2170 - Locking USDC-BTC.
2021-08-06 02:50:57.074 | DEBUG    | BL.bot.SwT:runTradingAlgorithm:2271 - Unlocking USDC-BTC.
2021-08-06 02:51:23.480 | DEBUG    | BL.bot.SwT:runTradingAlgorithm:2170 - Locking TRX-USDT.
2021-08-06 02:51:23.485 | DEBUG    | BL.bot.SwT:runTradingAlgorithm:2271 - Unlocking TRX-USDT.
2021-08-06 02:51:31.685 | DEBUG    | BL.bot.SwT:runTradingAlgorithm:2170 - Locking MATIC-BTC.
2021-08-06 02:51:31.692 | DEBUG    | BL.bot.SwT:runTradingAlgorithm:2271 - Unlocking MATIC-BTC.
2021-08-06 02:51:32.632 | DEBUG    | BL.bot.SwT:runTradingAlgorithm:2170 - Locking ADA-BTC.
2021-08-06 02:51:32.638 | DEBUG    | BL.bot.SwT:runTradingAlgorithm:2271 - Unlocking ADA-BTC.
2021-08-06 02:51:39.765 | DEBUG    | BL.bot.SwT:runTradingAlgorithm:2170 - Locking TUSD-BTC.
2021-08-06 02:51:39.771 | DEBUG    | BL.bot.SwT:runTradingAlgorithm:2271 - Unlocking TUSD-BTC.
2021-08-06 02:52:21.797 | DEBUG    | BL.bot.SwT:runTradingAlgorithm:2170 - Locking TUSD-BTC.
2021-08-06 02:52:21.803 | DEBUG    | BL.bot.SwT:runTradingAlgorithm:2271 - Unlocking TUSD-BTC.
2021-08-06 02:52:22.947 | DEBUG    | BL.bot.SwT:runTradingAlgorithm:2170 - Locking ZRX-USDT.
2021-08-06 02:52:22.952 | DEBUG    | BL.bot.SwT:runTradingAlgorithm:2271 - Unlocking ZRX-USDT.
2021-08-06 02:52:23.962 | DEBUG    | BL.bot.SwT:runTradingAlgorithm:2170 - Locking IOTA-BTC.
2021-08-06 02:52:23.968 | DEBUG    | BL.bot.SwT:runTradingAlgorithm:2271 - Unlocking IOTA-BTC.
2021-08-06 02:52:24.706 | DEBUG    | BL.bot.SwT:runTradingAlgorithm:2170 - Locking IOTA-BTC.
2021-08-06 02:52:24.713 | DEBUG    | BL.bot.SwT:runTradingAlgorithm:2271 - Unlocking IOTA-BTC.
